#
# There is insufficient memory for the Java Runtime Environment to continue.
# Native memory allocation (mmap) failed to map 65536 bytes for Failed to commit metaspace.
# Possible reasons:
#   The system is out of physical RAM or swap space
#   The process is running with CompressedOops enabled, and the Java Heap may be blocking the growth of the native heap
# Possible solutions:
#   Reduce memory load on the system
#   Increase physical memory or swap space
#   Check if swap backing store is full
#   Decrease Java heap size (-Xmx/-Xms)
#   Decrease number of Java threads
#   Decrease Java thread stack sizes (-Xss)
#   Set larger code cache with -XX:ReservedCodeCacheSize=
#   JVM is running with Zero Based Compressed Oops mode in which the Java heap is
#     placed in the first 32GB address space. The Java Heap base address is the
#     maximum limit for the native heap growth. Please use -XX:HeapBaseMinAddress
#     to set the Java Heap base and to place the Java Heap above 32GB virtual address.
# This output file may be truncated or incomplete.
#
#  Out of Memory Error (virtualSpaceNode.cpp:112), pid=12948, tid=17804
#
# JRE version: Java(TM) SE Runtime Environment (21.0.2+13) (build 21.0.2+13-LTS-58)
# Java VM: Java HotSpot(TM) 64-Bit Server VM (21.0.2+13-LTS-58, mixed mode, sharing, tiered, compressed oops, compressed class ptrs, g1 gc, windows-amd64)
# No core dump will be written. Minidumps are not enabled by default on client versions of Windows
#

---------------  S U M M A R Y ------------

Command Line: -Dfile.encoding=UTF-8 --module-path=C:\Users\Sandy\Documents\NetBeansProjects\Bank Management system\build\classes bank.management.system.SignupTwo

Host: Intel(R) Core(TM) i5-6500 CPU @ 3.20GHz, 4 cores, 15G,  Windows 10 , 64 bit Build 19041 (10.0.19041.3636)
Time: Mon Mar 25 16:26:17 2024 India Standard Time elapsed time: 0.185965 seconds (0d 0h 0m 0s)

---------------  T H R E A D  ---------------

Current thread (0x0000025bf2bbd950):  JavaThread "main"             [_thread_in_vm, id=17804, stack(0x000000ef01100000,0x000000ef01200000) (1024K)]

Stack: [0x000000ef01100000,0x000000ef01200000]
Native frames: (J=compiled Java code, j=interpreted, Vv=VM code, C=native code)
V  [jvm.dll+0x6cade9]
V  [jvm.dll+0x8569c1]
V  [jvm.dll+0x858d2e]
V  [jvm.dll+0x859413]
V  [jvm.dll+0x280e56]
V  [jvm.dll+0x8526ee]
V  [jvm.dll+0x66e705]
V  [jvm.dll+0x66e76a]
V  [jvm.dll+0x670f96]
V  [jvm.dll+0x670e62]
V  [jvm.dll+0x66f0de]
V  [jvm.dll+0x26b47f]
V  [jvm.dll+0x679305]
V  [jvm.dll+0x217b73]
V  [jvm.dll+0x2180b5]
V  [jvm.dll+0x218ad1]
V  [jvm.dll+0x20dd9e]
V  [jvm.dll+0x5ad3dc]
V  [jvm.dll+0x21f76a]
V  [jvm.dll+0x7cec21]
V  [jvm.dll+0x7cfc85]
V  [jvm.dll+0x7d022f]
V  [jvm.dll+0x7cfed8]
V  [jvm.dll+0x46f599]
V  [jvm.dll+0x442496]
C  [awt.dll+0xda478]

Java frames: (J=compiled Java code, j=interpreted, Vv=VM code)
j  sun.awt.Win32GraphicsConfig.getBounds(I)Ljava/awt/Rectangle;+0 java.desktop@21.0.2
j  sun.awt.Win32GraphicsConfig.getBounds()Ljava/awt/Rectangle;+8 java.desktop@21.0.2
j  java.awt.Window.init(Ljava/awt/GraphicsConfiguration;)V+81 java.desktop@21.0.2
j  java.awt.Window.<init>()V+114 java.desktop@21.0.2
j  java.awt.Frame.<init>(Ljava/lang/String;)V+1 java.desktop@21.0.2
j  java.awt.Frame.<init>()V+3 java.desktop@21.0.2
j  javax.swing.JFrame.<init>()V+1 java.desktop@21.0.2
j  bank.management.system.SignupTwo.<init>()V+1
j  bank.management.system.SignupTwo.main([Ljava/lang/String;)V+4
v  ~StubRoutines::call_stub 0x0000025b8753100d

---------------  P R O C E S S  ---------------

Threads class SMR info:
_java_thread_list=0x0000025bda3dbbf0, length=14, elements={
0x0000025bf2bbd950, 0x0000025bfe72b840, 0x0000025bfe72c760, 0x0000025bfe7303f0,
0x0000025bfe7331c0, 0x0000025bfe733c20, 0x0000025bfe736690, 0x0000025bfe73f430,
0x0000025bfe7457e0, 0x0000025bda178520, 0x0000025bda274ad0, 0x0000025bda3e9370,
0x0000025bda3ee4b0, 0x0000025bda3f15e0
}

Java Threads: ( => current thread )
=>0x0000025bf2bbd950 JavaThread "main"                              [_thread_in_vm, id=17804, stack(0x000000ef01100000,0x000000ef01200000) (1024K)]
  0x0000025bfe72b840 JavaThread "Reference Handler"          daemon [_thread_blocked, id=13880, stack(0x000000ef01900000,0x000000ef01a00000) (1024K)]
  0x0000025bfe72c760 JavaThread "Finalizer"                  daemon [_thread_blocked, id=6692, stack(0x000000ef01a00000,0x000000ef01b00000) (1024K)]
  0x0000025bfe7303f0 JavaThread "Signal Dispatcher"          daemon [_thread_blocked, id=9792, stack(0x000000ef01b00000,0x000000ef01c00000) (1024K)]
  0x0000025bfe7331c0 JavaThread "Attach Listener"            daemon [_thread_blocked, id=16508, stack(0x000000ef01c00000,0x000000ef01d00000) (1024K)]
  0x0000025bfe733c20 JavaThread "Service Thread"             daemon [_thread_blocked, id=19212, stack(0x000000ef01d00000,0x000000ef01e00000) (1024K)]
  0x0000025bfe736690 JavaThread "Monitor Deflation Thread"   daemon [_thread_blocked, id=14924, stack(0x000000ef01e00000,0x000000ef01f00000) (1024K)]
  0x0000025bfe73f430 JavaThread "C2 CompilerThread0"         daemon [_thread_blocked, id=17880, stack(0x000000ef01f00000,0x000000ef02000000) (1024K)]
  0x0000025bfe7457e0 JavaThread "C1 CompilerThread0"         daemon [_thread_blocked, id=720, stack(0x000000ef02000000,0x000000ef02100000) (1024K)]
  0x0000025bda178520 JavaThread "Common-Cleaner"             daemon [_thread_blocked, id=12332, stack(0x000000ef02100000,0x000000ef02200000) (1024K)]
  0x0000025bda274ad0 JavaThread "Notification Thread"        daemon [_thread_blocked, id=18596, stack(0x000000ef02200000,0x000000ef02300000) (1024K)]
  0x0000025bda3e9370 JavaThread "Java2D Disposer"            daemon [_thread_blocked, id=9936, stack(0x000000ef02300000,0x000000ef02400000) (1024K)]
  0x0000025bda3ee4b0 JavaThread "AWT-Shutdown"                      [_thread_blocked, id=16980, stack(0x000000ef02400000,0x000000ef02500000) (1024K)]
  0x0000025bda3f15e0 JavaThread "AWT-Windows"                daemon [_thread_in_native, id=18304, stack(0x000000ef02500000,0x000000ef02600000) (1024K)]
Total: 14

Other Threads:
  0x0000025bfe708de0 VMThread "VM Thread"                           [id=18724, stack(0x000000ef01800000,0x000000ef01900000) (1024K)]
  0x0000025bfe6f2d20 WatcherThread "VM Periodic Task Thread"        [id=17940, stack(0x000000ef01700000,0x000000ef01800000) (1024K)]
  0x0000025bf4e4b240 WorkerThread "GC Thread#0"                     [id=18476, stack(0x000000ef01200000,0x000000ef01300000) (1024K)]
  0x0000025bf4e5d940 ConcurrentGCThread "G1 Main Marker"            [id=10180, stack(0x000000ef01300000,0x000000ef01400000) (1024K)]
  0x0000025bf4e5e350 WorkerThread "G1 Conc#0"                       [id=19716, stack(0x000000ef01400000,0x000000ef01500000) (1024K)]
  0x0000025bf4ebe1d0 ConcurrentGCThread "G1 Refine#0"               [id=5648, stack(0x000000ef01500000,0x000000ef01600000) (1024K)]
  0x0000025bfe5b80f0 ConcurrentGCThread "G1 Service"                [id=3632, stack(0x000000ef01600000,0x000000ef01700000) (1024K)]
Total: 7

Threads with active compile tasks:
Total: 0

VM state: not at safepoint (normal execution)

VM Mutex/Monitor currently owned by a thread:  ([mutex/lock_event])
[0x00007ffd651bace8] Metaspace_lock - owner thread: 0x0000025bf2bbd950

Heap address: 0x0000000701c00000, size: 4068 MB, Compressed Oops mode: Zero based, Oop shift amount: 3

CDS archive(s) mapped at: [0x0000025b95000000-0x0000025b95c90000-0x0000025b95c90000), size 13172736, SharedBaseAddress: 0x0000025b95000000, ArchiveRelocationMode: 1.
Compressed class space mapped at: 0x0000025b96000000-0x0000025bd6000000, reserved size: 1073741824
Narrow klass base: 0x0000025b95000000, Narrow klass shift: 0, Narrow klass range: 0x100000000

GC Precious Log:
 CardTable entry size: 512
 Card Set container configuration: InlinePtr #cards 4 size 8 Array Of Cards #cards 16 size 48 Howl #buckets 8 coarsen threshold 3686 Howl Bitmap #cards 512 size 80 coarsen threshold 460 Card regions per heap region 1 cards per card region 4096
 CPUs: 4 total, 4 available
 Memory: 16267M
 Large Page Support: Disabled
 NUMA Support: Disabled
 Compressed Oops: Enabled (Zero based)
 Heap Region Size: 2M
 Heap Min Capacity: 8M
 Heap Initial Capacity: 256M
 Heap Max Capacity: 4068M
 Pre-touch: Disabled
 Parallel Workers: 4
 Concurrent Workers: 1
 Concurrent Refinement Workers: 4
 Periodic GC: Disabled

Heap:
 garbage-first heap   total 262144K, used 2048K [0x0000000701c00000, 0x0000000800000000)
  region size 2048K, 2 young (4096K), 0 survivors (0K)
 Metaspace       used 2984K, committed 3136K, reserved 1114112K
  class space    used 299K, committed 384K, reserved 1048576K

Heap Regions: E=young(eden), S=young(survivor), O=old, HS=humongous(starts), HC=humongous(continues), CS=collection set, F=free, TAMS=top-at-mark-start, PB=parsable bottom
|   0|0x0000000701c00000, 0x0000000701c00000, 0x0000000701e00000|  0%| F|  |TAMS 0x0000000701c00000| PB 0x0000000701c00000| Untracked 
|   1|0x0000000701e00000, 0x0000000701e00000, 0x0000000702000000|  0%| F|  |TAMS 0x0000000701e00000| PB 0x0000000701e00000| Untracked 
|   2|0x0000000702000000, 0x0000000702000000, 0x0000000702200000|  0%| F|  |TAMS 0x0000000702000000| PB 0x0000000702000000| Untracked 
|   3|0x0000000702200000, 0x0000000702200000, 0x0000000702400000|  0%| F|  |TAMS 0x0000000702200000| PB 0x0000000702200000| Untracked 
|   4|0x0000000702400000, 0x0000000702400000, 0x0000000702600000|  0%| F|  |TAMS 0x0000000702400000| PB 0x0000000702400000| Untracked 
|   5|0x0000000702600000, 0x0000000702600000, 0x0000000702800000|  0%| F|  |TAMS 0x0000000702600000| PB 0x0000000702600000| Untracked 
|   6|0x0000000702800000, 0x0000000702800000, 0x0000000702a00000|  0%| F|  |TAMS 0x0000000702800000| PB 0x0000000702800000| Untracked 
|   7|0x0000000702a00000, 0x0000000702a00000, 0x0000000702c00000|  0%| F|  |TAMS 0x0000000702a00000| PB 0x0000000702a00000| Untracked 
|   8|0x0000000702c00000, 0x0000000702c00000, 0x0000000702e00000|  0%| F|  |TAMS 0x0000000702c00000| PB 0x0000000702c00000| Untracked 
|   9|0x0000000702e00000, 0x0000000702e00000, 0x0000000703000000|  0%| F|  |TAMS 0x0000000702e00000| PB 0x0000000702e00000| Untracked 
|  10|0x0000000703000000, 0x0000000703000000, 0x0000000703200000|  0%| F|  |TAMS 0x0000000703000000| PB 0x0000000703000000| Untracked 
|  11|0x0000000703200000, 0x0000000703200000, 0x0000000703400000|  0%| F|  |TAMS 0x0000000703200000| PB 0x0000000703200000| Untracked 
|  12|0x0000000703400000, 0x0000000703400000, 0x0000000703600000|  0%| F|  |TAMS 0x0000000703400000| PB 0x0000000703400000| Untracked 
|  13|0x0000000703600000, 0x0000000703600000, 0x0000000703800000|  0%| F|  |TAMS 0x0000000703600000| PB 0x0000000703600000| Untracked 
|  14|0x0000000703800000, 0x0000000703800000, 0x0000000703a00000|  0%| F|  |TAMS 0x0000000703800000| PB 0x0000000703800000| Untracked 
|  15|0x0000000703a00000, 0x0000000703a00000, 0x0000000703c00000|  0%| F|  |TAMS 0x0000000703a00000| PB 0x0000000703a00000| Untracked 
|  16|0x0000000703c00000, 0x0000000703c00000, 0x0000000703e00000|  0%| F|  |TAMS 0x0000000703c00000| PB 0x0000000703c00000| Untracked 
|  17|0x0000000703e00000, 0x0000000703e00000, 0x0000000704000000|  0%| F|  |TAMS 0x0000000703e00000| PB 0x0000000703e00000| Untracked 
|  18|0x0000000704000000, 0x0000000704000000, 0x0000000704200000|  0%| F|  |TAMS 0x0000000704000000| PB 0x0000000704000000| Untracked 
|  19|0x0000000704200000, 0x0000000704200000, 0x0000000704400000|  0%| F|  |TAMS 0x0000000704200000| PB 0x0000000704200000| Untracked 
|  20|0x0000000704400000, 0x0000000704400000, 0x0000000704600000|  0%| F|  |TAMS 0x0000000704400000| PB 0x0000000704400000| Untracked 
|  21|0x0000000704600000, 0x0000000704600000, 0x0000000704800000|  0%| F|  |TAMS 0x0000000704600000| PB 0x0000000704600000| Untracked 
|  22|0x0000000704800000, 0x0000000704800000, 0x0000000704a00000|  0%| F|  |TAMS 0x0000000704800000| PB 0x0000000704800000| Untracked 
|  23|0x0000000704a00000, 0x0000000704a00000, 0x0000000704c00000|  0%| F|  |TAMS 0x0000000704a00000| PB 0x0000000704a00000| Untracked 
|  24|0x0000000704c00000, 0x0000000704c00000, 0x0000000704e00000|  0%| F|  |TAMS 0x0000000704c00000| PB 0x0000000704c00000| Untracked 
|  25|0x0000000704e00000, 0x0000000704e00000, 0x0000000705000000|  0%| F|  |TAMS 0x0000000704e00000| PB 0x0000000704e00000| Untracked 
|  26|0x0000000705000000, 0x0000000705000000, 0x0000000705200000|  0%| F|  |TAMS 0x0000000705000000| PB 0x0000000705000000| Untracked 
|  27|0x0000000705200000, 0x0000000705200000, 0x0000000705400000|  0%| F|  |TAMS 0x0000000705200000| PB 0x0000000705200000| Untracked 
|  28|0x0000000705400000, 0x0000000705400000, 0x0000000705600000|  0%| F|  |TAMS 0x0000000705400000| PB 0x0000000705400000| Untracked 
|  29|0x0000000705600000, 0x0000000705600000, 0x0000000705800000|  0%| F|  |TAMS 0x0000000705600000| PB 0x0000000705600000| Untracked 
|  30|0x0000000705800000, 0x0000000705800000, 0x0000000705a00000|  0%| F|  |TAMS 0x0000000705800000| PB 0x0000000705800000| Untracked 
|  31|0x0000000705a00000, 0x0000000705a00000, 0x0000000705c00000|  0%| F|  |TAMS 0x0000000705a00000| PB 0x0000000705a00000| Untracked 
|  32|0x0000000705c00000, 0x0000000705c00000, 0x0000000705e00000|  0%| F|  |TAMS 0x0000000705c00000| PB 0x0000000705c00000| Untracked 
|  33|0x0000000705e00000, 0x0000000705e00000, 0x0000000706000000|  0%| F|  |TAMS 0x0000000705e00000| PB 0x0000000705e00000| Untracked 
|  34|0x0000000706000000, 0x0000000706000000, 0x0000000706200000|  0%| F|  |TAMS 0x0000000706000000| PB 0x0000000706000000| Untracked 
|  35|0x0000000706200000, 0x0000000706200000, 0x0000000706400000|  0%| F|  |TAMS 0x0000000706200000| PB 0x0000000706200000| Untracked 
|  36|0x0000000706400000, 0x0000000706400000, 0x0000000706600000|  0%| F|  |TAMS 0x0000000706400000| PB 0x0000000706400000| Untracked 
|  37|0x0000000706600000, 0x0000000706600000, 0x0000000706800000|  0%| F|  |TAMS 0x0000000706600000| PB 0x0000000706600000| Untracked 
|  38|0x0000000706800000, 0x0000000706800000, 0x0000000706a00000|  0%| F|  |TAMS 0x0000000706800000| PB 0x0000000706800000| Untracked 
|  39|0x0000000706a00000, 0x0000000706a00000, 0x0000000706c00000|  0%| F|  |TAMS 0x0000000706a00000| PB 0x0000000706a00000| Untracked 
|  40|0x0000000706c00000, 0x0000000706c00000, 0x0000000706e00000|  0%| F|  |TAMS 0x0000000706c00000| PB 0x0000000706c00000| Untracked 
|  41|0x0000000706e00000, 0x0000000706e00000, 0x0000000707000000|  0%| F|  |TAMS 0x0000000706e00000| PB 0x0000000706e00000| Untracked 
|  42|0x0000000707000000, 0x0000000707000000, 0x0000000707200000|  0%| F|  |TAMS 0x0000000707000000| PB 0x0000000707000000| Untracked 
|  43|0x0000000707200000, 0x0000000707200000, 0x0000000707400000|  0%| F|  |TAMS 0x0000000707200000| PB 0x0000000707200000| Untracked 
|  44|0x0000000707400000, 0x0000000707400000, 0x0000000707600000|  0%| F|  |TAMS 0x0000000707400000| PB 0x0000000707400000| Untracked 
|  45|0x0000000707600000, 0x0000000707600000, 0x0000000707800000|  0%| F|  |TAMS 0x0000000707600000| PB 0x0000000707600000| Untracked 
|  46|0x0000000707800000, 0x0000000707800000, 0x0000000707a00000|  0%| F|  |TAMS 0x0000000707800000| PB 0x0000000707800000| Untracked 
|  47|0x0000000707a00000, 0x0000000707a00000, 0x0000000707c00000|  0%| F|  |TAMS 0x0000000707a00000| PB 0x0000000707a00000| Untracked 
|  48|0x0000000707c00000, 0x0000000707c00000, 0x0000000707e00000|  0%| F|  |TAMS 0x0000000707c00000| PB 0x0000000707c00000| Untracked 
|  49|0x0000000707e00000, 0x0000000707e00000, 0x0000000708000000|  0%| F|  |TAMS 0x0000000707e00000| PB 0x0000000707e00000| Untracked 
|  50|0x0000000708000000, 0x0000000708000000, 0x0000000708200000|  0%| F|  |TAMS 0x0000000708000000| PB 0x0000000708000000| Untracked 
|  51|0x0000000708200000, 0x0000000708200000, 0x0000000708400000|  0%| F|  |TAMS 0x0000000708200000| PB 0x0000000708200000| Untracked 
|  52|0x0000000708400000, 0x0000000708400000, 0x0000000708600000|  0%| F|  |TAMS 0x0000000708400000| PB 0x0000000708400000| Untracked 
|  53|0x0000000708600000, 0x0000000708600000, 0x0000000708800000|  0%| F|  |TAMS 0x0000000708600000| PB 0x0000000708600000| Untracked 
|  54|0x0000000708800000, 0x0000000708800000, 0x0000000708a00000|  0%| F|  |TAMS 0x0000000708800000| PB 0x0000000708800000| Untracked 
|  55|0x0000000708a00000, 0x0000000708a00000, 0x0000000708c00000|  0%| F|  |TAMS 0x0000000708a00000| PB 0x0000000708a00000| Untracked 
|  56|0x0000000708c00000, 0x0000000708c00000, 0x0000000708e00000|  0%| F|  |TAMS 0x0000000708c00000| PB 0x0000000708c00000| Untracked 
|  57|0x0000000708e00000, 0x0000000708e00000, 0x0000000709000000|  0%| F|  |TAMS 0x0000000708e00000| PB 0x0000000708e00000| Untracked 
|  58|0x0000000709000000, 0x0000000709000000, 0x0000000709200000|  0%| F|  |TAMS 0x0000000709000000| PB 0x0000000709000000| Untracked 
|  59|0x0000000709200000, 0x0000000709200000, 0x0000000709400000|  0%| F|  |TAMS 0x0000000709200000| PB 0x0000000709200000| Untracked 
|  60|0x0000000709400000, 0x0000000709400000, 0x0000000709600000|  0%| F|  |TAMS 0x0000000709400000| PB 0x0000000709400000| Untracked 
|  61|0x0000000709600000, 0x0000000709600000, 0x0000000709800000|  0%| F|  |TAMS 0x0000000709600000| PB 0x0000000709600000| Untracked 
|  62|0x0000000709800000, 0x0000000709800000, 0x0000000709a00000|  0%| F|  |TAMS 0x0000000709800000| PB 0x0000000709800000| Untracked 
|  63|0x0000000709a00000, 0x0000000709a00000, 0x0000000709c00000|  0%| F|  |TAMS 0x0000000709a00000| PB 0x0000000709a00000| Untracked 
|  64|0x0000000709c00000, 0x0000000709c00000, 0x0000000709e00000|  0%| F|  |TAMS 0x0000000709c00000| PB 0x0000000709c00000| Untracked 
|  65|0x0000000709e00000, 0x0000000709e00000, 0x000000070a000000|  0%| F|  |TAMS 0x0000000709e00000| PB 0x0000000709e00000| Untracked 
|  66|0x000000070a000000, 0x000000070a000000, 0x000000070a200000|  0%| F|  |TAMS 0x000000070a000000| PB 0x000000070a000000| Untracked 
|  67|0x000000070a200000, 0x000000070a200000, 0x000000070a400000|  0%| F|  |TAMS 0x000000070a200000| PB 0x000000070a200000| Untracked 
|  68|0x000000070a400000, 0x000000070a400000, 0x000000070a600000|  0%| F|  |TAMS 0x000000070a400000| PB 0x000000070a400000| Untracked 
|  69|0x000000070a600000, 0x000000070a600000, 0x000000070a800000|  0%| F|  |TAMS 0x000000070a600000| PB 0x000000070a600000| Untracked 
|  70|0x000000070a800000, 0x000000070a800000, 0x000000070aa00000|  0%| F|  |TAMS 0x000000070a800000| PB 0x000000070a800000| Untracked 
|  71|0x000000070aa00000, 0x000000070aa00000, 0x000000070ac00000|  0%| F|  |TAMS 0x000000070aa00000| PB 0x000000070aa00000| Untracked 
|  72|0x000000070ac00000, 0x000000070ac00000, 0x000000070ae00000|  0%| F|  |TAMS 0x000000070ac00000| PB 0x000000070ac00000| Untracked 
|  73|0x000000070ae00000, 0x000000070ae00000, 0x000000070b000000|  0%| F|  |TAMS 0x000000070ae00000| PB 0x000000070ae00000| Untracked 
|  74|0x000000070b000000, 0x000000070b000000, 0x000000070b200000|  0%| F|  |TAMS 0x000000070b000000| PB 0x000000070b000000| Untracked 
|  75|0x000000070b200000, 0x000000070b200000, 0x000000070b400000|  0%| F|  |TAMS 0x000000070b200000| PB 0x000000070b200000| Untracked 
|  76|0x000000070b400000, 0x000000070b400000, 0x000000070b600000|  0%| F|  |TAMS 0x000000070b400000| PB 0x000000070b400000| Untracked 
|  77|0x000000070b600000, 0x000000070b600000, 0x000000070b800000|  0%| F|  |TAMS 0x000000070b600000| PB 0x000000070b600000| Untracked 
|  78|0x000000070b800000, 0x000000070b800000, 0x000000070ba00000|  0%| F|  |TAMS 0x000000070b800000| PB 0x000000070b800000| Untracked 
|  79|0x000000070ba00000, 0x000000070ba00000, 0x000000070bc00000|  0%| F|  |TAMS 0x000000070ba00000| PB 0x000000070ba00000| Untracked 
|  80|0x000000070bc00000, 0x000000070bc00000, 0x000000070be00000|  0%| F|  |TAMS 0x000000070bc00000| PB 0x000000070bc00000| Untracked 
|  81|0x000000070be00000, 0x000000070be00000, 0x000000070c000000|  0%| F|  |TAMS 0x000000070be00000| PB 0x000000070be00000| Untracked 
|  82|0x000000070c000000, 0x000000070c000000, 0x000000070c200000|  0%| F|  |TAMS 0x000000070c000000| PB 0x000000070c000000| Untracked 
|  83|0x000000070c200000, 0x000000070c200000, 0x000000070c400000|  0%| F|  |TAMS 0x000000070c200000| PB 0x000000070c200000| Untracked 
|  84|0x000000070c400000, 0x000000070c400000, 0x000000070c600000|  0%| F|  |TAMS 0x000000070c400000| PB 0x000000070c400000| Untracked 
|  85|0x000000070c600000, 0x000000070c600000, 0x000000070c800000|  0%| F|  |TAMS 0x000000070c600000| PB 0x000000070c600000| Untracked 
|  86|0x000000070c800000, 0x000000070c800000, 0x000000070ca00000|  0%| F|  |TAMS 0x000000070c800000| PB 0x000000070c800000| Untracked 
|  87|0x000000070ca00000, 0x000000070ca00000, 0x000000070cc00000|  0%| F|  |TAMS 0x000000070ca00000| PB 0x000000070ca00000| Untracked 
|  88|0x000000070cc00000, 0x000000070cc00000, 0x000000070ce00000|  0%| F|  |TAMS 0x000000070cc00000| PB 0x000000070cc00000| Untracked 
|  89|0x000000070ce00000, 0x000000070ce00000, 0x000000070d000000|  0%| F|  |TAMS 0x000000070ce00000| PB 0x000000070ce00000| Untracked 
|  90|0x000000070d000000, 0x000000070d000000, 0x000000070d200000|  0%| F|  |TAMS 0x000000070d000000| PB 0x000000070d000000| Untracked 
|  91|0x000000070d200000, 0x000000070d200000, 0x000000070d400000|  0%| F|  |TAMS 0x000000070d200000| PB 0x000000070d200000| Untracked 
|  92|0x000000070d400000, 0x000000070d400000, 0x000000070d600000|  0%| F|  |TAMS 0x000000070d400000| PB 0x000000070d400000| Untracked 
|  93|0x000000070d600000, 0x000000070d600000, 0x000000070d800000|  0%| F|  |TAMS 0x000000070d600000| PB 0x000000070d600000| Untracked 
|  94|0x000000070d800000, 0x000000070d800000, 0x000000070da00000|  0%| F|  |TAMS 0x000000070d800000| PB 0x000000070d800000| Untracked 
|  95|0x000000070da00000, 0x000000070da00000, 0x000000070dc00000|  0%| F|  |TAMS 0x000000070da00000| PB 0x000000070da00000| Untracked 
|  96|0x000000070dc00000, 0x000000070dc00000, 0x000000070de00000|  0%| F|  |TAMS 0x000000070dc00000| PB 0x000000070dc00000| Untracked 
|  97|0x000000070de00000, 0x000000070de00000, 0x000000070e000000|  0%| F|  |TAMS 0x000000070de00000| PB 0x000000070de00000| Untracked 
|  98|0x000000070e000000, 0x000000070e000000, 0x000000070e200000|  0%| F|  |TAMS 0x000000070e000000| PB 0x000000070e000000| Untracked 
|  99|0x000000070e200000, 0x000000070e200000, 0x000000070e400000|  0%| F|  |TAMS 0x000000070e200000| PB 0x000000070e200000| Untracked 
| 100|0x000000070e400000, 0x000000070e400000, 0x000000070e600000|  0%| F|  |TAMS 0x000000070e400000| PB 0x000000070e400000| Untracked 
| 101|0x000000070e600000, 0x000000070e600000, 0x000000070e800000|  0%| F|  |TAMS 0x000000070e600000| PB 0x000000070e600000| Untracked 
| 102|0x000000070e800000, 0x000000070e800000, 0x000000070ea00000|  0%| F|  |TAMS 0x000000070e800000| PB 0x000000070e800000| Untracked 
| 103|0x000000070ea00000, 0x000000070ea00000, 0x000000070ec00000|  0%| F|  |TAMS 0x000000070ea00000| PB 0x000000070ea00000| Untracked 
| 104|0x000000070ec00000, 0x000000070ec00000, 0x000000070ee00000|  0%| F|  |TAMS 0x000000070ec00000| PB 0x000000070ec00000| Untracked 
| 105|0x000000070ee00000, 0x000000070ee00000, 0x000000070f000000|  0%| F|  |TAMS 0x000000070ee00000| PB 0x000000070ee00000| Untracked 
| 106|0x000000070f000000, 0x000000070f000000, 0x000000070f200000|  0%| F|  |TAMS 0x000000070f000000| PB 0x000000070f000000| Untracked 
| 107|0x000000070f200000, 0x000000070f200000, 0x000000070f400000|  0%| F|  |TAMS 0x000000070f200000| PB 0x000000070f200000| Untracked 
| 108|0x000000070f400000, 0x000000070f400000, 0x000000070f600000|  0%| F|  |TAMS 0x000000070f400000| PB 0x000000070f400000| Untracked 
| 109|0x000000070f600000, 0x000000070f600000, 0x000000070f800000|  0%| F|  |TAMS 0x000000070f600000| PB 0x000000070f600000| Untracked 
| 110|0x000000070f800000, 0x000000070f800000, 0x000000070fa00000|  0%| F|  |TAMS 0x000000070f800000| PB 0x000000070f800000| Untracked 
| 111|0x000000070fa00000, 0x000000070fa00000, 0x000000070fc00000|  0%| F|  |TAMS 0x000000070fa00000| PB 0x000000070fa00000| Untracked 
| 112|0x000000070fc00000, 0x000000070fc00000, 0x000000070fe00000|  0%| F|  |TAMS 0x000000070fc00000| PB 0x000000070fc00000| Untracked 
| 113|0x000000070fe00000, 0x000000070fe00000, 0x0000000710000000|  0%| F|  |TAMS 0x000000070fe00000| PB 0x000000070fe00000| Untracked 
| 114|0x0000000710000000, 0x0000000710000000, 0x0000000710200000|  0%| F|  |TAMS 0x0000000710000000| PB 0x0000000710000000| Untracked 
| 115|0x0000000710200000, 0x0000000710200000, 0x0000000710400000|  0%| F|  |TAMS 0x0000000710200000| PB 0x0000000710200000| Untracked 
| 116|0x0000000710400000, 0x0000000710400000, 0x0000000710600000|  0%| F|  |TAMS 0x0000000710400000| PB 0x0000000710400000| Untracked 
| 117|0x0000000710600000, 0x0000000710600000, 0x0000000710800000|  0%| F|  |TAMS 0x0000000710600000| PB 0x0000000710600000| Untracked 
| 118|0x0000000710800000, 0x0000000710800000, 0x0000000710a00000|  0%| F|  |TAMS 0x0000000710800000| PB 0x0000000710800000| Untracked 
| 119|0x0000000710a00000, 0x0000000710a00000, 0x0000000710c00000|  0%| F|  |TAMS 0x0000000710a00000| PB 0x0000000710a00000| Untracked 
| 120|0x0000000710c00000, 0x0000000710c00000, 0x0000000710e00000|  0%| F|  |TAMS 0x0000000710c00000| PB 0x0000000710c00000| Untracked 
| 121|0x0000000710e00000, 0x0000000710e00000, 0x0000000711000000|  0%| F|  |TAMS 0x0000000710e00000| PB 0x0000000710e00000| Untracked 
| 122|0x0000000711000000, 0x0000000711000000, 0x0000000711200000|  0%| F|  |TAMS 0x0000000711000000| PB 0x0000000711000000| Untracked 
| 123|0x0000000711200000, 0x0000000711200000, 0x0000000711400000|  0%| F|  |TAMS 0x0000000711200000| PB 0x0000000711200000| Untracked 
| 124|0x0000000711400000, 0x0000000711400000, 0x0000000711600000|  0%| F|  |TAMS 0x0000000711400000| PB 0x0000000711400000| Untracked 
| 125|0x0000000711600000, 0x0000000711600000, 0x0000000711800000|  0%| F|  |TAMS 0x0000000711600000| PB 0x0000000711600000| Untracked 
| 126|0x0000000711800000, 0x0000000711a00000, 0x0000000711a00000|100%| E|  |TAMS 0x0000000711800000| PB 0x0000000711800000| Complete 
| 127|0x0000000711a00000, 0x0000000711c00000, 0x0000000711c00000|100%| E|CS|TAMS 0x0000000711a00000| PB 0x0000000711a00000| Complete 

Card table byte_map: [0x0000025bfda60000,0x0000025bfe260000] _byte_map_base: 0x0000025bfa252000

Marking Bits: (CMBitMap*) 0x0000025bf4e4c860
 Bits: [0x0000025b8f000000, 0x0000025b92f90000)

Polling page: 0x0000025bf2dc0000

Metaspace:

Usage:
  Non-class:      2.62 MB used.
      Class:    299.73 KB used.
       Both:      2.91 MB used.

Virtual space:
  Non-class space:       64.00 MB reserved,       2.69 MB (  4%) committed,  1 nodes.
      Class space:        1.00 GB reserved,     384.00 KB ( <1%) committed,  1 nodes.
             Both:        1.06 GB reserved,       3.06 MB ( <1%) committed. 

Chunk freelists:
   Non-Class:  11.91 MB
       Class:  15.57 MB
        Both:  27.49 MB

MaxMetaspaceSize: unlimited
CompressedClassSpaceSize: 1.00 GB
Initial GC threshold: 21.00 MB
Current GC threshold: 21.00 MB
CDS: on
 - commit_granule_bytes: 65536.
 - commit_granule_words: 8192.
 - virtual_space_node_default_size: 8388608.
 - enlarge_chunks_in_place: 1.
 - use_allocation_guard: 0.


Internal statistics:

num_allocs_failed_limit: 0.
num_arena_births: 90.
num_arena_deaths: 0.
num_vsnodes_births: 2.
num_vsnodes_deaths: 0.
num_space_committed: 49.
num_space_uncommitted: 0.
num_chunks_returned_to_freelist: 0.
num_chunks_taken_from_freelist: 109.
num_chunk_merges: 0.
num_chunk_splits: 65.
num_chunks_enlarged: 23.
num_inconsistent_stats: 0.

CodeHeap 'non-profiled nmethods': size=120000Kb used=135Kb max_used=135Kb free=119864Kb
 bounds [0x0000025b87ad0000, 0x0000025b87d40000, 0x0000025b8f000000]
CodeHeap 'profiled nmethods': size=120000Kb used=523Kb max_used=523Kb free=119476Kb
 bounds [0x0000025b80000000, 0x0000025b80270000, 0x0000025b87530000]
CodeHeap 'non-nmethods': size=5760Kb used=1381Kb max_used=1394Kb free=4378Kb
 bounds [0x0000025b87530000, 0x0000025b877a0000, 0x0000025b87ad0000]
 total_blobs=883 nmethods=401 adapters=387
 compilation: enabled
              stopped_count=0, restarted_count=0
 full_count=0

Compilation events (20 events):
Event: 0.174 Thread 0x0000025bfe7457e0  388       3       java.lang.invoke.MemberName::init (53 bytes)
Event: 0.174 Thread 0x0000025bfe7457e0 nmethod 388 0x0000025b8007e410 code [0x0000025b8007e5c0, 0x0000025b8007e808]
Event: 0.174 Thread 0x0000025bfe7457e0  391       3       java.lang.invoke.MemberName::getName (25 bytes)
Event: 0.174 Thread 0x0000025bfe7457e0 nmethod 391 0x0000025b8007e890 code [0x0000025b8007ea60, 0x0000025b8007ede8]
Event: 0.174 Thread 0x0000025bfe7457e0  392       3       java.lang.reflect.Modifier::isProtected (12 bytes)
Event: 0.174 Thread 0x0000025bfe7457e0 nmethod 392 0x0000025b8007ef10 code [0x0000025b8007f0a0, 0x0000025b8007f1e8]
Event: 0.175 Thread 0x0000025bfe7457e0  393       3       java.util.concurrent.ConcurrentHashMap$BaseIterator::hasNext (13 bytes)
Event: 0.175 Thread 0x0000025bfe7457e0 nmethod 393 0x0000025b8007f290 code [0x0000025b8007f420, 0x0000025b8007f590]
Event: 0.180 Thread 0x0000025bfe73f430  394       4       java.lang.invoke.MethodType::parameterType (7 bytes)
Event: 0.180 Thread 0x0000025bfe7457e0  396       3       java.lang.StringLatin1::lastIndexOf (40 bytes)
Event: 0.181 Thread 0x0000025bfe73f430 nmethod 394 0x0000025b87af0d10 code [0x0000025b87af0ea0, 0x0000025b87af0f78]
Event: 0.181 Thread 0x0000025bfe73f430  395       4       java.lang.String::length (11 bytes)
Event: 0.181 Thread 0x0000025bfe7457e0 nmethod 396 0x0000025b8007f610 code [0x0000025b8007f7e0, 0x0000025b8007fbd0]
Event: 0.181 Thread 0x0000025bfe7457e0  398       3       java.lang.invoke.MemberName::checkForTypeAlias (172 bytes)
Event: 0.181 Thread 0x0000025bfe73f430 nmethod 395 0x0000025b87af1990 code [0x0000025b87af1b20, 0x0000025b87af1bd0]
Event: 0.182 Thread 0x0000025bfe7457e0 nmethod 398 0x0000025b8007fd10 code [0x0000025b80080160, 0x0000025b80081dd8]
Event: 0.183 Thread 0x0000025bfe7457e0  400       3       java.lang.invoke.MethodType::basicType (8 bytes)
Event: 0.183 Thread 0x0000025bfe7457e0 nmethod 400 0x0000025b80082610 code [0x0000025b800827a0, 0x0000025b800828d8]
Event: 0.184 Thread 0x0000025bfe7457e0  401       3       java.util.concurrent.ConcurrentHashMap$ValueIterator::next (34 bytes)
Event: 0.184 Thread 0x0000025bfe7457e0 nmethod 401 0x0000025b80082990 code [0x0000025b80082b60, 0x0000025b80082dd8]

GC Heap History (0 events):
No events

Dll operation events (7 events):
Event: 0.009 Loaded shared library C:\Program Files\Java\jdk-21\bin\java.dll
Event: 0.041 Loaded shared library C:\Program Files\Java\jdk-21\bin\jsvml.dll
Event: 0.068 Loaded shared library C:\Program Files\Java\jdk-21\bin\net.dll
Event: 0.070 Loaded shared library C:\Program Files\Java\jdk-21\bin\nio.dll
Event: 0.087 Loaded shared library C:\Program Files\Java\jdk-21\bin\zip.dll
Event: 0.102 Loaded shared library C:\Program Files\Java\jdk-21\bin\jimage.dll
Event: 0.115 Loaded shared library C:\Program Files\Java\jdk-21\bin\awt.dll

Deoptimization events (0 events):
No events

Classes loaded (20 events):
Event: 0.183 Loading class sun/java2d/d3d/D3DGraphicsDevice$1Result done
Event: 0.183 Loading class sun/java2d/d3d/D3DGraphicsDevice$1
Event: 0.183 Loading class sun/java2d/d3d/D3DGraphicsDevice$1 done
Event: 0.183 Loading class sun/java2d/d3d/D3DContext$D3DContextCaps
Event: 0.183 Loading class sun/java2d/pipe/hw/ContextCapabilities
Event: 0.183 Loading class sun/java2d/pipe/hw/ContextCapabilities done
Event: 0.183 Loading class sun/java2d/d3d/D3DContext$D3DContextCaps done
Event: 0.183 Loading class sun/awt/Win32GraphicsConfig
Event: 0.183 Loading class sun/awt/image/SurfaceManager$ProxiedGraphicsConfig
Event: 0.183 Loading class sun/awt/image/SurfaceManager$ProxiedGraphicsConfig done
Event: 0.184 Loading class java/awt/GraphicsConfiguration
Event: 0.184 Loading class java/awt/GraphicsConfiguration done
Event: 0.184 Loading class sun/awt/Win32GraphicsConfig done
Event: 0.184 Loading class java/awt/BorderLayout
Event: 0.184 Loading class java/awt/LayoutManager2
Event: 0.184 Loading class java/awt/LayoutManager2 done
Event: 0.184 Loading class java/awt/BorderLayout done
Event: 0.184 Loading class java/awt/Rectangle
Event: 0.184 Loading class java/awt/Shape
Event: 0.184 Loading class java/awt/Shape done

Classes unloaded (0 events):
No events

Classes redefined (0 events):
No events

Internal exceptions (6 events):
Event: 0.071 Thread 0x0000025bf2bbd950 Exception <a 'sun/nio/fs/WindowsException'{0x0000000711bb04d0}> (0x0000000711bb04d0) 
thrown [s\open\src\hotspot\share\prims\jni.cpp, line 520]
Event: 0.072 Thread 0x0000025bf2bbd950 Exception <a 'sun/nio/fs/WindowsException'{0x0000000711bb29f8}> (0x0000000711bb29f8) 
thrown [s\open\src\hotspot\share\prims\jni.cpp, line 520]
Event: 0.072 Thread 0x0000025bf2bbd950 Exception <a 'sun/nio/fs/WindowsException'{0x0000000711bb3500}> (0x0000000711bb3500) 
thrown [s\open\src\hotspot\share\prims\jni.cpp, line 520]
Event: 0.106 Thread 0x0000025bf2bbd950 Exception <a 'java/lang/ClassNotFoundException'{0x000000071187e2d8}: sun/awt/resources/spi/awtProvider> (0x000000071187e2d8) 
thrown [s\open\src\hotspot\share\classfile\systemDictionary.cpp, line 312]
Event: 0.124 Thread 0x0000025bf2bbd950 Exception <a 'java/io/FileNotFoundException'{0x00000007118d3588}> (0x00000007118d3588) 
thrown [s\open\src\hotspot\share\prims\jni.cpp, line 520]
Event: 0.130 Thread 0x0000025bf2bbd950 Exception <a 'java/io/FileNotFoundException'{0x00000007118fd768}> (0x00000007118fd768) 
thrown [s\open\src\hotspot\share\prims\jni.cpp, line 520]

ZGC Phase Switch (0 events):
No events

VM Operations (2 events):
Event: 0.073 Executing VM operation: HandshakeAllThreads (Deoptimize)
Event: 0.074 Executing VM operation: HandshakeAllThreads (Deoptimize) done

Events (14 events):
Event: 0.025 Thread 0x0000025bf2bbd950 Thread added: 0x0000025bf2bbd950
Event: 0.038 Thread 0x0000025bfe72b840 Thread added: 0x0000025bfe72b840
Event: 0.038 Thread 0x0000025bfe72c760 Thread added: 0x0000025bfe72c760
Event: 0.039 Thread 0x0000025bfe7303f0 Thread added: 0x0000025bfe7303f0
Event: 0.039 Thread 0x0000025bfe7331c0 Thread added: 0x0000025bfe7331c0
Event: 0.039 Thread 0x0000025bfe733c20 Thread added: 0x0000025bfe733c20
Event: 0.039 Thread 0x0000025bfe736690 Thread added: 0x0000025bfe736690
Event: 0.039 Thread 0x0000025bfe73f430 Thread added: 0x0000025bfe73f430
Event: 0.039 Thread 0x0000025bfe7457e0 Thread added: 0x0000025bfe7457e0
Event: 0.058 Thread 0x0000025bda178520 Thread added: 0x0000025bda178520
Event: 0.083 Thread 0x0000025bda274ad0 Thread added: 0x0000025bda274ad0
Event: 0.171 Thread 0x0000025bda3e9370 Thread added: 0x0000025bda3e9370
Event: 0.173 Thread 0x0000025bda3ee4b0 Thread added: 0x0000025bda3ee4b0
Event: 0.174 Thread 0x0000025bda3f15e0 Thread added: 0x0000025bda3f15e0


Dynamic libraries:
0x00007ff6e5390000 - 0x00007ff6e53a0000 	C:\Program Files\Java\jdk-21\bin\java.exe
0x00007ffdbfdf0000 - 0x00007ffdbffe8000 	C:\Windows\SYSTEM32\ntdll.dll
0x00007ffdbf2e0000 - 0x00007ffdbf39d000 	C:\Windows\System32\KERNEL32.DLL
0x00007ffdbd740000 - 0x00007ffdbda36000 	C:\Windows\System32\KERNELBASE.dll
0x00007ffdbd4a0000 - 0x00007ffdbd5a0000 	C:\Windows\System32\ucrtbase.dll
0x00007ffda1d50000 - 0x00007ffda1d69000 	C:\Program Files\Java\jdk-21\bin\jli.dll
0x00007ffd69430000 - 0x00007ffd6944b000 	C:\Program Files\Java\jdk-21\bin\VCRUNTIME140.dll
0x00007ffdbfa40000 - 0x00007ffdbfaf0000 	C:\Windows\System32\ADVAPI32.dll
0x00007ffdbf960000 - 0x00007ffdbf9fe000 	C:\Windows\System32\msvcrt.dll
0x00007ffdbfc00000 - 0x00007ffdbfca0000 	C:\Windows\System32\sechost.dll
0x00007ffdbe9a0000 - 0x00007ffdbeac5000 	C:\Windows\System32\RPCRT4.dll
0x00007ffdbd710000 - 0x00007ffdbd737000 	C:\Windows\System32\bcrypt.dll
0x00007ffdbf050000 - 0x00007ffdbf1ee000 	C:\Windows\System32\USER32.dll
0x00007ffdbda40000 - 0x00007ffdbda62000 	C:\Windows\System32\win32u.dll
0x00007ffdbfd10000 - 0x00007ffdbfd3b000 	C:\Windows\System32\GDI32.dll
0x00007ffdbda70000 - 0x00007ffdbdb87000 	C:\Windows\System32\gdi32full.dll
0x00007ffda29f0000 - 0x00007ffda2c8a000 	C:\Windows\WinSxS\amd64_microsoft.windows.common-controls_6595b64144ccf1df_6.0.19041.3636_none_60b6a03d71f818d5\COMCTL32.dll
0x00007ffdbdc20000 - 0x00007ffdbdcbd000 	C:\Windows\System32\msvcp_win.dll
0x00007ffdb7c70000 - 0x00007ffdb7c7a000 	C:\Windows\SYSTEM32\VERSION.dll
0x00007ffdbfa00000 - 0x00007ffdbfa32000 	C:\Windows\System32\IMM32.DLL
0x00007ffdb3e00000 - 0x00007ffdb3e0c000 	C:\Program Files\Java\jdk-21\bin\vcruntime140_1.dll
0x00007ffd6aa80000 - 0x00007ffd6ab0e000 	C:\Program Files\Java\jdk-21\bin\msvcp140.dll
0x00007ffd64580000 - 0x00007ffd65297000 	C:\Program Files\Java\jdk-21\bin\server\jvm.dll
0x00007ffdbfd40000 - 0x00007ffdbfdab000 	C:\Windows\System32\WS2_32.dll
0x00007ffdbd010000 - 0x00007ffdbd05b000 	C:\Windows\SYSTEM32\POWRPROF.dll
0x00007ffda31b0000 - 0x00007ffda31d7000 	C:\Windows\SYSTEM32\WINMM.dll
0x00007ffdbcf00000 - 0x00007ffdbcf12000 	C:\Windows\SYSTEM32\UMPDC.dll
0x00007ffdbb370000 - 0x00007ffdbb382000 	C:\Windows\SYSTEM32\kernel.appcore.dll
0x00007ffda29c0000 - 0x00007ffda29ca000 	C:\Program Files\Java\jdk-21\bin\jimage.dll
0x00007ffdaaf40000 - 0x00007ffdab124000 	C:\Windows\SYSTEM32\DBGHELP.DLL
0x00007ffdaa870000 - 0x00007ffdaa8a4000 	C:\Windows\SYSTEM32\dbgcore.DLL
0x00007ffdbdb90000 - 0x00007ffdbdc12000 	C:\Windows\System32\bcryptPrimitives.dll
0x00007ffd69410000 - 0x00007ffd6942f000 	C:\Program Files\Java\jdk-21\bin\java.dll
0x00007ffdbdfd0000 - 0x00007ffdbe73b000 	C:\Windows\System32\SHELL32.dll
0x00007ffdbb570000 - 0x00007ffdbbd0e000 	C:\Windows\SYSTEM32\windows.storage.dll
0x00007ffdbece0000 - 0x00007ffdbf033000 	C:\Windows\System32\combase.dll
0x00007ffdbce60000 - 0x00007ffdbce8e000 	C:\Windows\SYSTEM32\Wldp.dll
0x00007ffdbe7a0000 - 0x00007ffdbe86d000 	C:\Windows\System32\OLEAUT32.dll
0x00007ffdbe870000 - 0x00007ffdbe91d000 	C:\Windows\System32\SHCORE.dll
0x00007ffdbe740000 - 0x00007ffdbe795000 	C:\Windows\System32\shlwapi.dll
0x00007ffdbd3d0000 - 0x00007ffdbd3f5000 	C:\Windows\SYSTEM32\profapi.dll
0x00007ffd6bac0000 - 0x00007ffd6bb97000 	C:\Program Files\Java\jdk-21\bin\jsvml.dll
0x00007ffda2830000 - 0x00007ffda2840000 	C:\Program Files\Java\jdk-21\bin\net.dll
0x00007ffdb59f0000 - 0x00007ffdb5afa000 	C:\Windows\SYSTEM32\WINHTTP.dll
0x00007ffdbcb60000 - 0x00007ffdbcbca000 	C:\Windows\system32\mswsock.dll
0x00007ffd832b0000 - 0x00007ffd832c6000 	C:\Program Files\Java\jdk-21\bin\nio.dll
0x00007ffd7c660000 - 0x00007ffd7c678000 	C:\Program Files\Java\jdk-21\bin\zip.dll
0x00007ffd69070000 - 0x00007ffd691ff000 	C:\Program Files\Java\jdk-21\bin\awt.dll
0x00007ffdbad00000 - 0x00007ffdbad90000 	C:\Windows\SYSTEM32\apphelp.dll
0x00007ffdbb080000 - 0x00007ffdbb0af000 	C:\Windows\system32\DWMAPI.DLL
0x00007ffdbaea0000 - 0x00007ffdbaf3e000 	C:\Windows\system32\uxtheme.dll
0x00007ffdaadf0000 - 0x00007ffdaaf15000 	C:\Windows\system32\opengl32.dll
0x00007ffdaad90000 - 0x00007ffdaadbc000 	C:\Windows\SYSTEM32\GLU32.dll
0x00007ffdbf830000 - 0x00007ffdbf945000 	C:\Windows\System32\MSCTF.dll
0x00007ffdbead0000 - 0x00007ffdbebfb000 	C:\Windows\System32\ole32.dll

dbghelp: loaded successfully - version: 4.0.5 - missing functions: none
symbol engine: initialized successfully - sym options: 0x614 - pdb path: .;C:\Program Files\Java\jdk-21\bin;C:\Windows\SYSTEM32;C:\Windows\WinSxS\amd64_microsoft.windows.common-controls_6595b64144ccf1df_6.0.19041.3636_none_60b6a03d71f818d5;C:\Program Files\Java\jdk-21\bin\server

VM Arguments:
jvm_args: -Dfile.encoding=UTF-8 --module-path=C:\Users\Sandy\Documents\NetBeansProjects\Bank Management system\build\classes 
java_command: bank.management.system.SignupTwo
java_class_path (initial): C:\Users\Sandy\Documents\smital\Project Related\jcalendar-tz-1.3.3-4.jar;C:\Users\Sandy\Documents\smital\Sorftwares\mysql-connector-j-8.3.0;C:\Users\Sandy\Documents\smital\Sorftwares\mysql-connector-j-8.3.0\mysql-connector-j-8.3.0.jar;C:\Users\Sandy\Documents\NetBeansProjects\Bank Management system\build\classes
Launcher Type: SUN_STANDARD

[Global flags]
     intx CICompilerCount                          = 3                                         {product} {ergonomic}
     uint ConcGCThreads                            = 1                                         {product} {ergonomic}
     uint G1ConcRefinementThreads                  = 4                                         {product} {ergonomic}
   size_t G1HeapRegionSize                         = 2097152                                   {product} {ergonomic}
    uintx GCDrainStackTargetSize                   = 64                                        {product} {ergonomic}
   size_t InitialHeapSize                          = 268435456                                 {product} {ergonomic}
   size_t MarkStackSize                            = 4194304                                   {product} {ergonomic}
   size_t MaxHeapSize                              = 4265607168                                {product} {ergonomic}
   size_t MaxNewSize                               = 2558525440                                {product} {ergonomic}
   size_t MinHeapDeltaBytes                        = 2097152                                   {product} {ergonomic}
   size_t MinHeapSize                              = 8388608                                   {product} {ergonomic}
    uintx NonNMethodCodeHeapSize                   = 5832780                                {pd product} {ergonomic}
    uintx NonProfiledCodeHeapSize                  = 122912730                              {pd product} {ergonomic}
    uintx ProfiledCodeHeapSize                     = 122912730                              {pd product} {ergonomic}
    uintx ReservedCodeCacheSize                    = 251658240                              {pd product} {ergonomic}
     bool SegmentedCodeCache                       = true                                      {product} {ergonomic}
   size_t SoftMaxHeapSize                          = 4265607168                             {manageable} {ergonomic}
     bool UseCompressedOops                        = true                           {product lp64_product} {ergonomic}
     bool UseG1GC                                  = true                                      {product} {ergonomic}
     bool UseLargePagesIndividualAllocation        = false                                  {pd product} {ergonomic}

Logging:
Log output configuration:
 #0: stdout all=warning uptime,level,tags foldmultilines=false
 #1: stderr all=off uptime,level,tags foldmultilines=false

Environment Variables:
PATH=C:\Program Files\Common Files\Oracle\Java\javapath;C:\Windows\system32;C:\Windows;C:\Windows\System32\Wbem;C:\Windows\System32\WindowsPowerShell\v1.0\;C:\Windows\System32\OpenSSH\;C:\MinGW\bin;C:\Program Files\Java\jdk-21\bin;C:\Users\Sandy\AppData\Local\Programs\Python\Python312\Scripts\;C:\Users\Sandy\AppData\Local\Programs\Python\Python312\;C:\Program Files\MySQL\MySQL Shell 8.0\bin\;C:\Users\Sandy\AppData\Local\Microsoft\WindowsApps;;C:\Users\Sandy\AppData\Local\Programs\Microsoft VS Code\bin
USERNAME=Raj
OS=Windows_NT
PROCESSOR_IDENTIFIER=Intel64 Family 6 Model 94 Stepping 3, GenuineIntel
TMP=C:\Users\Sandy\AppData\Local\Temp
TEMP=C:\Users\Sandy\AppData\Local\Temp




Periodic native trim disabled

---------------  S Y S T E M  ---------------

OS:
 Windows 10 , 64 bit Build 19041 (10.0.19041.3636)
OS uptime: 2 days 17:03 hours

CPU: total 4 (initial active 4) (4 cores per cpu, 1 threads per core) family 6 model 94 stepping 3 microcode 0xcc, cx8, cmov, fxsr, mmx, 3dnowpref, sse, sse2, sse3, ssse3, sse4.1, sse4.2, popcnt, lzcnt, tsc, tscinvbit, avx, avx2, aes, erms, clmul, bmi1, bmi2, rtm, adx, fma, vzeroupper, clflush, clflushopt, rdtscp, f16c
Processor Information for all 4 processors :
  Max Mhz: 3192, Current Mhz: 3192, Mhz Limit: 3192

Memory: 4k page, system-wide physical 16267M (8250M free)
TotalPageFile size 31460M (AvailPageFile size 4M)
current process WorkingSet (physical memory assigned to process): 45M, peak: 45M
current process commit charge ("private bytes"): 336M, peak: 336M

vm_info: Java HotSpot(TM) 64-Bit Server VM (21.0.2+13-LTS-58) for windows-amd64 JRE (21.0.2+13-LTS-58), built on 2024-01-05T18:32:24Z by "mach5one" with MS VC++ 17.1 (VS2022)

END.
