#
# There is insufficient memory for the Java Runtime Environment to continue.
# Native memory allocation (mmap) failed to map 268435456 bytes for G1 virtual space
# Possible reasons:
#   The system is out of physical RAM or swap space
#   The process is running with CompressedOops enabled, and the Java Heap may be blocking the growth of the native heap
# Possible solutions:
#   Reduce memory load on the system
#   Increase physical memory or swap space
#   Check if swap backing store is full
#   Decrease Java heap size (-Xmx/-Xms)
#   Decrease number of Java threads
#   Decrease Java thread stack sizes (-Xss)
#   Set larger code cache with -XX:ReservedCodeCacheSize=
#   JVM is running with Zero Based Compressed Oops mode in which the Java heap is
#     placed in the first 32GB address space. The Java Heap base address is the
#     maximum limit for the native heap growth. Please use -XX:HeapBaseMinAddress
#     to set the Java Heap base and to place the Java Heap above 32GB virtual address.
# This output file may be truncated or incomplete.
#
#  Out of Memory Error (os_windows.cpp:3600), pid=17312, tid=3240
#
# JRE version:  (21.0.2+13) (build )
# Java VM: Java HotSpot(TM) 64-Bit Server VM (21.0.2+13-LTS-58, mixed mode, sharing, tiered, compressed oops, compressed class ptrs, g1 gc, windows-amd64)
# No core dump will be written. Minidumps are not enabled by default on client versions of Windows
#

---------------  S U M M A R Y ------------

Command Line: -Dfile.encoding=UTF-8 --module-path=C:\Users\Sandy\Documents\NetBeansProjects\Bank Management system\build\classes bank.management.system.SignupThree

Host: Intel(R) Core(TM) i5-6500 CPU @ 3.20GHz, 4 cores, 15G,  Windows 10 , 64 bit Build 19041 (10.0.19041.3636)
Time: Mon Mar 25 23:12:06 2024 India Standard Time elapsed time: 0.011241 seconds (0d 0h 0m 0s)

---------------  T H R E A D  ---------------

Current thread (0x00000208d92fc4a0):  JavaThread "Unknown thread" [_thread_in_vm, id=3240, stack(0x000000e87c600000,0x000000e87c700000) (1024K)]

Stack: [0x000000e87c600000,0x000000e87c700000]
Native frames: (J=compiled Java code, j=interpreted, Vv=VM code, C=native code)
V  [jvm.dll+0x6cade9]
V  [jvm.dll+0x8569c1]
V  [jvm.dll+0x858d2e]
V  [jvm.dll+0x859413]
V  [jvm.dll+0x280e56]
V  [jvm.dll+0x6c74d5]
V  [jvm.dll+0x6bbeca]
V  [jvm.dll+0x355bca]
V  [jvm.dll+0x35d816]
V  [jvm.dll+0x3ae67e]
V  [jvm.dll+0x3ae928]
V  [jvm.dll+0x3295dc]
V  [jvm.dll+0x32a16b]
V  [jvm.dll+0x81efa9]
V  [jvm.dll+0x3bba01]
V  [jvm.dll+0x807928]
V  [jvm.dll+0x44f50e]
V  [jvm.dll+0x450e11]
C  [jli.dll+0x52a3]
C  [ucrtbase.dll+0x21bb2]
C  [KERNEL32.DLL+0x17344]
C  [ntdll.dll+0x526b1]


---------------  P R O C E S S  ---------------

Threads class SMR info:
_java_thread_list=0x00007fff0453bb88, length=0, elements={
}

Java Threads: ( => current thread )
Total: 0

Other Threads:
  0x00000208db58c4d0 WorkerThread "GC Thread#0"                     [id=1224, stack(0x000000e87c700000,0x000000e87c800000) (1024K)]
  0x00000208db59ebd0 ConcurrentGCThread "G1 Main Marker"            [id=16696, stack(0x000000e87c800000,0x000000e87c900000) (1024K)]
  0x00000208db59f5e0 WorkerThread "G1 Conc#0"                       [id=14380, stack(0x000000e87c900000,0x000000e87ca00000) (1024K)]

[error occurred during error reporting (printing all threads), id 0xc0000005, EXCEPTION_ACCESS_VIOLATION (0xc0000005) at pc=0x00007fff03cac6a7]
VM state: not at safepoint (not fully initialized)

VM Mutex/Monitor currently owned by a thread:  ([mutex/lock_event])
[0x00007fff045ace68] Heap_lock - owner thread: 0x00000208d92fc4a0

Heap address: 0x0000000701c00000, size: 4068 MB, Compressed Oops mode: Zero based, Oop shift amount: 3

CDS archive(s) mapped at: [0x0000000000000000-0x0000000000000000-0x0000000000000000), size 0, SharedBaseAddress: 0x0000000800000000, ArchiveRelocationMode: 1.
Narrow klass base: 0x0000000000000000, Narrow klass shift: 0, Narrow klass range: 0x0

GC Precious Log:
 CardTable entry size: 512
 Card Set container configuration: InlinePtr #cards 4 size 8 Array Of Cards #cards 16 size 48 Howl #buckets 8 coarsen threshold 3686 Howl Bitmap #cards 512 size 80 coarsen threshold 460 Card regions per heap region 1 cards per card region 4096

Heap:
 garbage-first heap   total 0K, used 0K [0x0000000701c00000, 0x0000000800000000)
  region size 2048K, 0 young (0K), 0 survivors (0K)

[error occurred during error reporting (printing heap information), id 0xc0000005, EXCEPTION_ACCESS_VIOLATION (0xc0000005) at pc=0x00007fff040939f9]
GC Heap History (0 events):
No events

Dll operation events (1 events):
Event: 0.006 Loaded shared library C:\Program Files\Java\jdk-21\bin\java.dll

Deoptimization events (0 events):
No events

Classes loaded (0 events):
No events

Classes unloaded (0 events):
No events

Classes redefined (0 events):
No events

Internal exceptions (0 events):
No events

ZGC Phase Switch (0 events):
No events

VM Operations (0 events):
No events

Events (0 events):
No events


Dynamic libraries:
0x00007ff6348a0000 - 0x00007ff6348b0000 	C:\Program Files\Java\jdk-21\bin\java.exe
0x00007fff41ef0000 - 0x00007fff420e8000 	C:\Windows\SYSTEM32\ntdll.dll
0x00007fff41c90000 - 0x00007fff41d4d000 	C:\Windows\System32\KERNEL32.DLL
0x00007fff3fa50000 - 0x00007fff3fd46000 	C:\Windows\System32\KERNELBASE.dll
0x00007fff3fd80000 - 0x00007fff3fe80000 	C:\Windows\System32\ucrtbase.dll
0x00007fff39390000 - 0x00007fff393a9000 	C:\Program Files\Java\jdk-21\bin\jli.dll
0x00007fff03950000 - 0x00007fff0396b000 	C:\Program Files\Java\jdk-21\bin\VCRUNTIME140.dll
0x00007fff40130000 - 0x00007fff401e0000 	C:\Windows\System32\ADVAPI32.dll
0x00007fff41e10000 - 0x00007fff41eae000 	C:\Windows\System32\msvcrt.dll
0x00007fff41bf0000 - 0x00007fff41c90000 	C:\Windows\System32\sechost.dll
0x00007fff3ff20000 - 0x00007fff40045000 	C:\Windows\System32\RPCRT4.dll
0x00007fff3fe80000 - 0x00007fff3fea7000 	C:\Windows\System32\bcrypt.dll
0x00007fff40260000 - 0x00007fff403fe000 	C:\Windows\System32\USER32.dll
0x00007fff3fd50000 - 0x00007fff3fd72000 	C:\Windows\System32\win32u.dll
0x00007fff40100000 - 0x00007fff4012b000 	C:\Windows\System32\GDI32.dll
0x00007fff3f840000 - 0x00007fff3f957000 	C:\Windows\System32\gdi32full.dll
0x00007fff3f9b0000 - 0x00007fff3fa4d000 	C:\Windows\System32\msvcp_win.dll
0x00007fff1fb10000 - 0x00007fff1fdaa000 	C:\Windows\WinSxS\amd64_microsoft.windows.common-controls_6595b64144ccf1df_6.0.19041.3636_none_60b6a03d71f818d5\COMCTL32.dll
0x00007fff39b50000 - 0x00007fff39b5a000 	C:\Windows\SYSTEM32\VERSION.dll
0x00007fff40740000 - 0x00007fff40772000 	C:\Windows\System32\IMM32.DLL
0x00007fff03940000 - 0x00007fff0394c000 	C:\Program Files\Java\jdk-21\bin\vcruntime140_1.dll
0x00007fff02ca0000 - 0x00007fff02d2e000 	C:\Program Files\Java\jdk-21\bin\msvcp140.dll
0x00007fff03970000 - 0x00007fff04687000 	C:\Program Files\Java\jdk-21\bin\server\jvm.dll
0x00007fff41160000 - 0x00007fff411cb000 	C:\Windows\System32\WS2_32.dll
0x00007fff3f110000 - 0x00007fff3f15b000 	C:\Windows\SYSTEM32\POWRPROF.dll
0x00007fff20ea0000 - 0x00007fff20ec7000 	C:\Windows\SYSTEM32\WINMM.dll
0x00007fff3f000000 - 0x00007fff3f012000 	C:\Windows\SYSTEM32\UMPDC.dll
0x00007fff3d470000 - 0x00007fff3d482000 	C:\Windows\SYSTEM32\kernel.appcore.dll
0x00007fff038d0000 - 0x00007fff038da000 	C:\Program Files\Java\jdk-21\bin\jimage.dll
0x00007fff2d170000 - 0x00007fff2d354000 	C:\Windows\SYSTEM32\DBGHELP.DLL
0x00007fff2c480000 - 0x00007fff2c4b4000 	C:\Windows\SYSTEM32\dbgcore.DLL
0x00007fff3f5a0000 - 0x00007fff3f622000 	C:\Windows\System32\bcryptPrimitives.dll
0x00007fff038e0000 - 0x00007fff038ff000 	C:\Program Files\Java\jdk-21\bin\java.dll

dbghelp: loaded successfully - version: 4.0.5 - missing functions: none
symbol engine: initialized successfully - sym options: 0x614 - pdb path: .;C:\Program Files\Java\jdk-21\bin;C:\Windows\SYSTEM32;C:\Windows\WinSxS\amd64_microsoft.windows.common-controls_6595b64144ccf1df_6.0.19041.3636_none_60b6a03d71f818d5;C:\Program Files\Java\jdk-21\bin\server

VM Arguments:
jvm_args: -Dfile.encoding=UTF-8 --module-path=C:\Users\Sandy\Documents\NetBeansProjects\Bank Management system\build\classes 
java_command: bank.management.system.SignupThree
java_class_path (initial): C:\Users\Sandy\Documents\smital\Project Related\jcalendar-tz-1.3.3-4.jar;C:\Users\Sandy\Documents\smital\Sorftwares\mysql-connector-j-8.3.0;C:\Users\Sandy\Documents\smital\Sorftwares\mysql-connector-j-8.3.0\mysql-connector-j-8.3.0.jar;C:\Users\Sandy\Documents\NetBeansProjects\Bank Management system\build\classes
Launcher Type: SUN_STANDARD

[Global flags]
     intx CICompilerCount                          = 3                                         {product} {ergonomic}
     uint ConcGCThreads                            = 1                                         {product} {ergonomic}
     uint G1ConcRefinementThreads                  = 4                                         {product} {ergonomic}
   size_t G1HeapRegionSize                         = 2097152                                   {product} {ergonomic}
    uintx GCDrainStackTargetSize                   = 64                                        {product} {ergonomic}
   size_t InitialHeapSize                          = 268435456                                 {product} {ergonomic}
   size_t MarkStackSize                            = 4194304                                   {product} {ergonomic}
   size_t MaxHeapSize                              = 4265607168                                {product} {ergonomic}
   size_t MinHeapDeltaBytes                        = 2097152                                   {product} {ergonomic}
   size_t MinHeapSize                              = 8388608                                   {product} {ergonomic}
    uintx NonNMethodCodeHeapSize                   = 5832780                                {pd product} {ergonomic}
    uintx NonProfiledCodeHeapSize                  = 122912730                              {pd product} {ergonomic}
    uintx ProfiledCodeHeapSize                     = 122912730                              {pd product} {ergonomic}
    uintx ReservedCodeCacheSize                    = 251658240                              {pd product} {ergonomic}
     bool SegmentedCodeCache                       = true                                      {product} {ergonomic}
   size_t SoftMaxHeapSize                          = 4265607168                             {manageable} {ergonomic}
     bool UseCompressedOops                        = true                           {product lp64_product} {ergonomic}
     bool UseG1GC                                  = true                                      {product} {ergonomic}
     bool UseLargePagesIndividualAllocation        = false                                  {pd product} {ergonomic}

Logging:
Log output configuration:
 #0: stdout all=warning uptime,level,tags foldmultilines=false
 #1: stderr all=off uptime,level,tags foldmultilines=false

Environment Variables:
PATH=C:\Program Files\Common Files\Oracle\Java\javapath;C:\Windows\system32;C:\Windows;C:\Windows\System32\Wbem;C:\Windows\System32\WindowsPowerShell\v1.0\;C:\Windows\System32\OpenSSH\;C:\MinGW\bin;C:\Program Files\Java\jdk-21\bin;C:\Users\Sandy\AppData\Local\Programs\Python\Python312\Scripts\;C:\Users\Sandy\AppData\Local\Programs\Python\Python312\;C:\Program Files\MySQL\MySQL Shell 8.0\bin\;C:\Users\Sandy\AppData\Local\Microsoft\WindowsApps;;C:\Users\Sandy\AppData\Local\Programs\Microsoft VS Code\bin
USERNAME=Raj
OS=Windows_NT
PROCESSOR_IDENTIFIER=Intel64 Family 6 Model 94 Stepping 3, GenuineIntel
TMP=C:\Users\Sandy\AppData\Local\Temp
TEMP=C:\Users\Sandy\AppData\Local\Temp




Periodic native trim disabled

---------------  S Y S T E M  ---------------

OS:
 Windows 10 , 64 bit Build 19041 (10.0.19041.3636)
OS uptime: 0 days 1:59 hours

CPU: total 4 (initial active 4) (4 cores per cpu, 1 threads per core) family 6 model 94 stepping 3 microcode 0xcc, cx8, cmov, fxsr, mmx, 3dnowpref, sse, sse2, sse3, ssse3, sse4.1, sse4.2, popcnt, lzcnt, tsc, tscinvbit, avx, avx2, aes, erms, clmul, bmi1, bmi2, rtm, adx, fma, vzeroupper, clflush, clflushopt, rdtscp, f16c
Processor Information for all 4 processors :
  Max Mhz: 3192, Current Mhz: 3192, Mhz Limit: 3192

Memory: 4k page, system-wide physical 16267M (7210M free)
TotalPageFile size 31416M (AvailPageFile size 153M)
current process WorkingSet (physical memory assigned to process): 10M, peak: 10M
current process commit charge ("private bytes"): 52M, peak: 307M

vm_info: Java HotSpot(TM) 64-Bit Server VM (21.0.2+13-LTS-58) for windows-amd64 JRE (21.0.2+13-LTS-58), built on 2024-01-05T18:32:24Z by "mach5one" with MS VC++ 17.1 (VS2022)

END.
