#
# There is insufficient memory for the Java Runtime Environment to continue.
# Native memory allocation (mmap) failed to map 65536 bytes for Failed to commit metaspace.
# Possible reasons:
#   The system is out of physical RAM or swap space
#   The process is running with CompressedOops enabled, and the Java Heap may be blocking the growth of the native heap
# Possible solutions:
#   Reduce memory load on the system
#   Increase physical memory or swap space
#   Check if swap backing store is full
#   Decrease Java heap size (-Xmx/-Xms)
#   Decrease number of Java threads
#   Decrease Java thread stack sizes (-Xss)
#   Set larger code cache with -XX:ReservedCodeCacheSize=
#   JVM is running with Zero Based Compressed Oops mode in which the Java heap is
#     placed in the first 32GB address space. The Java Heap base address is the
#     maximum limit for the native heap growth. Please use -XX:HeapBaseMinAddress
#     to set the Java Heap base and to place the Java Heap above 32GB virtual address.
# This output file may be truncated or incomplete.
#
#  Out of Memory Error (virtualSpaceNode.cpp:112), pid=12060, tid=13584
#
# JRE version: Java(TM) SE Runtime Environment (21.0.2+13) (build 21.0.2+13-LTS-58)
# Java VM: Java HotSpot(TM) 64-Bit Server VM (21.0.2+13-LTS-58, mixed mode, sharing, tiered, compressed oops, compressed class ptrs, g1 gc, windows-amd64)
# No core dump will be written. Minidumps are not enabled by default on client versions of Windows
#

---------------  S U M M A R Y ------------

Command Line: -Dfile.encoding=UTF-8 --module-path=C:\Users\Sandy\Documents\NetBeansProjects\Bank Management system\build\classes bank.management.system.SignupTwo

Host: Intel(R) Core(TM) i5-6500 CPU @ 3.20GHz, 4 cores, 15G,  Windows 10 , 64 bit Build 19041 (10.0.19041.3636)
Time: Mon Mar 25 16:29:19 2024 India Standard Time elapsed time: 0.248021 seconds (0d 0h 0m 0s)

---------------  T H R E A D  ---------------

Current thread (0x000002c495c26f90):  JavaThread "main"             [_thread_in_vm, id=13584, stack(0x000000d5e1800000,0x000000d5e1900000) (1024K)]

Stack: [0x000000d5e1800000,0x000000d5e1900000]
Native frames: (J=compiled Java code, j=interpreted, Vv=VM code, C=native code)
V  [jvm.dll+0x6cade9]
V  [jvm.dll+0x8569c1]
V  [jvm.dll+0x858d2e]
V  [jvm.dll+0x859413]
V  [jvm.dll+0x280e56]
V  [jvm.dll+0x8526ee]
V  [jvm.dll+0x66e705]
V  [jvm.dll+0x1e68cc]
V  [jvm.dll+0x1e669e]
V  [jvm.dll+0x67104c]
V  [jvm.dll+0x670e62]
V  [jvm.dll+0x66f0de]
V  [jvm.dll+0x3be1bf]
V  [jvm.dll+0x20fbdb]
V  [jvm.dll+0x5ad406]
V  [jvm.dll+0x21f76a]
V  [jvm.dll+0x7cec21]
V  [jvm.dll+0x7cfc85]
V  [jvm.dll+0x7d022f]
V  [jvm.dll+0x7cfed8]
V  [jvm.dll+0x26ed7b]
V  [jvm.dll+0x26efaa]
V  [jvm.dll+0x5d0147]
V  [jvm.dll+0x5d30ff]
V  [jvm.dll+0x3d7870]
V  [jvm.dll+0x3d6eed]
C  0x000002c4a6ee9735

The last pc belongs to invokestatic (printed below).
Java frames: (J=compiled Java code, j=interpreted, Vv=VM code)
j  javax.swing.JComboBox.<init>([Ljava/lang/Object;)V+27 java.desktop@21.0.2
j  bank.management.system.SignupTwo.<init>()V+151
j  bank.management.system.SignupTwo.main([Ljava/lang/String;)V+4
v  ~StubRoutines::call_stub 0x000002c4a6ed100d
invokestatic  184 invokestatic  [0x000002c4a6ee9680, 0x000002c4a6ee9928]  680 bytes
[MachCode]
  0x000002c4a6ee9680: 4883 ec08 | c5fa 1104 | 24eb 1f48 | 83ec 10c5 | fb11 0424 | eb14 4883 | ec10 4889 | 0424 48c7 
  0x000002c4a6ee96a0: 4424 0800 | 0000 00eb | 0150 4c89 | 6dc0 410f | b755 0148 | 8b4d d0c1 | e202 8b5c | d138 c1eb 
  0x000002c4a6ee96c0: 1081 e3ff | 0000 0081 | fbb8 0000 | 000f 84b4 | 0000 00bb | b800 0000 | e805 0000 | 00e9 9900 
  0x000002c4a6ee96e0: 0000 488b | d348 8d44 | 2408 4c89 | 6dc0 498b | cfc5 f877 | 4989 afa8 | 0300 0049 | 8987 9803 
  0x000002c4a6ee9700: 0000 4883 | ec20 40f6 | c40f 0f84 | 1900 0000 | 4883 ec08 | 48b8 806e | 9564 fd7f | 0000 ffd0 
  0x000002c4a6ee9720: 4883 c408 | e90c 0000 | 0048 b880 | 6e95 64fd | 7f00 00ff | d048 83c4 | 2049 c787 | 9803 0000 
  0x000002c4a6ee9740: 0000 0000 | 49c7 87a8 | 0300 0000 | 0000 0049 | c787 a003 | 0000 0000 | 0000 c5f8 | 7749 837f 
  0x000002c4a6ee9760: 0800 0f84 | 0500 0000 | e993 77fe | ff4c 8b6d | c04c 8b75 | c84e 8d74 | f500 c341 | 0fb7 5501 
  0x000002c4a6ee9780: 488b 4dd0 | c1e2 0248 | 8b5c d140 | 488b 5b08 | 488b 5b08 | 488b 5b18 | 80bb 2001 | 0000 050f 
  0x000002c4a6ee97a0: 840d 0000 | 004c 3bbb | 3001 0000 | 0f85 21ff | ffff 488b | 5cd1 408b | 54d1 50c1 | ea1c 49ba 
  0x000002c4a6ee97c0: 10c6 1c65 | fd7f 0000 | 498b 14d2 | 5248 8b45 | d848 85c0 | 0f84 1200 | 0000 4883 | 4008 0148 
  0x000002c4a6ee97e0: 8358 0800 | 4883 c010 | 4889 45d8 | 488b 45d8 | 4885 c00f | 8423 0100 | 0080 78f0 | 0a0f 8519 
  0x000002c4a6ee9800: 0100 0048 | 83c0 084c | 8b68 f841 | 83ed 0041 | 83fd 020f | 8cf8 0000 | 004c 8b6b | 0845 0fb7 
  0x000002c4a6ee9820: 6d2e 4c2b | 2841 83ed | 014e 8b6c | ec08 4d85 | ed75 0748 | 8348 0801 | eb4a 458b | 6d08 49ba 
  0x000002c4a6ee9840: 0000 00b7 | c402 0000 | 4d03 ea4c | 3368 0849 | f7c5 fcff | ffff 742c | 41f6 c502 | 7526 4883 
  0x000002c4a6ee9860: 7808 0074 | 1b48 8378 | 0801 7414 | 4c33 6808 | 49f7 c5fc | ffff ff74 | 0b48 8348 | 0802 eb04 
  0x000002c4a6ee9880: 4c89 6808 | 4883 c010 | 4c8b 68e8 | 4183 ed02 | 4183 fd02 | 0f8c 7700 | 0000 4c8b | 6b08 450f 
  0x000002c4a6ee98a0: b76d 2e4c | 2b28 4183 | ed01 4e8b | 6cec 084d | 85ed 7507 | 4883 4808 | 01eb 4a45 | 8b6d 0849 
  0x000002c4a6ee98c0: ba00 0000 | b7c4 0200 | 004d 03ea | 4c33 6808 | 49f7 c5fc | ffff ff74 | 2c41 f6c5 | 0275 2648 
  0x000002c4a6ee98e0: 8378 0800 | 741b 4883 | 7808 0174 | 144c 3368 | 0849 f7c5 | fcff ffff | 740b 4883 | 4808 02eb 
  0x000002c4a6ee9900: 044c 8968 | 0848 83c0 | 104c 8b68 | d841 83ed | 0441 c1e5 | 0349 03c5 | 4889 45d8 | 4c8d 6c24 
  0x000002c4a6ee9920: 084c 896d | f0ff 6350 
[/MachCode]

---------------  P R O C E S S  ---------------

Threads class SMR info:
_java_thread_list=0x000002c4b69aa850, length=14, elements={
0x000002c495c26f90, 0x000002c4b652c610, 0x000002c4b652d140, 0x000002c4b6531920,
0x000002c4b6534fb0, 0x000002c4b65398b0, 0x000002c4b653a6c0, 0x000002c4b653c5b0,
0x000002c4b654f8b0, 0x000002c4b6774dc0, 0x000002c4b67b07d0, 0x000002c4b69a2e20,
0x000002c4b69a6f90, 0x000002c4b69aab00
}

Java Threads: ( => current thread )
=>0x000002c495c26f90 JavaThread "main"                              [_thread_in_vm, id=13584, stack(0x000000d5e1800000,0x000000d5e1900000) (1024K)]
  0x000002c4b652c610 JavaThread "Reference Handler"          daemon [_thread_blocked, id=10160, stack(0x000000d5e2000000,0x000000d5e2100000) (1024K)]
  0x000002c4b652d140 JavaThread "Finalizer"                  daemon [_thread_blocked, id=18608, stack(0x000000d5e2100000,0x000000d5e2200000) (1024K)]
  0x000002c4b6531920 JavaThread "Signal Dispatcher"          daemon [_thread_blocked, id=16776, stack(0x000000d5e2200000,0x000000d5e2300000) (1024K)]
  0x000002c4b6534fb0 JavaThread "Attach Listener"            daemon [_thread_blocked, id=18552, stack(0x000000d5e2300000,0x000000d5e2400000) (1024K)]
  0x000002c4b65398b0 JavaThread "Service Thread"             daemon [_thread_blocked, id=8552, stack(0x000000d5e2400000,0x000000d5e2500000) (1024K)]
  0x000002c4b653a6c0 JavaThread "Monitor Deflation Thread"   daemon [_thread_blocked, id=18676, stack(0x000000d5e2500000,0x000000d5e2600000) (1024K)]
  0x000002c4b653c5b0 JavaThread "C2 CompilerThread0"         daemon [_thread_blocked, id=12344, stack(0x000000d5e2600000,0x000000d5e2700000) (1024K)]
  0x000002c4b654f8b0 JavaThread "C1 CompilerThread0"         daemon [_thread_blocked, id=20056, stack(0x000000d5e2700000,0x000000d5e2800000) (1024K)]
  0x000002c4b6774dc0 JavaThread "Common-Cleaner"             daemon [_thread_blocked, id=20288, stack(0x000000d5e2800000,0x000000d5e2900000) (1024K)]
  0x000002c4b67b07d0 JavaThread "Notification Thread"        daemon [_thread_blocked, id=14372, stack(0x000000d5e2900000,0x000000d5e2a00000) (1024K)]
  0x000002c4b69a2e20 JavaThread "Java2D Disposer"            daemon [_thread_blocked, id=16456, stack(0x000000d5e2a00000,0x000000d5e2b00000) (1024K)]
  0x000002c4b69a6f90 JavaThread "AWT-Shutdown"                      [_thread_blocked, id=19848, stack(0x000000d5e2b00000,0x000000d5e2c00000) (1024K)]
  0x000002c4b69aab00 JavaThread "AWT-Windows"                daemon [_thread_in_native, id=18240, stack(0x000000d5e2c00000,0x000000d5e2d00000) (1024K)]
Total: 14

Other Threads:
  0x000002c4b6505340 VMThread "VM Thread"                           [id=19188, stack(0x000000d5e1f00000,0x000000d5e2000000) (1024K)]
  0x000002c4b64f0450 WatcherThread "VM Periodic Task Thread"        [id=19376, stack(0x000000d5e1e00000,0x000000d5e1f00000) (1024K)]
  0x000002c495d8bb10 WorkerThread "GC Thread#0"                     [id=13212, stack(0x000000d5e1900000,0x000000d5e1a00000) (1024K)]
  0x000002c495d9d8d0 ConcurrentGCThread "G1 Main Marker"            [id=13136, stack(0x000000d5e1a00000,0x000000d5e1b00000) (1024K)]
  0x000002c495d9eca0 WorkerThread "G1 Conc#0"                       [id=13172, stack(0x000000d5e1b00000,0x000000d5e1c00000) (1024K)]
  0x000002c495dfe080 ConcurrentGCThread "G1 Refine#0"               [id=18700, stack(0x000000d5e1c00000,0x000000d5e1d00000) (1024K)]
  0x000002c495dfe710 ConcurrentGCThread "G1 Service"                [id=6676, stack(0x000000d5e1d00000,0x000000d5e1e00000) (1024K)]
Total: 7

Threads with active compile tasks:
Total: 0

VM state: not at safepoint (normal execution)

VM Mutex/Monitor currently owned by a thread:  ([mutex/lock_event])
[0x00007ffd651bace8] Metaspace_lock - owner thread: 0x000002c495c26f90

Heap address: 0x0000000701c00000, size: 4068 MB, Compressed Oops mode: Zero based, Oop shift amount: 3

CDS archive(s) mapped at: [0x000002c4b7000000-0x000002c4b7c90000-0x000002c4b7c90000), size 13172736, SharedBaseAddress: 0x000002c4b7000000, ArchiveRelocationMode: 1.
Compressed class space mapped at: 0x000002c4b8000000-0x000002c4f8000000, reserved size: 1073741824
Narrow klass base: 0x000002c4b7000000, Narrow klass shift: 0, Narrow klass range: 0x100000000

GC Precious Log:
 CardTable entry size: 512
 Card Set container configuration: InlinePtr #cards 4 size 8 Array Of Cards #cards 16 size 48 Howl #buckets 8 coarsen threshold 3686 Howl Bitmap #cards 512 size 80 coarsen threshold 460 Card regions per heap region 1 cards per card region 4096
 CPUs: 4 total, 4 available
 Memory: 16267M
 Large Page Support: Disabled
 NUMA Support: Disabled
 Compressed Oops: Enabled (Zero based)
 Heap Region Size: 2M
 Heap Min Capacity: 8M
 Heap Initial Capacity: 256M
 Heap Max Capacity: 4068M
 Pre-touch: Disabled
 Parallel Workers: 4
 Concurrent Workers: 1
 Concurrent Refinement Workers: 4
 Periodic GC: Disabled

Heap:
 garbage-first heap   total 262144K, used 4096K [0x0000000701c00000, 0x0000000800000000)
  region size 2048K, 3 young (6144K), 0 survivors (0K)
 Metaspace       used 4454K, committed 4544K, reserved 1114112K
  class space    used 476K, committed 512K, reserved 1048576K

Heap Regions: E=young(eden), S=young(survivor), O=old, HS=humongous(starts), HC=humongous(continues), CS=collection set, F=free, TAMS=top-at-mark-start, PB=parsable bottom
|   0|0x0000000701c00000, 0x0000000701c00000, 0x0000000701e00000|  0%| F|  |TAMS 0x0000000701c00000| PB 0x0000000701c00000| Untracked 
|   1|0x0000000701e00000, 0x0000000701e00000, 0x0000000702000000|  0%| F|  |TAMS 0x0000000701e00000| PB 0x0000000701e00000| Untracked 
|   2|0x0000000702000000, 0x0000000702000000, 0x0000000702200000|  0%| F|  |TAMS 0x0000000702000000| PB 0x0000000702000000| Untracked 
|   3|0x0000000702200000, 0x0000000702200000, 0x0000000702400000|  0%| F|  |TAMS 0x0000000702200000| PB 0x0000000702200000| Untracked 
|   4|0x0000000702400000, 0x0000000702400000, 0x0000000702600000|  0%| F|  |TAMS 0x0000000702400000| PB 0x0000000702400000| Untracked 
|   5|0x0000000702600000, 0x0000000702600000, 0x0000000702800000|  0%| F|  |TAMS 0x0000000702600000| PB 0x0000000702600000| Untracked 
|   6|0x0000000702800000, 0x0000000702800000, 0x0000000702a00000|  0%| F|  |TAMS 0x0000000702800000| PB 0x0000000702800000| Untracked 
|   7|0x0000000702a00000, 0x0000000702a00000, 0x0000000702c00000|  0%| F|  |TAMS 0x0000000702a00000| PB 0x0000000702a00000| Untracked 
|   8|0x0000000702c00000, 0x0000000702c00000, 0x0000000702e00000|  0%| F|  |TAMS 0x0000000702c00000| PB 0x0000000702c00000| Untracked 
|   9|0x0000000702e00000, 0x0000000702e00000, 0x0000000703000000|  0%| F|  |TAMS 0x0000000702e00000| PB 0x0000000702e00000| Untracked 
|  10|0x0000000703000000, 0x0000000703000000, 0x0000000703200000|  0%| F|  |TAMS 0x0000000703000000| PB 0x0000000703000000| Untracked 
|  11|0x0000000703200000, 0x0000000703200000, 0x0000000703400000|  0%| F|  |TAMS 0x0000000703200000| PB 0x0000000703200000| Untracked 
|  12|0x0000000703400000, 0x0000000703400000, 0x0000000703600000|  0%| F|  |TAMS 0x0000000703400000| PB 0x0000000703400000| Untracked 
|  13|0x0000000703600000, 0x0000000703600000, 0x0000000703800000|  0%| F|  |TAMS 0x0000000703600000| PB 0x0000000703600000| Untracked 
|  14|0x0000000703800000, 0x0000000703800000, 0x0000000703a00000|  0%| F|  |TAMS 0x0000000703800000| PB 0x0000000703800000| Untracked 
|  15|0x0000000703a00000, 0x0000000703a00000, 0x0000000703c00000|  0%| F|  |TAMS 0x0000000703a00000| PB 0x0000000703a00000| Untracked 
|  16|0x0000000703c00000, 0x0000000703c00000, 0x0000000703e00000|  0%| F|  |TAMS 0x0000000703c00000| PB 0x0000000703c00000| Untracked 
|  17|0x0000000703e00000, 0x0000000703e00000, 0x0000000704000000|  0%| F|  |TAMS 0x0000000703e00000| PB 0x0000000703e00000| Untracked 
|  18|0x0000000704000000, 0x0000000704000000, 0x0000000704200000|  0%| F|  |TAMS 0x0000000704000000| PB 0x0000000704000000| Untracked 
|  19|0x0000000704200000, 0x0000000704200000, 0x0000000704400000|  0%| F|  |TAMS 0x0000000704200000| PB 0x0000000704200000| Untracked 
|  20|0x0000000704400000, 0x0000000704400000, 0x0000000704600000|  0%| F|  |TAMS 0x0000000704400000| PB 0x0000000704400000| Untracked 
|  21|0x0000000704600000, 0x0000000704600000, 0x0000000704800000|  0%| F|  |TAMS 0x0000000704600000| PB 0x0000000704600000| Untracked 
|  22|0x0000000704800000, 0x0000000704800000, 0x0000000704a00000|  0%| F|  |TAMS 0x0000000704800000| PB 0x0000000704800000| Untracked 
|  23|0x0000000704a00000, 0x0000000704a00000, 0x0000000704c00000|  0%| F|  |TAMS 0x0000000704a00000| PB 0x0000000704a00000| Untracked 
|  24|0x0000000704c00000, 0x0000000704c00000, 0x0000000704e00000|  0%| F|  |TAMS 0x0000000704c00000| PB 0x0000000704c00000| Untracked 
|  25|0x0000000704e00000, 0x0000000704e00000, 0x0000000705000000|  0%| F|  |TAMS 0x0000000704e00000| PB 0x0000000704e00000| Untracked 
|  26|0x0000000705000000, 0x0000000705000000, 0x0000000705200000|  0%| F|  |TAMS 0x0000000705000000| PB 0x0000000705000000| Untracked 
|  27|0x0000000705200000, 0x0000000705200000, 0x0000000705400000|  0%| F|  |TAMS 0x0000000705200000| PB 0x0000000705200000| Untracked 
|  28|0x0000000705400000, 0x0000000705400000, 0x0000000705600000|  0%| F|  |TAMS 0x0000000705400000| PB 0x0000000705400000| Untracked 
|  29|0x0000000705600000, 0x0000000705600000, 0x0000000705800000|  0%| F|  |TAMS 0x0000000705600000| PB 0x0000000705600000| Untracked 
|  30|0x0000000705800000, 0x0000000705800000, 0x0000000705a00000|  0%| F|  |TAMS 0x0000000705800000| PB 0x0000000705800000| Untracked 
|  31|0x0000000705a00000, 0x0000000705a00000, 0x0000000705c00000|  0%| F|  |TAMS 0x0000000705a00000| PB 0x0000000705a00000| Untracked 
|  32|0x0000000705c00000, 0x0000000705c00000, 0x0000000705e00000|  0%| F|  |TAMS 0x0000000705c00000| PB 0x0000000705c00000| Untracked 
|  33|0x0000000705e00000, 0x0000000705e00000, 0x0000000706000000|  0%| F|  |TAMS 0x0000000705e00000| PB 0x0000000705e00000| Untracked 
|  34|0x0000000706000000, 0x0000000706000000, 0x0000000706200000|  0%| F|  |TAMS 0x0000000706000000| PB 0x0000000706000000| Untracked 
|  35|0x0000000706200000, 0x0000000706200000, 0x0000000706400000|  0%| F|  |TAMS 0x0000000706200000| PB 0x0000000706200000| Untracked 
|  36|0x0000000706400000, 0x0000000706400000, 0x0000000706600000|  0%| F|  |TAMS 0x0000000706400000| PB 0x0000000706400000| Untracked 
|  37|0x0000000706600000, 0x0000000706600000, 0x0000000706800000|  0%| F|  |TAMS 0x0000000706600000| PB 0x0000000706600000| Untracked 
|  38|0x0000000706800000, 0x0000000706800000, 0x0000000706a00000|  0%| F|  |TAMS 0x0000000706800000| PB 0x0000000706800000| Untracked 
|  39|0x0000000706a00000, 0x0000000706a00000, 0x0000000706c00000|  0%| F|  |TAMS 0x0000000706a00000| PB 0x0000000706a00000| Untracked 
|  40|0x0000000706c00000, 0x0000000706c00000, 0x0000000706e00000|  0%| F|  |TAMS 0x0000000706c00000| PB 0x0000000706c00000| Untracked 
|  41|0x0000000706e00000, 0x0000000706e00000, 0x0000000707000000|  0%| F|  |TAMS 0x0000000706e00000| PB 0x0000000706e00000| Untracked 
|  42|0x0000000707000000, 0x0000000707000000, 0x0000000707200000|  0%| F|  |TAMS 0x0000000707000000| PB 0x0000000707000000| Untracked 
|  43|0x0000000707200000, 0x0000000707200000, 0x0000000707400000|  0%| F|  |TAMS 0x0000000707200000| PB 0x0000000707200000| Untracked 
|  44|0x0000000707400000, 0x0000000707400000, 0x0000000707600000|  0%| F|  |TAMS 0x0000000707400000| PB 0x0000000707400000| Untracked 
|  45|0x0000000707600000, 0x0000000707600000, 0x0000000707800000|  0%| F|  |TAMS 0x0000000707600000| PB 0x0000000707600000| Untracked 
|  46|0x0000000707800000, 0x0000000707800000, 0x0000000707a00000|  0%| F|  |TAMS 0x0000000707800000| PB 0x0000000707800000| Untracked 
|  47|0x0000000707a00000, 0x0000000707a00000, 0x0000000707c00000|  0%| F|  |TAMS 0x0000000707a00000| PB 0x0000000707a00000| Untracked 
|  48|0x0000000707c00000, 0x0000000707c00000, 0x0000000707e00000|  0%| F|  |TAMS 0x0000000707c00000| PB 0x0000000707c00000| Untracked 
|  49|0x0000000707e00000, 0x0000000707e00000, 0x0000000708000000|  0%| F|  |TAMS 0x0000000707e00000| PB 0x0000000707e00000| Untracked 
|  50|0x0000000708000000, 0x0000000708000000, 0x0000000708200000|  0%| F|  |TAMS 0x0000000708000000| PB 0x0000000708000000| Untracked 
|  51|0x0000000708200000, 0x0000000708200000, 0x0000000708400000|  0%| F|  |TAMS 0x0000000708200000| PB 0x0000000708200000| Untracked 
|  52|0x0000000708400000, 0x0000000708400000, 0x0000000708600000|  0%| F|  |TAMS 0x0000000708400000| PB 0x0000000708400000| Untracked 
|  53|0x0000000708600000, 0x0000000708600000, 0x0000000708800000|  0%| F|  |TAMS 0x0000000708600000| PB 0x0000000708600000| Untracked 
|  54|0x0000000708800000, 0x0000000708800000, 0x0000000708a00000|  0%| F|  |TAMS 0x0000000708800000| PB 0x0000000708800000| Untracked 
|  55|0x0000000708a00000, 0x0000000708a00000, 0x0000000708c00000|  0%| F|  |TAMS 0x0000000708a00000| PB 0x0000000708a00000| Untracked 
|  56|0x0000000708c00000, 0x0000000708c00000, 0x0000000708e00000|  0%| F|  |TAMS 0x0000000708c00000| PB 0x0000000708c00000| Untracked 
|  57|0x0000000708e00000, 0x0000000708e00000, 0x0000000709000000|  0%| F|  |TAMS 0x0000000708e00000| PB 0x0000000708e00000| Untracked 
|  58|0x0000000709000000, 0x0000000709000000, 0x0000000709200000|  0%| F|  |TAMS 0x0000000709000000| PB 0x0000000709000000| Untracked 
|  59|0x0000000709200000, 0x0000000709200000, 0x0000000709400000|  0%| F|  |TAMS 0x0000000709200000| PB 0x0000000709200000| Untracked 
|  60|0x0000000709400000, 0x0000000709400000, 0x0000000709600000|  0%| F|  |TAMS 0x0000000709400000| PB 0x0000000709400000| Untracked 
|  61|0x0000000709600000, 0x0000000709600000, 0x0000000709800000|  0%| F|  |TAMS 0x0000000709600000| PB 0x0000000709600000| Untracked 
|  62|0x0000000709800000, 0x0000000709800000, 0x0000000709a00000|  0%| F|  |TAMS 0x0000000709800000| PB 0x0000000709800000| Untracked 
|  63|0x0000000709a00000, 0x0000000709a00000, 0x0000000709c00000|  0%| F|  |TAMS 0x0000000709a00000| PB 0x0000000709a00000| Untracked 
|  64|0x0000000709c00000, 0x0000000709c00000, 0x0000000709e00000|  0%| F|  |TAMS 0x0000000709c00000| PB 0x0000000709c00000| Untracked 
|  65|0x0000000709e00000, 0x0000000709e00000, 0x000000070a000000|  0%| F|  |TAMS 0x0000000709e00000| PB 0x0000000709e00000| Untracked 
|  66|0x000000070a000000, 0x000000070a000000, 0x000000070a200000|  0%| F|  |TAMS 0x000000070a000000| PB 0x000000070a000000| Untracked 
|  67|0x000000070a200000, 0x000000070a200000, 0x000000070a400000|  0%| F|  |TAMS 0x000000070a200000| PB 0x000000070a200000| Untracked 
|  68|0x000000070a400000, 0x000000070a400000, 0x000000070a600000|  0%| F|  |TAMS 0x000000070a400000| PB 0x000000070a400000| Untracked 
|  69|0x000000070a600000, 0x000000070a600000, 0x000000070a800000|  0%| F|  |TAMS 0x000000070a600000| PB 0x000000070a600000| Untracked 
|  70|0x000000070a800000, 0x000000070a800000, 0x000000070aa00000|  0%| F|  |TAMS 0x000000070a800000| PB 0x000000070a800000| Untracked 
|  71|0x000000070aa00000, 0x000000070aa00000, 0x000000070ac00000|  0%| F|  |TAMS 0x000000070aa00000| PB 0x000000070aa00000| Untracked 
|  72|0x000000070ac00000, 0x000000070ac00000, 0x000000070ae00000|  0%| F|  |TAMS 0x000000070ac00000| PB 0x000000070ac00000| Untracked 
|  73|0x000000070ae00000, 0x000000070ae00000, 0x000000070b000000|  0%| F|  |TAMS 0x000000070ae00000| PB 0x000000070ae00000| Untracked 
|  74|0x000000070b000000, 0x000000070b000000, 0x000000070b200000|  0%| F|  |TAMS 0x000000070b000000| PB 0x000000070b000000| Untracked 
|  75|0x000000070b200000, 0x000000070b200000, 0x000000070b400000|  0%| F|  |TAMS 0x000000070b200000| PB 0x000000070b200000| Untracked 
|  76|0x000000070b400000, 0x000000070b400000, 0x000000070b600000|  0%| F|  |TAMS 0x000000070b400000| PB 0x000000070b400000| Untracked 
|  77|0x000000070b600000, 0x000000070b600000, 0x000000070b800000|  0%| F|  |TAMS 0x000000070b600000| PB 0x000000070b600000| Untracked 
|  78|0x000000070b800000, 0x000000070b800000, 0x000000070ba00000|  0%| F|  |TAMS 0x000000070b800000| PB 0x000000070b800000| Untracked 
|  79|0x000000070ba00000, 0x000000070ba00000, 0x000000070bc00000|  0%| F|  |TAMS 0x000000070ba00000| PB 0x000000070ba00000| Untracked 
|  80|0x000000070bc00000, 0x000000070bc00000, 0x000000070be00000|  0%| F|  |TAMS 0x000000070bc00000| PB 0x000000070bc00000| Untracked 
|  81|0x000000070be00000, 0x000000070be00000, 0x000000070c000000|  0%| F|  |TAMS 0x000000070be00000| PB 0x000000070be00000| Untracked 
|  82|0x000000070c000000, 0x000000070c000000, 0x000000070c200000|  0%| F|  |TAMS 0x000000070c000000| PB 0x000000070c000000| Untracked 
|  83|0x000000070c200000, 0x000000070c200000, 0x000000070c400000|  0%| F|  |TAMS 0x000000070c200000| PB 0x000000070c200000| Untracked 
|  84|0x000000070c400000, 0x000000070c400000, 0x000000070c600000|  0%| F|  |TAMS 0x000000070c400000| PB 0x000000070c400000| Untracked 
|  85|0x000000070c600000, 0x000000070c600000, 0x000000070c800000|  0%| F|  |TAMS 0x000000070c600000| PB 0x000000070c600000| Untracked 
|  86|0x000000070c800000, 0x000000070c800000, 0x000000070ca00000|  0%| F|  |TAMS 0x000000070c800000| PB 0x000000070c800000| Untracked 
|  87|0x000000070ca00000, 0x000000070ca00000, 0x000000070cc00000|  0%| F|  |TAMS 0x000000070ca00000| PB 0x000000070ca00000| Untracked 
|  88|0x000000070cc00000, 0x000000070cc00000, 0x000000070ce00000|  0%| F|  |TAMS 0x000000070cc00000| PB 0x000000070cc00000| Untracked 
|  89|0x000000070ce00000, 0x000000070ce00000, 0x000000070d000000|  0%| F|  |TAMS 0x000000070ce00000| PB 0x000000070ce00000| Untracked 
|  90|0x000000070d000000, 0x000000070d000000, 0x000000070d200000|  0%| F|  |TAMS 0x000000070d000000| PB 0x000000070d000000| Untracked 
|  91|0x000000070d200000, 0x000000070d200000, 0x000000070d400000|  0%| F|  |TAMS 0x000000070d200000| PB 0x000000070d200000| Untracked 
|  92|0x000000070d400000, 0x000000070d400000, 0x000000070d600000|  0%| F|  |TAMS 0x000000070d400000| PB 0x000000070d400000| Untracked 
|  93|0x000000070d600000, 0x000000070d600000, 0x000000070d800000|  0%| F|  |TAMS 0x000000070d600000| PB 0x000000070d600000| Untracked 
|  94|0x000000070d800000, 0x000000070d800000, 0x000000070da00000|  0%| F|  |TAMS 0x000000070d800000| PB 0x000000070d800000| Untracked 
|  95|0x000000070da00000, 0x000000070da00000, 0x000000070dc00000|  0%| F|  |TAMS 0x000000070da00000| PB 0x000000070da00000| Untracked 
|  96|0x000000070dc00000, 0x000000070dc00000, 0x000000070de00000|  0%| F|  |TAMS 0x000000070dc00000| PB 0x000000070dc00000| Untracked 
|  97|0x000000070de00000, 0x000000070de00000, 0x000000070e000000|  0%| F|  |TAMS 0x000000070de00000| PB 0x000000070de00000| Untracked 
|  98|0x000000070e000000, 0x000000070e000000, 0x000000070e200000|  0%| F|  |TAMS 0x000000070e000000| PB 0x000000070e000000| Untracked 
|  99|0x000000070e200000, 0x000000070e200000, 0x000000070e400000|  0%| F|  |TAMS 0x000000070e200000| PB 0x000000070e200000| Untracked 
| 100|0x000000070e400000, 0x000000070e400000, 0x000000070e600000|  0%| F|  |TAMS 0x000000070e400000| PB 0x000000070e400000| Untracked 
| 101|0x000000070e600000, 0x000000070e600000, 0x000000070e800000|  0%| F|  |TAMS 0x000000070e600000| PB 0x000000070e600000| Untracked 
| 102|0x000000070e800000, 0x000000070e800000, 0x000000070ea00000|  0%| F|  |TAMS 0x000000070e800000| PB 0x000000070e800000| Untracked 
| 103|0x000000070ea00000, 0x000000070ea00000, 0x000000070ec00000|  0%| F|  |TAMS 0x000000070ea00000| PB 0x000000070ea00000| Untracked 
| 104|0x000000070ec00000, 0x000000070ec00000, 0x000000070ee00000|  0%| F|  |TAMS 0x000000070ec00000| PB 0x000000070ec00000| Untracked 
| 105|0x000000070ee00000, 0x000000070ee00000, 0x000000070f000000|  0%| F|  |TAMS 0x000000070ee00000| PB 0x000000070ee00000| Untracked 
| 106|0x000000070f000000, 0x000000070f000000, 0x000000070f200000|  0%| F|  |TAMS 0x000000070f000000| PB 0x000000070f000000| Untracked 
| 107|0x000000070f200000, 0x000000070f200000, 0x000000070f400000|  0%| F|  |TAMS 0x000000070f200000| PB 0x000000070f200000| Untracked 
| 108|0x000000070f400000, 0x000000070f400000, 0x000000070f600000|  0%| F|  |TAMS 0x000000070f400000| PB 0x000000070f400000| Untracked 
| 109|0x000000070f600000, 0x000000070f600000, 0x000000070f800000|  0%| F|  |TAMS 0x000000070f600000| PB 0x000000070f600000| Untracked 
| 110|0x000000070f800000, 0x000000070f800000, 0x000000070fa00000|  0%| F|  |TAMS 0x000000070f800000| PB 0x000000070f800000| Untracked 
| 111|0x000000070fa00000, 0x000000070fa00000, 0x000000070fc00000|  0%| F|  |TAMS 0x000000070fa00000| PB 0x000000070fa00000| Untracked 
| 112|0x000000070fc00000, 0x000000070fc00000, 0x000000070fe00000|  0%| F|  |TAMS 0x000000070fc00000| PB 0x000000070fc00000| Untracked 
| 113|0x000000070fe00000, 0x000000070fe00000, 0x0000000710000000|  0%| F|  |TAMS 0x000000070fe00000| PB 0x000000070fe00000| Untracked 
| 114|0x0000000710000000, 0x0000000710000000, 0x0000000710200000|  0%| F|  |TAMS 0x0000000710000000| PB 0x0000000710000000| Untracked 
| 115|0x0000000710200000, 0x0000000710200000, 0x0000000710400000|  0%| F|  |TAMS 0x0000000710200000| PB 0x0000000710200000| Untracked 
| 116|0x0000000710400000, 0x0000000710400000, 0x0000000710600000|  0%| F|  |TAMS 0x0000000710400000| PB 0x0000000710400000| Untracked 
| 117|0x0000000710600000, 0x0000000710600000, 0x0000000710800000|  0%| F|  |TAMS 0x0000000710600000| PB 0x0000000710600000| Untracked 
| 118|0x0000000710800000, 0x0000000710800000, 0x0000000710a00000|  0%| F|  |TAMS 0x0000000710800000| PB 0x0000000710800000| Untracked 
| 119|0x0000000710a00000, 0x0000000710a00000, 0x0000000710c00000|  0%| F|  |TAMS 0x0000000710a00000| PB 0x0000000710a00000| Untracked 
| 120|0x0000000710c00000, 0x0000000710c00000, 0x0000000710e00000|  0%| F|  |TAMS 0x0000000710c00000| PB 0x0000000710c00000| Untracked 
| 121|0x0000000710e00000, 0x0000000710e00000, 0x0000000711000000|  0%| F|  |TAMS 0x0000000710e00000| PB 0x0000000710e00000| Untracked 
| 122|0x0000000711000000, 0x0000000711000000, 0x0000000711200000|  0%| F|  |TAMS 0x0000000711000000| PB 0x0000000711000000| Untracked 
| 123|0x0000000711200000, 0x0000000711200000, 0x0000000711400000|  0%| F|  |TAMS 0x0000000711200000| PB 0x0000000711200000| Untracked 
| 124|0x0000000711400000, 0x0000000711400000, 0x0000000711600000|  0%| F|  |TAMS 0x0000000711400000| PB 0x0000000711400000| Untracked 
| 125|0x0000000711600000, 0x0000000711733fb8, 0x0000000711800000| 60%| E|  |TAMS 0x0000000711600000| PB 0x0000000711600000| Complete 
| 126|0x0000000711800000, 0x0000000711a00000, 0x0000000711a00000|100%| E|CS|TAMS 0x0000000711800000| PB 0x0000000711800000| Complete 
| 127|0x0000000711a00000, 0x0000000711c00000, 0x0000000711c00000|100%| E|CS|TAMS 0x0000000711a00000| PB 0x0000000711a00000| Complete 

Card table byte_map: [0x000002c4af7c0000,0x000002c4affc0000] _byte_map_base: 0x000002c4abfb2000

Marking Bits: (CMBitMap*) 0x000002c495d8d130
 Bits: [0x000002c4affc0000, 0x000002c4b3f50000)

Polling page: 0x000002c495ba0000

Metaspace:

Usage:
  Non-class:      3.89 MB used.
      Class:    476.25 KB used.
       Both:      4.35 MB used.

Virtual space:
  Non-class space:       64.00 MB reserved,       3.94 MB (  6%) committed,  1 nodes.
      Class space:        1.00 GB reserved,     512.00 KB ( <1%) committed,  1 nodes.
             Both:        1.06 GB reserved,       4.44 MB ( <1%) committed. 

Chunk freelists:
   Non-Class:  11.89 MB
       Class:  15.25 MB
        Both:  27.14 MB

MaxMetaspaceSize: unlimited
CompressedClassSpaceSize: 1.00 GB
Initial GC threshold: 21.00 MB
Current GC threshold: 21.00 MB
CDS: on
 - commit_granule_bytes: 65536.
 - commit_granule_words: 8192.
 - virtual_space_node_default_size: 8388608.
 - enlarge_chunks_in_place: 1.
 - use_allocation_guard: 0.


Internal statistics:

num_allocs_failed_limit: 0.
num_arena_births: 114.
num_arena_deaths: 0.
num_vsnodes_births: 2.
num_vsnodes_deaths: 0.
num_space_committed: 71.
num_space_uncommitted: 0.
num_chunks_returned_to_freelist: 0.
num_chunks_taken_from_freelist: 134.
num_chunk_merges: 0.
num_chunk_splits: 84.
num_chunks_enlarged: 35.
num_inconsistent_stats: 0.

CodeHeap 'non-profiled nmethods': size=120000Kb used=162Kb max_used=162Kb free=119838Kb
 bounds [0x000002c4a7470000, 0x000002c4a76e0000, 0x000002c4ae9a0000]
CodeHeap 'profiled nmethods': size=120000Kb used=760Kb max_used=760Kb free=119239Kb
 bounds [0x000002c49f9a0000, 0x000002c49fc10000, 0x000002c4a6ed0000]
CodeHeap 'non-nmethods': size=5760Kb used=1411Kb max_used=1418Kb free=4348Kb
 bounds [0x000002c4a6ed0000, 0x000002c4a7140000, 0x000002c4a7470000]
 total_blobs=1040 nmethods=534 adapters=411
 compilation: enabled
              stopped_count=0, restarted_count=0
 full_count=0

Compilation events (20 events):
Event: 0.228 Thread 0x000002c4b654f8b0  523       3       java.lang.String::endsWith (15 bytes)
Event: 0.228 Thread 0x000002c4b654f8b0 nmethod 523 0x000002c49fa59e90 code [0x000002c49fa5a060, 0x000002c49fa5a3a0]
Event: 0.230 Thread 0x000002c4b654f8b0  524       3       java.lang.Integer::numberOfLeadingZeros (79 bytes)
Event: 0.230 Thread 0x000002c4b654f8b0 nmethod 524 0x000002c49fa5a590 code [0x000002c49fa5a740, 0x000002c49fa5aa08]
Event: 0.231 Thread 0x000002c4b654f8b0  526       3       java.lang.ref.Reference::<init> (7 bytes)
Event: 0.231 Thread 0x000002c4b654f8b0 nmethod 526 0x000002c49fa5aa90 code [0x000002c49fa5ac40, 0x000002c49fa5af00]
Event: 0.232 Thread 0x000002c4b654f8b0  527       1       java.lang.reflect.Field::getName (5 bytes)
Event: 0.232 Thread 0x000002c4b654f8b0 nmethod 527 0x000002c4a7497f10 code [0x000002c4a74980a0, 0x000002c4a7498170]
Event: 0.234 Thread 0x000002c4b654f8b0  529       3       sun.util.logging.PlatformLogger::isLoggable (23 bytes)
Event: 0.234 Thread 0x000002c4b654f8b0 nmethod 529 0x000002c49fa5b010 code [0x000002c49fa5b1e0, 0x000002c49fa5b4c0]
Event: 0.234 Thread 0x000002c4b654f8b0  530       3       jdk.internal.logger.AbstractLoggerWrapper::isLoggable (26 bytes)
Event: 0.234 Thread 0x000002c4b654f8b0 nmethod 530 0x000002c49fa5b610 code [0x000002c49fa5b800, 0x000002c49fa5bda0]
Event: 0.234 Thread 0x000002c4b654f8b0  531       3       java.lang.invoke.MethodHandle::isBuiltinLoader (24 bytes)
Event: 0.235 Thread 0x000002c4b654f8b0 nmethod 531 0x000002c49fa5bf10 code [0x000002c49fa5c0c0, 0x000002c49fa5c338]
Event: 0.235 Thread 0x000002c4b654f8b0  532   !   3       sun.awt.AppContext::get (123 bytes)
Event: 0.235 Thread 0x000002c4b654f8b0 nmethod 532 0x000002c49fa5c410 code [0x000002c49fa5c640, 0x000002c49fa5d100]
Event: 0.235 Thread 0x000002c4b654f8b0  534       3       sun.awt.AppContext::getAppContext (51 bytes)
Event: 0.235 Thread 0x000002c4b654f8b0 nmethod 534 0x000002c49fa5d490 code [0x000002c49fa5d6c0, 0x000002c49fa5de98]
Event: 0.235 Thread 0x000002c4b654f8b0  533       1       java.beans.PropertyChangeEvent::getPropertyName (5 bytes)
Event: 0.235 Thread 0x000002c4b654f8b0 nmethod 533 0x000002c4a7498510 code [0x000002c4a74986a0, 0x000002c4a7498770]

GC Heap History (0 events):
No events

Dll operation events (7 events):
Event: 0.008 Loaded shared library C:\Program Files\Java\jdk-21\bin\java.dll
Event: 0.038 Loaded shared library C:\Program Files\Java\jdk-21\bin\jsvml.dll
Event: 0.065 Loaded shared library C:\Program Files\Java\jdk-21\bin\net.dll
Event: 0.066 Loaded shared library C:\Program Files\Java\jdk-21\bin\nio.dll
Event: 0.083 Loaded shared library C:\Program Files\Java\jdk-21\bin\zip.dll
Event: 0.098 Loaded shared library C:\Program Files\Java\jdk-21\bin\jimage.dll
Event: 0.111 Loaded shared library C:\Program Files\Java\jdk-21\bin\awt.dll

Deoptimization events (4 events):
Event: 0.192 Thread 0x000002c495c26f90 Uncommon trap: trap_request=0xffffff45 fr.pc=0x000002c4a7480594 relative=0x0000000000000c34
Event: 0.192 Thread 0x000002c495c26f90 Uncommon trap: reason=unstable_if action=reinterpret pc=0x000002c4a7480594 method=java.util.HashMap.putVal(ILjava/lang/Object;Ljava/lang/Object;ZZ)Ljava/lang/Object; @ 81 c2
Event: 0.192 Thread 0x000002c495c26f90 DEOPT PACKING pc=0x000002c4a7480594 sp=0x000000d5e18fe320
Event: 0.192 Thread 0x000002c495c26f90 DEOPT UNPACKING pc=0x000002c4a6f246a2 sp=0x000000d5e18fe2d0 mode 2

Classes loaded (20 events):
Event: 0.233 Loading class jdk/internal/reflect/MethodHandleIntegerFieldAccessorImpl done
Event: 0.233 Loading class javax/swing/plaf/basic/LazyActionMap
Event: 0.233 Loading class javax/swing/plaf/ActionMapUIResource
Event: 0.233 Loading class javax/swing/ActionMap
Event: 0.234 Loading class javax/swing/ActionMap done
Event: 0.234 Loading class javax/swing/plaf/ActionMapUIResource done
Event: 0.234 Loading class javax/swing/plaf/basic/LazyActionMap done
Event: 0.234 Loading class javax/swing/plaf/metal/MetalLabelUI
Event: 0.234 Loading class javax/swing/plaf/basic/BasicLabelUI
Event: 0.234 Loading class javax/swing/plaf/LabelUI
Event: 0.234 Loading class javax/swing/plaf/LabelUI done
Event: 0.234 Loading class javax/swing/plaf/basic/BasicLabelUI done
Event: 0.234 Loading class javax/swing/plaf/metal/MetalLabelUI done
Event: 0.234 Loading class javax/swing/plaf/metal/DefaultMetalTheme$FontDelegate$1
Event: 0.234 Loading class javax/swing/plaf/metal/DefaultMetalTheme$FontDelegate$1 done
Event: 0.235 Loading class javax/swing/plaf/basic/BasicHTML
Event: 0.235 Loading class javax/swing/plaf/basic/BasicHTML done
Event: 0.235 Loading class javax/swing/JPopupMenu
Event: 0.236 Loading class javax/swing/MenuElement
Event: 0.236 Loading class javax/swing/MenuElement done

Classes unloaded (0 events):
No events

Classes redefined (0 events):
No events

Internal exceptions (12 events):
Event: 0.067 Thread 0x000002c495c26f90 Exception <a 'sun/nio/fs/WindowsException'{0x0000000711bb04d0}> (0x0000000711bb04d0) 
thrown [s\open\src\hotspot\share\prims\jni.cpp, line 520]
Event: 0.069 Thread 0x000002c495c26f90 Exception <a 'sun/nio/fs/WindowsException'{0x0000000711bb29f8}> (0x0000000711bb29f8) 
thrown [s\open\src\hotspot\share\prims\jni.cpp, line 520]
Event: 0.069 Thread 0x000002c495c26f90 Exception <a 'sun/nio/fs/WindowsException'{0x0000000711bb3500}> (0x0000000711bb3500) 
thrown [s\open\src\hotspot\share\prims\jni.cpp, line 520]
Event: 0.102 Thread 0x000002c495c26f90 Exception <a 'java/lang/ClassNotFoundException'{0x000000071187e2c0}: sun/awt/resources/spi/awtProvider> (0x000000071187e2c0) 
thrown [s\open\src\hotspot\share\classfile\systemDictionary.cpp, line 312]
Event: 0.120 Thread 0x000002c495c26f90 Exception <a 'java/io/FileNotFoundException'{0x00000007118d3560}> (0x00000007118d3560) 
thrown [s\open\src\hotspot\share\prims\jni.cpp, line 520]
Event: 0.126 Thread 0x000002c495c26f90 Exception <a 'java/io/FileNotFoundException'{0x00000007118fd7b0}> (0x00000007118fd7b0) 
thrown [s\open\src\hotspot\share\prims\jni.cpp, line 520]
Event: 0.193 Thread 0x000002c495c26f90 Exception <a 'java/lang/NoSuchMethodError'{0x000000071160e2a8}: 'void java.lang.invoke.DirectMethodHandle$Holder.invokeSpecial(java.lang.Object, java.lang.Object, java.lang.Object)'> (0x000000071160e2a8) 
thrown [s\open\src\hotspot\share\interpreter\linkResolver.cpp, line 773]
Event: 0.200 Thread 0x000002c495c26f90 Exception <a 'java/lang/NoSuchMethodError'{0x0000000711633bc8}: 'java.lang.Object java.lang.invoke.DirectMethodHandle$Holder.newInvokeSpecial(java.lang.Object, java.lang.Object, java.lang.Object, java.lang.Object, java.lang.Object)'> (0x0000000711633bc8) 
thrown [s\open\src\hotspot\share\interpreter\linkResolver.cpp, line 773]
Event: 0.205 Thread 0x000002c495c26f90 Exception <a 'java/lang/NoSuchMethodError'{0x000000071165f990}: 'java.lang.Object java.lang.invoke.DirectMethodHandle$Holder.invokeStatic(java.lang.Object, int, java.lang.Object)'> (0x000000071165f990) 
thrown [s\open\src\hotspot\share\interpreter\linkResolver.cpp, line 773]
Event: 0.223 Thread 0x000002c495c26f90 Exception <a 'java/lang/ClassNotFoundException'{0x00000007116ff288}: com/sun/swing/internal/plaf/metal/resources/spi/metalProvider> (0x00000007116ff288) 
thrown [s\open\src\hotspot\share\classfile\systemDictionary.cpp, line 312]
Event: 0.224 Thread 0x000002c495c26f90 Exception <a 'java/lang/ClassNotFoundException'{0x0000000711703198}: com/sun/swing/internal/plaf/basic/resources/spi/basicProvider> (0x0000000711703198) 
thrown [s\open\src\hotspot\share\classfile\systemDictionary.cpp, line 312]
Event: 0.233 Thread 0x000002c495c26f90 Exception <a 'java/lang/NoSuchMethodError'{0x0000000711722320}: 'int java.lang.invoke.Invokers$Holder.invokeExact_MT(java.lang.Object, java.lang.Object)'> (0x0000000711722320) 
thrown [s\open\src\hotspot\share\interpreter\linkResolver.cpp, line 773]

ZGC Phase Switch (0 events):
No events

VM Operations (2 events):
Event: 0.070 Executing VM operation: HandshakeAllThreads (Deoptimize)
Event: 0.070 Executing VM operation: HandshakeAllThreads (Deoptimize) done

Events (14 events):
Event: 0.022 Thread 0x000002c495c26f90 Thread added: 0x000002c495c26f90
Event: 0.036 Thread 0x000002c4b652c610 Thread added: 0x000002c4b652c610
Event: 0.036 Thread 0x000002c4b652d140 Thread added: 0x000002c4b652d140
Event: 0.036 Thread 0x000002c4b6531920 Thread added: 0x000002c4b6531920
Event: 0.036 Thread 0x000002c4b6534fb0 Thread added: 0x000002c4b6534fb0
Event: 0.036 Thread 0x000002c4b65398b0 Thread added: 0x000002c4b65398b0
Event: 0.037 Thread 0x000002c4b653a6c0 Thread added: 0x000002c4b653a6c0
Event: 0.037 Thread 0x000002c4b653c5b0 Thread added: 0x000002c4b653c5b0
Event: 0.037 Thread 0x000002c4b654f8b0 Thread added: 0x000002c4b654f8b0
Event: 0.055 Thread 0x000002c4b6774dc0 Thread added: 0x000002c4b6774dc0
Event: 0.080 Thread 0x000002c4b67b07d0 Thread added: 0x000002c4b67b07d0
Event: 0.166 Thread 0x000002c4b69a2e20 Thread added: 0x000002c4b69a2e20
Event: 0.167 Thread 0x000002c4b69a6f90 Thread added: 0x000002c4b69a6f90
Event: 0.168 Thread 0x000002c4b69aab00 Thread added: 0x000002c4b69aab00


Dynamic libraries:
0x00007ff6e5390000 - 0x00007ff6e53a0000 	C:\Program Files\Java\jdk-21\bin\java.exe
0x00007ffdbfdf0000 - 0x00007ffdbffe8000 	C:\Windows\SYSTEM32\ntdll.dll
0x00007ffdbf2e0000 - 0x00007ffdbf39d000 	C:\Windows\System32\KERNEL32.DLL
0x00007ffdbd740000 - 0x00007ffdbda36000 	C:\Windows\System32\KERNELBASE.dll
0x00007ffdbd4a0000 - 0x00007ffdbd5a0000 	C:\Windows\System32\ucrtbase.dll
0x00007ffda1d50000 - 0x00007ffda1d69000 	C:\Program Files\Java\jdk-21\bin\jli.dll
0x00007ffd69430000 - 0x00007ffd6944b000 	C:\Program Files\Java\jdk-21\bin\VCRUNTIME140.dll
0x00007ffdbfa40000 - 0x00007ffdbfaf0000 	C:\Windows\System32\ADVAPI32.dll
0x00007ffdbf960000 - 0x00007ffdbf9fe000 	C:\Windows\System32\msvcrt.dll
0x00007ffdbfc00000 - 0x00007ffdbfca0000 	C:\Windows\System32\sechost.dll
0x00007ffdbe9a0000 - 0x00007ffdbeac5000 	C:\Windows\System32\RPCRT4.dll
0x00007ffdbd710000 - 0x00007ffdbd737000 	C:\Windows\System32\bcrypt.dll
0x00007ffdbf050000 - 0x00007ffdbf1ee000 	C:\Windows\System32\USER32.dll
0x00007ffda29f0000 - 0x00007ffda2c8a000 	C:\Windows\WinSxS\amd64_microsoft.windows.common-controls_6595b64144ccf1df_6.0.19041.3636_none_60b6a03d71f818d5\COMCTL32.dll
0x00007ffdbda40000 - 0x00007ffdbda62000 	C:\Windows\System32\win32u.dll
0x00007ffdbfd10000 - 0x00007ffdbfd3b000 	C:\Windows\System32\GDI32.dll
0x00007ffdbda70000 - 0x00007ffdbdb87000 	C:\Windows\System32\gdi32full.dll
0x00007ffdbdc20000 - 0x00007ffdbdcbd000 	C:\Windows\System32\msvcp_win.dll
0x00007ffdb7c70000 - 0x00007ffdb7c7a000 	C:\Windows\SYSTEM32\VERSION.dll
0x00007ffdbfa00000 - 0x00007ffdbfa32000 	C:\Windows\System32\IMM32.DLL
0x00007ffdb3e00000 - 0x00007ffdb3e0c000 	C:\Program Files\Java\jdk-21\bin\vcruntime140_1.dll
0x00007ffd6aa80000 - 0x00007ffd6ab0e000 	C:\Program Files\Java\jdk-21\bin\msvcp140.dll
0x00007ffd64580000 - 0x00007ffd65297000 	C:\Program Files\Java\jdk-21\bin\server\jvm.dll
0x00007ffdbfd40000 - 0x00007ffdbfdab000 	C:\Windows\System32\WS2_32.dll
0x00007ffdbd010000 - 0x00007ffdbd05b000 	C:\Windows\SYSTEM32\POWRPROF.dll
0x00007ffda31b0000 - 0x00007ffda31d7000 	C:\Windows\SYSTEM32\WINMM.dll
0x00007ffdbcf00000 - 0x00007ffdbcf12000 	C:\Windows\SYSTEM32\UMPDC.dll
0x00007ffdbb370000 - 0x00007ffdbb382000 	C:\Windows\SYSTEM32\kernel.appcore.dll
0x00007ffda29c0000 - 0x00007ffda29ca000 	C:\Program Files\Java\jdk-21\bin\jimage.dll
0x00007ffdaaf40000 - 0x00007ffdab124000 	C:\Windows\SYSTEM32\DBGHELP.DLL
0x00007ffdaa870000 - 0x00007ffdaa8a4000 	C:\Windows\SYSTEM32\dbgcore.DLL
0x00007ffdbdb90000 - 0x00007ffdbdc12000 	C:\Windows\System32\bcryptPrimitives.dll
0x00007ffd69410000 - 0x00007ffd6942f000 	C:\Program Files\Java\jdk-21\bin\java.dll
0x00007ffdbdfd0000 - 0x00007ffdbe73b000 	C:\Windows\System32\SHELL32.dll
0x00007ffdbb570000 - 0x00007ffdbbd0e000 	C:\Windows\SYSTEM32\windows.storage.dll
0x00007ffdbece0000 - 0x00007ffdbf033000 	C:\Windows\System32\combase.dll
0x00007ffdbce60000 - 0x00007ffdbce8e000 	C:\Windows\SYSTEM32\Wldp.dll
0x00007ffdbe7a0000 - 0x00007ffdbe86d000 	C:\Windows\System32\OLEAUT32.dll
0x00007ffdbe870000 - 0x00007ffdbe91d000 	C:\Windows\System32\SHCORE.dll
0x00007ffdbe740000 - 0x00007ffdbe795000 	C:\Windows\System32\shlwapi.dll
0x00007ffdbd3d0000 - 0x00007ffdbd3f5000 	C:\Windows\SYSTEM32\profapi.dll
0x00007ffd6bac0000 - 0x00007ffd6bb97000 	C:\Program Files\Java\jdk-21\bin\jsvml.dll
0x00007ffda2830000 - 0x00007ffda2840000 	C:\Program Files\Java\jdk-21\bin\net.dll
0x00007ffdb59f0000 - 0x00007ffdb5afa000 	C:\Windows\SYSTEM32\WINHTTP.dll
0x00007ffdbcb60000 - 0x00007ffdbcbca000 	C:\Windows\system32\mswsock.dll
0x00007ffd832b0000 - 0x00007ffd832c6000 	C:\Program Files\Java\jdk-21\bin\nio.dll
0x00007ffd7c660000 - 0x00007ffd7c678000 	C:\Program Files\Java\jdk-21\bin\zip.dll
0x00007ffd69070000 - 0x00007ffd691ff000 	C:\Program Files\Java\jdk-21\bin\awt.dll
0x00007ffdbad00000 - 0x00007ffdbad90000 	C:\Windows\SYSTEM32\apphelp.dll
0x00007ffdbb080000 - 0x00007ffdbb0af000 	C:\Windows\system32\DWMAPI.DLL
0x00007ffdbaea0000 - 0x00007ffdbaf3e000 	C:\Windows\system32\uxtheme.dll
0x00007ffdaadf0000 - 0x00007ffdaaf15000 	C:\Windows\system32\opengl32.dll
0x00007ffdaad90000 - 0x00007ffdaadbc000 	C:\Windows\SYSTEM32\GLU32.dll
0x00007ffdbf830000 - 0x00007ffdbf945000 	C:\Windows\System32\MSCTF.dll
0x00007ffdbead0000 - 0x00007ffdbebfb000 	C:\Windows\System32\ole32.dll

dbghelp: loaded successfully - version: 4.0.5 - missing functions: none
symbol engine: initialized successfully - sym options: 0x614 - pdb path: .;C:\Program Files\Java\jdk-21\bin;C:\Windows\SYSTEM32;C:\Windows\WinSxS\amd64_microsoft.windows.common-controls_6595b64144ccf1df_6.0.19041.3636_none_60b6a03d71f818d5;C:\Program Files\Java\jdk-21\bin\server

VM Arguments:
jvm_args: -Dfile.encoding=UTF-8 --module-path=C:\Users\Sandy\Documents\NetBeansProjects\Bank Management system\build\classes 
java_command: bank.management.system.SignupTwo
java_class_path (initial): C:\Users\Sandy\Documents\smital\Project Related\jcalendar-tz-1.3.3-4.jar;C:\Users\Sandy\Documents\smital\Sorftwares\mysql-connector-j-8.3.0;C:\Users\Sandy\Documents\smital\Sorftwares\mysql-connector-j-8.3.0\mysql-connector-j-8.3.0.jar;C:\Users\Sandy\Documents\NetBeansProjects\Bank Management system\build\classes
Launcher Type: SUN_STANDARD

[Global flags]
     intx CICompilerCount                          = 3                                         {product} {ergonomic}
     uint ConcGCThreads                            = 1                                         {product} {ergonomic}
     uint G1ConcRefinementThreads                  = 4                                         {product} {ergonomic}
   size_t G1HeapRegionSize                         = 2097152                                   {product} {ergonomic}
    uintx GCDrainStackTargetSize                   = 64                                        {product} {ergonomic}
   size_t InitialHeapSize                          = 268435456                                 {product} {ergonomic}
   size_t MarkStackSize                            = 4194304                                   {product} {ergonomic}
   size_t MaxHeapSize                              = 4265607168                                {product} {ergonomic}
   size_t MaxNewSize                               = 2558525440                                {product} {ergonomic}
   size_t MinHeapDeltaBytes                        = 2097152                                   {product} {ergonomic}
   size_t MinHeapSize                              = 8388608                                   {product} {ergonomic}
    uintx NonNMethodCodeHeapSize                   = 5832780                                {pd product} {ergonomic}
    uintx NonProfiledCodeHeapSize                  = 122912730                              {pd product} {ergonomic}
    uintx ProfiledCodeHeapSize                     = 122912730                              {pd product} {ergonomic}
    uintx ReservedCodeCacheSize                    = 251658240                              {pd product} {ergonomic}
     bool SegmentedCodeCache                       = true                                      {product} {ergonomic}
   size_t SoftMaxHeapSize                          = 4265607168                             {manageable} {ergonomic}
     bool UseCompressedOops                        = true                           {product lp64_product} {ergonomic}
     bool UseG1GC                                  = true                                      {product} {ergonomic}
     bool UseLargePagesIndividualAllocation        = false                                  {pd product} {ergonomic}

Logging:
Log output configuration:
 #0: stdout all=warning uptime,level,tags foldmultilines=false
 #1: stderr all=off uptime,level,tags foldmultilines=false

Environment Variables:
PATH=C:\Program Files\Common Files\Oracle\Java\javapath;C:\Windows\system32;C:\Windows;C:\Windows\System32\Wbem;C:\Windows\System32\WindowsPowerShell\v1.0\;C:\Windows\System32\OpenSSH\;C:\MinGW\bin;C:\Program Files\Java\jdk-21\bin;C:\Users\Sandy\AppData\Local\Programs\Python\Python312\Scripts\;C:\Users\Sandy\AppData\Local\Programs\Python\Python312\;C:\Program Files\MySQL\MySQL Shell 8.0\bin\;C:\Users\Sandy\AppData\Local\Microsoft\WindowsApps;;C:\Users\Sandy\AppData\Local\Programs\Microsoft VS Code\bin
USERNAME=Raj
OS=Windows_NT
PROCESSOR_IDENTIFIER=Intel64 Family 6 Model 94 Stepping 3, GenuineIntel
TMP=C:\Users\Sandy\AppData\Local\Temp
TEMP=C:\Users\Sandy\AppData\Local\Temp




Periodic native trim disabled

---------------  S Y S T E M  ---------------

OS:
 Windows 10 , 64 bit Build 19041 (10.0.19041.3636)
OS uptime: 2 days 17:06 hours

CPU: total 4 (initial active 4) (4 cores per cpu, 1 threads per core) family 6 model 94 stepping 3 microcode 0xcc, cx8, cmov, fxsr, mmx, 3dnowpref, sse, sse2, sse3, ssse3, sse4.1, sse4.2, popcnt, lzcnt, tsc, tscinvbit, avx, avx2, aes, erms, clmul, bmi1, bmi2, rtm, adx, fma, vzeroupper, clflush, clflushopt, rdtscp, f16c
Processor Information for all 4 processors :
  Max Mhz: 3192, Current Mhz: 3192, Mhz Limit: 3192

Memory: 4k page, system-wide physical 16267M (8249M free)
TotalPageFile size 31460M (AvailPageFile size 4M)
current process WorkingSet (physical memory assigned to process): 49M, peak: 49M
current process commit charge ("private bytes"): 338M, peak: 338M

vm_info: Java HotSpot(TM) 64-Bit Server VM (21.0.2+13-LTS-58) for windows-amd64 JRE (21.0.2+13-LTS-58), built on 2024-01-05T18:32:24Z by "mach5one" with MS VC++ 17.1 (VS2022)

END.
