#
# There is insufficient memory for the Java Runtime Environment to continue.
# Native memory allocation (malloc) failed to allocate 226896 bytes for Chunk::new
# Possible reasons:
#   The system is out of physical RAM or swap space
#   The process is running with CompressedOops enabled, and the Java Heap may be blocking the growth of the native heap
# Possible solutions:
#   Reduce memory load on the system
#   Increase physical memory or swap space
#   Check if swap backing store is full
#   Decrease Java heap size (-Xmx/-Xms)
#   Decrease number of Java threads
#   Decrease Java thread stack sizes (-Xss)
#   Set larger code cache with -XX:ReservedCodeCacheSize=
#   JVM is running with Zero Based Compressed Oops mode in which the Java heap is
#     placed in the first 32GB address space. The Java Heap base address is the
#     maximum limit for the native heap growth. Please use -XX:HeapBaseMinAddress
#     to set the Java Heap base and to place the Java Heap above 32GB virtual address.
# This output file may be truncated or incomplete.
#
#  Out of Memory Error (arena.cpp:168), pid=18852, tid=19292
#
# JRE version: Java(TM) SE Runtime Environment (21.0.2+13) (build 21.0.2+13-LTS-58)
# Java VM: Java HotSpot(TM) 64-Bit Server VM (21.0.2+13-LTS-58, mixed mode, sharing, tiered, compressed oops, compressed class ptrs, g1 gc, windows-amd64)
# No core dump will be written. Minidumps are not enabled by default on client versions of Windows
#

---------------  S U M M A R Y ------------

Command Line: -Dfile.encoding=UTF-8 --module-path=C:\Users\Sandy\Documents\NetBeansProjects\Bank Management system\build\classes bank.management.system.SignupTwo

Host: Intel(R) Core(TM) i5-6500 CPU @ 3.20GHz, 4 cores, 15G,  Windows 10 , 64 bit Build 19041 (10.0.19041.3636)
Time: Mon Mar 25 16:27:08 2024 India Standard Time elapsed time: 0.260790 seconds (0d 0h 0m 0s)

---------------  T H R E A D  ---------------

Current thread (0x000001c38f54ac50):  JavaThread "C2 CompilerThread1" daemon [_thread_in_native, id=19292, stack(0x0000003608300000,0x0000003608400000) (1024K)]


Current CompileTask:
C2:    260  560       4       java.util.HashMap::resize (356 bytes)

Stack: [0x0000003608300000,0x0000003608400000]
Native frames: (J=compiled Java code, j=interpreted, Vv=VM code, C=native code)
V  [jvm.dll+0x6cade9]
V  [jvm.dll+0x8569c1]
V  [jvm.dll+0x858d2e]
V  [jvm.dll+0x859413]
V  [jvm.dll+0x280e56]
V  [jvm.dll+0xc3f3d]
V  [jvm.dll+0xc4473]
V  [jvm.dll+0x3b5bf2]
V  [jvm.dll+0x382855]
V  [jvm.dll+0x381cca]
V  [jvm.dll+0x249bd0]
V  [jvm.dll+0x2491b1]
V  [jvm.dll+0x1c9634]
V  [jvm.dll+0x258859]
V  [jvm.dll+0x256e3a]
V  [jvm.dll+0x3ef6c6]
V  [jvm.dll+0x7ff568]
V  [jvm.dll+0x6c953d]
C  [ucrtbase.dll+0x21bb2]
C  [KERNEL32.DLL+0x17344]
C  [ntdll.dll+0x526b1]


---------------  P R O C E S S  ---------------

Threads class SMR info:
_java_thread_list=0x000001c38f68b450, length=16, elements={
0x000001c3ee63d990, 0x000001c38f19bb60, 0x000001c38f19ca80, 0x000001c38f1a0710,
0x000001c38f1a3400, 0x000001c38f1a3e60, 0x000001c38f1a68d0, 0x000001c38f1b2b70,
0x000001c38f1d7a40, 0x000001c38f3ed3d0, 0x000001c38f492dc0, 0x000001c38f54ac50,
0x000001c38f63e010, 0x000001c38f63e680, 0x000001c38f5384f0, 0x000001c38f701110
}

Java Threads: ( => current thread )
  0x000001c3ee63d990 JavaThread "main"                              [_thread_in_vm, id=1080, stack(0x0000003607100000,0x0000003607200000) (1024K)]
  0x000001c38f19bb60 JavaThread "Reference Handler"          daemon [_thread_blocked, id=3844, stack(0x0000003607900000,0x0000003607a00000) (1024K)]
  0x000001c38f19ca80 JavaThread "Finalizer"                  daemon [_thread_blocked, id=16124, stack(0x0000003607a00000,0x0000003607b00000) (1024K)]
  0x000001c38f1a0710 JavaThread "Signal Dispatcher"          daemon [_thread_blocked, id=20104, stack(0x0000003607b00000,0x0000003607c00000) (1024K)]
  0x000001c38f1a3400 JavaThread "Attach Listener"            daemon [_thread_blocked, id=17480, stack(0x0000003607c00000,0x0000003607d00000) (1024K)]
  0x000001c38f1a3e60 JavaThread "Service Thread"             daemon [_thread_blocked, id=19220, stack(0x0000003607d00000,0x0000003607e00000) (1024K)]
  0x000001c38f1a68d0 JavaThread "Monitor Deflation Thread"   daemon [_thread_blocked, id=8648, stack(0x0000003607e00000,0x0000003607f00000) (1024K)]
  0x000001c38f1b2b70 JavaThread "C2 CompilerThread0"         daemon [_thread_blocked, id=10348, stack(0x0000003607f00000,0x0000003608000000) (1024K)]
  0x000001c38f1d7a40 JavaThread "C1 CompilerThread0"         daemon [_thread_blocked, id=15516, stack(0x0000003608000000,0x0000003608100000) (1024K)]
  0x000001c38f3ed3d0 JavaThread "Common-Cleaner"             daemon [_thread_blocked, id=17176, stack(0x0000003608100000,0x0000003608200000) (1024K)]
  0x000001c38f492dc0 JavaThread "Notification Thread"        daemon [_thread_blocked, id=7424, stack(0x0000003608200000,0x0000003608300000) (1024K)]
=>0x000001c38f54ac50 JavaThread "C2 CompilerThread1"         daemon [_thread_in_native, id=19292, stack(0x0000003608300000,0x0000003608400000) (1024K)]
  0x000001c38f63e010 JavaThread "Java2D Disposer"            daemon [_thread_blocked, id=17988, stack(0x0000003608400000,0x0000003608500000) (1024K)]
  0x000001c38f63e680 JavaThread "AWT-Shutdown"                      [_thread_blocked, id=15112, stack(0x0000003608500000,0x0000003608600000) (1024K)]
  0x000001c38f5384f0 JavaThread "AWT-Windows"                daemon [_thread_in_native, id=10768, stack(0x0000003608600000,0x0000003608700000) (1024K)]
  0x000001c38f701110 JavaThread "AWT-EventQueue-0"                  [_thread_blocked, id=7088, stack(0x0000003608700000,0x0000003608800000) (1024K)]
Total: 16

Other Threads:
  0x000001c38f178040 VMThread "VM Thread"                           [id=6908, stack(0x0000003607800000,0x0000003607900000) (1024K)]
  0x000001c38f160f70 WatcherThread "VM Periodic Task Thread"        [id=5064, stack(0x0000003607700000,0x0000003607800000) (1024K)]
  0x000001c3f073b4f0 WorkerThread "GC Thread#0"                     [id=14096, stack(0x0000003607200000,0x0000003607300000) (1024K)]
  0x000001c3f074d3e0 ConcurrentGCThread "G1 Main Marker"            [id=12940, stack(0x0000003607300000,0x0000003607400000) (1024K)]
  0x000001c3f074eda0 WorkerThread "G1 Conc#0"                       [id=19140, stack(0x0000003607400000,0x0000003607500000) (1024K)]
  0x000001c3f07ae3e0 ConcurrentGCThread "G1 Refine#0"               [id=19548, stack(0x0000003607500000,0x0000003607600000) (1024K)]
  0x000001c38f0230c0 ConcurrentGCThread "G1 Service"                [id=3504, stack(0x0000003607600000,0x0000003607700000) (1024K)]
Total: 7

Threads with active compile tasks:
C2 CompilerThread1      288  560       4       java.util.HashMap::resize (356 bytes)
Total: 1

VM state: not at safepoint (normal execution)

VM Mutex/Monitor currently owned by a thread:  ([mutex/lock_event])
[0x00007ffd651bace8] Metaspace_lock - owner thread: 0x000001c3ee63d990

Heap address: 0x0000000701c00000, size: 4068 MB, Compressed Oops mode: Zero based, Oop shift amount: 3

CDS archive(s) mapped at: [0x000001c390000000-0x000001c390c90000-0x000001c390c90000), size 13172736, SharedBaseAddress: 0x000001c390000000, ArchiveRelocationMode: 1.
Compressed class space mapped at: 0x000001c391000000-0x000001c3d1000000, reserved size: 1073741824
Narrow klass base: 0x000001c390000000, Narrow klass shift: 0, Narrow klass range: 0x100000000

GC Precious Log:
 CardTable entry size: 512
 Card Set container configuration: InlinePtr #cards 4 size 8 Array Of Cards #cards 16 size 48 Howl #buckets 8 coarsen threshold 3686 Howl Bitmap #cards 512 size 80 coarsen threshold 460 Card regions per heap region 1 cards per card region 4096
 CPUs: 4 total, 4 available
 Memory: 16267M
 Large Page Support: Disabled
 NUMA Support: Disabled
 Compressed Oops: Enabled (Zero based)
 Heap Region Size: 2M
 Heap Min Capacity: 8M
 Heap Initial Capacity: 256M
 Heap Max Capacity: 4068M
 Pre-touch: Disabled
 Parallel Workers: 4
 Concurrent Workers: 1
 Concurrent Refinement Workers: 4
 Periodic GC: Disabled

Heap:
 garbage-first heap   total 262144K, used 4096K [0x0000000701c00000, 0x0000000800000000)
  region size 2048K, 3 young (6144K), 0 survivors (0K)
 Metaspace       used 5810K, committed 5952K, reserved 1114112K
  class space    used 679K, committed 768K, reserved 1048576K

Heap Regions: E=young(eden), S=young(survivor), O=old, HS=humongous(starts), HC=humongous(continues), CS=collection set, F=free, TAMS=top-at-mark-start, PB=parsable bottom
|   0|0x0000000701c00000, 0x0000000701c00000, 0x0000000701e00000|  0%| F|  |TAMS 0x0000000701c00000| PB 0x0000000701c00000| Untracked 
|   1|0x0000000701e00000, 0x0000000701e00000, 0x0000000702000000|  0%| F|  |TAMS 0x0000000701e00000| PB 0x0000000701e00000| Untracked 
|   2|0x0000000702000000, 0x0000000702000000, 0x0000000702200000|  0%| F|  |TAMS 0x0000000702000000| PB 0x0000000702000000| Untracked 
|   3|0x0000000702200000, 0x0000000702200000, 0x0000000702400000|  0%| F|  |TAMS 0x0000000702200000| PB 0x0000000702200000| Untracked 
|   4|0x0000000702400000, 0x0000000702400000, 0x0000000702600000|  0%| F|  |TAMS 0x0000000702400000| PB 0x0000000702400000| Untracked 
|   5|0x0000000702600000, 0x0000000702600000, 0x0000000702800000|  0%| F|  |TAMS 0x0000000702600000| PB 0x0000000702600000| Untracked 
|   6|0x0000000702800000, 0x0000000702800000, 0x0000000702a00000|  0%| F|  |TAMS 0x0000000702800000| PB 0x0000000702800000| Untracked 
|   7|0x0000000702a00000, 0x0000000702a00000, 0x0000000702c00000|  0%| F|  |TAMS 0x0000000702a00000| PB 0x0000000702a00000| Untracked 
|   8|0x0000000702c00000, 0x0000000702c00000, 0x0000000702e00000|  0%| F|  |TAMS 0x0000000702c00000| PB 0x0000000702c00000| Untracked 
|   9|0x0000000702e00000, 0x0000000702e00000, 0x0000000703000000|  0%| F|  |TAMS 0x0000000702e00000| PB 0x0000000702e00000| Untracked 
|  10|0x0000000703000000, 0x0000000703000000, 0x0000000703200000|  0%| F|  |TAMS 0x0000000703000000| PB 0x0000000703000000| Untracked 
|  11|0x0000000703200000, 0x0000000703200000, 0x0000000703400000|  0%| F|  |TAMS 0x0000000703200000| PB 0x0000000703200000| Untracked 
|  12|0x0000000703400000, 0x0000000703400000, 0x0000000703600000|  0%| F|  |TAMS 0x0000000703400000| PB 0x0000000703400000| Untracked 
|  13|0x0000000703600000, 0x0000000703600000, 0x0000000703800000|  0%| F|  |TAMS 0x0000000703600000| PB 0x0000000703600000| Untracked 
|  14|0x0000000703800000, 0x0000000703800000, 0x0000000703a00000|  0%| F|  |TAMS 0x0000000703800000| PB 0x0000000703800000| Untracked 
|  15|0x0000000703a00000, 0x0000000703a00000, 0x0000000703c00000|  0%| F|  |TAMS 0x0000000703a00000| PB 0x0000000703a00000| Untracked 
|  16|0x0000000703c00000, 0x0000000703c00000, 0x0000000703e00000|  0%| F|  |TAMS 0x0000000703c00000| PB 0x0000000703c00000| Untracked 
|  17|0x0000000703e00000, 0x0000000703e00000, 0x0000000704000000|  0%| F|  |TAMS 0x0000000703e00000| PB 0x0000000703e00000| Untracked 
|  18|0x0000000704000000, 0x0000000704000000, 0x0000000704200000|  0%| F|  |TAMS 0x0000000704000000| PB 0x0000000704000000| Untracked 
|  19|0x0000000704200000, 0x0000000704200000, 0x0000000704400000|  0%| F|  |TAMS 0x0000000704200000| PB 0x0000000704200000| Untracked 
|  20|0x0000000704400000, 0x0000000704400000, 0x0000000704600000|  0%| F|  |TAMS 0x0000000704400000| PB 0x0000000704400000| Untracked 
|  21|0x0000000704600000, 0x0000000704600000, 0x0000000704800000|  0%| F|  |TAMS 0x0000000704600000| PB 0x0000000704600000| Untracked 
|  22|0x0000000704800000, 0x0000000704800000, 0x0000000704a00000|  0%| F|  |TAMS 0x0000000704800000| PB 0x0000000704800000| Untracked 
|  23|0x0000000704a00000, 0x0000000704a00000, 0x0000000704c00000|  0%| F|  |TAMS 0x0000000704a00000| PB 0x0000000704a00000| Untracked 
|  24|0x0000000704c00000, 0x0000000704c00000, 0x0000000704e00000|  0%| F|  |TAMS 0x0000000704c00000| PB 0x0000000704c00000| Untracked 
|  25|0x0000000704e00000, 0x0000000704e00000, 0x0000000705000000|  0%| F|  |TAMS 0x0000000704e00000| PB 0x0000000704e00000| Untracked 
|  26|0x0000000705000000, 0x0000000705000000, 0x0000000705200000|  0%| F|  |TAMS 0x0000000705000000| PB 0x0000000705000000| Untracked 
|  27|0x0000000705200000, 0x0000000705200000, 0x0000000705400000|  0%| F|  |TAMS 0x0000000705200000| PB 0x0000000705200000| Untracked 
|  28|0x0000000705400000, 0x0000000705400000, 0x0000000705600000|  0%| F|  |TAMS 0x0000000705400000| PB 0x0000000705400000| Untracked 
|  29|0x0000000705600000, 0x0000000705600000, 0x0000000705800000|  0%| F|  |TAMS 0x0000000705600000| PB 0x0000000705600000| Untracked 
|  30|0x0000000705800000, 0x0000000705800000, 0x0000000705a00000|  0%| F|  |TAMS 0x0000000705800000| PB 0x0000000705800000| Untracked 
|  31|0x0000000705a00000, 0x0000000705a00000, 0x0000000705c00000|  0%| F|  |TAMS 0x0000000705a00000| PB 0x0000000705a00000| Untracked 
|  32|0x0000000705c00000, 0x0000000705c00000, 0x0000000705e00000|  0%| F|  |TAMS 0x0000000705c00000| PB 0x0000000705c00000| Untracked 
|  33|0x0000000705e00000, 0x0000000705e00000, 0x0000000706000000|  0%| F|  |TAMS 0x0000000705e00000| PB 0x0000000705e00000| Untracked 
|  34|0x0000000706000000, 0x0000000706000000, 0x0000000706200000|  0%| F|  |TAMS 0x0000000706000000| PB 0x0000000706000000| Untracked 
|  35|0x0000000706200000, 0x0000000706200000, 0x0000000706400000|  0%| F|  |TAMS 0x0000000706200000| PB 0x0000000706200000| Untracked 
|  36|0x0000000706400000, 0x0000000706400000, 0x0000000706600000|  0%| F|  |TAMS 0x0000000706400000| PB 0x0000000706400000| Untracked 
|  37|0x0000000706600000, 0x0000000706600000, 0x0000000706800000|  0%| F|  |TAMS 0x0000000706600000| PB 0x0000000706600000| Untracked 
|  38|0x0000000706800000, 0x0000000706800000, 0x0000000706a00000|  0%| F|  |TAMS 0x0000000706800000| PB 0x0000000706800000| Untracked 
|  39|0x0000000706a00000, 0x0000000706a00000, 0x0000000706c00000|  0%| F|  |TAMS 0x0000000706a00000| PB 0x0000000706a00000| Untracked 
|  40|0x0000000706c00000, 0x0000000706c00000, 0x0000000706e00000|  0%| F|  |TAMS 0x0000000706c00000| PB 0x0000000706c00000| Untracked 
|  41|0x0000000706e00000, 0x0000000706e00000, 0x0000000707000000|  0%| F|  |TAMS 0x0000000706e00000| PB 0x0000000706e00000| Untracked 
|  42|0x0000000707000000, 0x0000000707000000, 0x0000000707200000|  0%| F|  |TAMS 0x0000000707000000| PB 0x0000000707000000| Untracked 
|  43|0x0000000707200000, 0x0000000707200000, 0x0000000707400000|  0%| F|  |TAMS 0x0000000707200000| PB 0x0000000707200000| Untracked 
|  44|0x0000000707400000, 0x0000000707400000, 0x0000000707600000|  0%| F|  |TAMS 0x0000000707400000| PB 0x0000000707400000| Untracked 
|  45|0x0000000707600000, 0x0000000707600000, 0x0000000707800000|  0%| F|  |TAMS 0x0000000707600000| PB 0x0000000707600000| Untracked 
|  46|0x0000000707800000, 0x0000000707800000, 0x0000000707a00000|  0%| F|  |TAMS 0x0000000707800000| PB 0x0000000707800000| Untracked 
|  47|0x0000000707a00000, 0x0000000707a00000, 0x0000000707c00000|  0%| F|  |TAMS 0x0000000707a00000| PB 0x0000000707a00000| Untracked 
|  48|0x0000000707c00000, 0x0000000707c00000, 0x0000000707e00000|  0%| F|  |TAMS 0x0000000707c00000| PB 0x0000000707c00000| Untracked 
|  49|0x0000000707e00000, 0x0000000707e00000, 0x0000000708000000|  0%| F|  |TAMS 0x0000000707e00000| PB 0x0000000707e00000| Untracked 
|  50|0x0000000708000000, 0x0000000708000000, 0x0000000708200000|  0%| F|  |TAMS 0x0000000708000000| PB 0x0000000708000000| Untracked 
|  51|0x0000000708200000, 0x0000000708200000, 0x0000000708400000|  0%| F|  |TAMS 0x0000000708200000| PB 0x0000000708200000| Untracked 
|  52|0x0000000708400000, 0x0000000708400000, 0x0000000708600000|  0%| F|  |TAMS 0x0000000708400000| PB 0x0000000708400000| Untracked 
|  53|0x0000000708600000, 0x0000000708600000, 0x0000000708800000|  0%| F|  |TAMS 0x0000000708600000| PB 0x0000000708600000| Untracked 
|  54|0x0000000708800000, 0x0000000708800000, 0x0000000708a00000|  0%| F|  |TAMS 0x0000000708800000| PB 0x0000000708800000| Untracked 
|  55|0x0000000708a00000, 0x0000000708a00000, 0x0000000708c00000|  0%| F|  |TAMS 0x0000000708a00000| PB 0x0000000708a00000| Untracked 
|  56|0x0000000708c00000, 0x0000000708c00000, 0x0000000708e00000|  0%| F|  |TAMS 0x0000000708c00000| PB 0x0000000708c00000| Untracked 
|  57|0x0000000708e00000, 0x0000000708e00000, 0x0000000709000000|  0%| F|  |TAMS 0x0000000708e00000| PB 0x0000000708e00000| Untracked 
|  58|0x0000000709000000, 0x0000000709000000, 0x0000000709200000|  0%| F|  |TAMS 0x0000000709000000| PB 0x0000000709000000| Untracked 
|  59|0x0000000709200000, 0x0000000709200000, 0x0000000709400000|  0%| F|  |TAMS 0x0000000709200000| PB 0x0000000709200000| Untracked 
|  60|0x0000000709400000, 0x0000000709400000, 0x0000000709600000|  0%| F|  |TAMS 0x0000000709400000| PB 0x0000000709400000| Untracked 
|  61|0x0000000709600000, 0x0000000709600000, 0x0000000709800000|  0%| F|  |TAMS 0x0000000709600000| PB 0x0000000709600000| Untracked 
|  62|0x0000000709800000, 0x0000000709800000, 0x0000000709a00000|  0%| F|  |TAMS 0x0000000709800000| PB 0x0000000709800000| Untracked 
|  63|0x0000000709a00000, 0x0000000709a00000, 0x0000000709c00000|  0%| F|  |TAMS 0x0000000709a00000| PB 0x0000000709a00000| Untracked 
|  64|0x0000000709c00000, 0x0000000709c00000, 0x0000000709e00000|  0%| F|  |TAMS 0x0000000709c00000| PB 0x0000000709c00000| Untracked 
|  65|0x0000000709e00000, 0x0000000709e00000, 0x000000070a000000|  0%| F|  |TAMS 0x0000000709e00000| PB 0x0000000709e00000| Untracked 
|  66|0x000000070a000000, 0x000000070a000000, 0x000000070a200000|  0%| F|  |TAMS 0x000000070a000000| PB 0x000000070a000000| Untracked 
|  67|0x000000070a200000, 0x000000070a200000, 0x000000070a400000|  0%| F|  |TAMS 0x000000070a200000| PB 0x000000070a200000| Untracked 
|  68|0x000000070a400000, 0x000000070a400000, 0x000000070a600000|  0%| F|  |TAMS 0x000000070a400000| PB 0x000000070a400000| Untracked 
|  69|0x000000070a600000, 0x000000070a600000, 0x000000070a800000|  0%| F|  |TAMS 0x000000070a600000| PB 0x000000070a600000| Untracked 
|  70|0x000000070a800000, 0x000000070a800000, 0x000000070aa00000|  0%| F|  |TAMS 0x000000070a800000| PB 0x000000070a800000| Untracked 
|  71|0x000000070aa00000, 0x000000070aa00000, 0x000000070ac00000|  0%| F|  |TAMS 0x000000070aa00000| PB 0x000000070aa00000| Untracked 
|  72|0x000000070ac00000, 0x000000070ac00000, 0x000000070ae00000|  0%| F|  |TAMS 0x000000070ac00000| PB 0x000000070ac00000| Untracked 
|  73|0x000000070ae00000, 0x000000070ae00000, 0x000000070b000000|  0%| F|  |TAMS 0x000000070ae00000| PB 0x000000070ae00000| Untracked 
|  74|0x000000070b000000, 0x000000070b000000, 0x000000070b200000|  0%| F|  |TAMS 0x000000070b000000| PB 0x000000070b000000| Untracked 
|  75|0x000000070b200000, 0x000000070b200000, 0x000000070b400000|  0%| F|  |TAMS 0x000000070b200000| PB 0x000000070b200000| Untracked 
|  76|0x000000070b400000, 0x000000070b400000, 0x000000070b600000|  0%| F|  |TAMS 0x000000070b400000| PB 0x000000070b400000| Untracked 
|  77|0x000000070b600000, 0x000000070b600000, 0x000000070b800000|  0%| F|  |TAMS 0x000000070b600000| PB 0x000000070b600000| Untracked 
|  78|0x000000070b800000, 0x000000070b800000, 0x000000070ba00000|  0%| F|  |TAMS 0x000000070b800000| PB 0x000000070b800000| Untracked 
|  79|0x000000070ba00000, 0x000000070ba00000, 0x000000070bc00000|  0%| F|  |TAMS 0x000000070ba00000| PB 0x000000070ba00000| Untracked 
|  80|0x000000070bc00000, 0x000000070bc00000, 0x000000070be00000|  0%| F|  |TAMS 0x000000070bc00000| PB 0x000000070bc00000| Untracked 
|  81|0x000000070be00000, 0x000000070be00000, 0x000000070c000000|  0%| F|  |TAMS 0x000000070be00000| PB 0x000000070be00000| Untracked 
|  82|0x000000070c000000, 0x000000070c000000, 0x000000070c200000|  0%| F|  |TAMS 0x000000070c000000| PB 0x000000070c000000| Untracked 
|  83|0x000000070c200000, 0x000000070c200000, 0x000000070c400000|  0%| F|  |TAMS 0x000000070c200000| PB 0x000000070c200000| Untracked 
|  84|0x000000070c400000, 0x000000070c400000, 0x000000070c600000|  0%| F|  |TAMS 0x000000070c400000| PB 0x000000070c400000| Untracked 
|  85|0x000000070c600000, 0x000000070c600000, 0x000000070c800000|  0%| F|  |TAMS 0x000000070c600000| PB 0x000000070c600000| Untracked 
|  86|0x000000070c800000, 0x000000070c800000, 0x000000070ca00000|  0%| F|  |TAMS 0x000000070c800000| PB 0x000000070c800000| Untracked 
|  87|0x000000070ca00000, 0x000000070ca00000, 0x000000070cc00000|  0%| F|  |TAMS 0x000000070ca00000| PB 0x000000070ca00000| Untracked 
|  88|0x000000070cc00000, 0x000000070cc00000, 0x000000070ce00000|  0%| F|  |TAMS 0x000000070cc00000| PB 0x000000070cc00000| Untracked 
|  89|0x000000070ce00000, 0x000000070ce00000, 0x000000070d000000|  0%| F|  |TAMS 0x000000070ce00000| PB 0x000000070ce00000| Untracked 
|  90|0x000000070d000000, 0x000000070d000000, 0x000000070d200000|  0%| F|  |TAMS 0x000000070d000000| PB 0x000000070d000000| Untracked 
|  91|0x000000070d200000, 0x000000070d200000, 0x000000070d400000|  0%| F|  |TAMS 0x000000070d200000| PB 0x000000070d200000| Untracked 
|  92|0x000000070d400000, 0x000000070d400000, 0x000000070d600000|  0%| F|  |TAMS 0x000000070d400000| PB 0x000000070d400000| Untracked 
|  93|0x000000070d600000, 0x000000070d600000, 0x000000070d800000|  0%| F|  |TAMS 0x000000070d600000| PB 0x000000070d600000| Untracked 
|  94|0x000000070d800000, 0x000000070d800000, 0x000000070da00000|  0%| F|  |TAMS 0x000000070d800000| PB 0x000000070d800000| Untracked 
|  95|0x000000070da00000, 0x000000070da00000, 0x000000070dc00000|  0%| F|  |TAMS 0x000000070da00000| PB 0x000000070da00000| Untracked 
|  96|0x000000070dc00000, 0x000000070dc00000, 0x000000070de00000|  0%| F|  |TAMS 0x000000070dc00000| PB 0x000000070dc00000| Untracked 
|  97|0x000000070de00000, 0x000000070de00000, 0x000000070e000000|  0%| F|  |TAMS 0x000000070de00000| PB 0x000000070de00000| Untracked 
|  98|0x000000070e000000, 0x000000070e000000, 0x000000070e200000|  0%| F|  |TAMS 0x000000070e000000| PB 0x000000070e000000| Untracked 
|  99|0x000000070e200000, 0x000000070e200000, 0x000000070e400000|  0%| F|  |TAMS 0x000000070e200000| PB 0x000000070e200000| Untracked 
| 100|0x000000070e400000, 0x000000070e400000, 0x000000070e600000|  0%| F|  |TAMS 0x000000070e400000| PB 0x000000070e400000| Untracked 
| 101|0x000000070e600000, 0x000000070e600000, 0x000000070e800000|  0%| F|  |TAMS 0x000000070e600000| PB 0x000000070e600000| Untracked 
| 102|0x000000070e800000, 0x000000070e800000, 0x000000070ea00000|  0%| F|  |TAMS 0x000000070e800000| PB 0x000000070e800000| Untracked 
| 103|0x000000070ea00000, 0x000000070ea00000, 0x000000070ec00000|  0%| F|  |TAMS 0x000000070ea00000| PB 0x000000070ea00000| Untracked 
| 104|0x000000070ec00000, 0x000000070ec00000, 0x000000070ee00000|  0%| F|  |TAMS 0x000000070ec00000| PB 0x000000070ec00000| Untracked 
| 105|0x000000070ee00000, 0x000000070ee00000, 0x000000070f000000|  0%| F|  |TAMS 0x000000070ee00000| PB 0x000000070ee00000| Untracked 
| 106|0x000000070f000000, 0x000000070f000000, 0x000000070f200000|  0%| F|  |TAMS 0x000000070f000000| PB 0x000000070f000000| Untracked 
| 107|0x000000070f200000, 0x000000070f200000, 0x000000070f400000|  0%| F|  |TAMS 0x000000070f200000| PB 0x000000070f200000| Untracked 
| 108|0x000000070f400000, 0x000000070f400000, 0x000000070f600000|  0%| F|  |TAMS 0x000000070f400000| PB 0x000000070f400000| Untracked 
| 109|0x000000070f600000, 0x000000070f600000, 0x000000070f800000|  0%| F|  |TAMS 0x000000070f600000| PB 0x000000070f600000| Untracked 
| 110|0x000000070f800000, 0x000000070f800000, 0x000000070fa00000|  0%| F|  |TAMS 0x000000070f800000| PB 0x000000070f800000| Untracked 
| 111|0x000000070fa00000, 0x000000070fa00000, 0x000000070fc00000|  0%| F|  |TAMS 0x000000070fa00000| PB 0x000000070fa00000| Untracked 
| 112|0x000000070fc00000, 0x000000070fc00000, 0x000000070fe00000|  0%| F|  |TAMS 0x000000070fc00000| PB 0x000000070fc00000| Untracked 
| 113|0x000000070fe00000, 0x000000070fe00000, 0x0000000710000000|  0%| F|  |TAMS 0x000000070fe00000| PB 0x000000070fe00000| Untracked 
| 114|0x0000000710000000, 0x0000000710000000, 0x0000000710200000|  0%| F|  |TAMS 0x0000000710000000| PB 0x0000000710000000| Untracked 
| 115|0x0000000710200000, 0x0000000710200000, 0x0000000710400000|  0%| F|  |TAMS 0x0000000710200000| PB 0x0000000710200000| Untracked 
| 116|0x0000000710400000, 0x0000000710400000, 0x0000000710600000|  0%| F|  |TAMS 0x0000000710400000| PB 0x0000000710400000| Untracked 
| 117|0x0000000710600000, 0x0000000710600000, 0x0000000710800000|  0%| F|  |TAMS 0x0000000710600000| PB 0x0000000710600000| Untracked 
| 118|0x0000000710800000, 0x0000000710800000, 0x0000000710a00000|  0%| F|  |TAMS 0x0000000710800000| PB 0x0000000710800000| Untracked 
| 119|0x0000000710a00000, 0x0000000710a00000, 0x0000000710c00000|  0%| F|  |TAMS 0x0000000710a00000| PB 0x0000000710a00000| Untracked 
| 120|0x0000000710c00000, 0x0000000710c00000, 0x0000000710e00000|  0%| F|  |TAMS 0x0000000710c00000| PB 0x0000000710c00000| Untracked 
| 121|0x0000000710e00000, 0x0000000710e00000, 0x0000000711000000|  0%| F|  |TAMS 0x0000000710e00000| PB 0x0000000710e00000| Untracked 
| 122|0x0000000711000000, 0x0000000711000000, 0x0000000711200000|  0%| F|  |TAMS 0x0000000711000000| PB 0x0000000711000000| Untracked 
| 123|0x0000000711200000, 0x0000000711200000, 0x0000000711400000|  0%| F|  |TAMS 0x0000000711200000| PB 0x0000000711200000| Untracked 
| 124|0x0000000711400000, 0x0000000711400000, 0x0000000711600000|  0%| F|  |TAMS 0x0000000711400000| PB 0x0000000711400000| Untracked 
| 125|0x0000000711600000, 0x00000007117aef58, 0x0000000711800000| 84%| E|  |TAMS 0x0000000711600000| PB 0x0000000711600000| Complete 
| 126|0x0000000711800000, 0x0000000711a00000, 0x0000000711a00000|100%| E|CS|TAMS 0x0000000711800000| PB 0x0000000711800000| Complete 
| 127|0x0000000711a00000, 0x0000000711c00000, 0x0000000711c00000|100%| E|CS|TAMS 0x0000000711a00000| PB 0x0000000711a00000| Complete 

Card table byte_map: [0x000001c3f9350000,0x000001c3f9b50000] _byte_map_base: 0x000001c3f5b42000

Marking Bits: (CMBitMap*) 0x000001c3f073cb10
 Bits: [0x000001c3f9b50000, 0x000001c3fdae0000)

Polling page: 0x000001c3ee580000

Metaspace:

Usage:
  Non-class:      5.01 MB used.
      Class:    679.86 KB used.
       Both:      5.67 MB used.

Virtual space:
  Non-class space:       64.00 MB reserved,       5.06 MB (  8%) committed,  1 nodes.
      Class space:        1.00 GB reserved,     768.00 KB ( <1%) committed,  1 nodes.
             Both:        1.06 GB reserved,       5.81 MB ( <1%) committed. 

Chunk freelists:
   Non-Class:  10.89 MB
       Class:  15.25 MB
        Both:  26.14 MB

MaxMetaspaceSize: unlimited
CompressedClassSpaceSize: 1.00 GB
Initial GC threshold: 21.00 MB
Current GC threshold: 21.00 MB
CDS: on
 - commit_granule_bytes: 65536.
 - commit_granule_words: 8192.
 - virtual_space_node_default_size: 8388608.
 - enlarge_chunks_in_place: 1.
 - use_allocation_guard: 0.


Internal statistics:

num_allocs_failed_limit: 0.
num_arena_births: 114.
num_arena_deaths: 0.
num_vsnodes_births: 2.
num_vsnodes_deaths: 0.
num_space_committed: 93.
num_space_uncommitted: 0.
num_chunks_returned_to_freelist: 0.
num_chunks_taken_from_freelist: 136.
num_chunk_merges: 0.
num_chunk_splits: 84.
num_chunks_enlarged: 35.
num_inconsistent_stats: 0.

CodeHeap 'non-profiled nmethods': size=120000Kb used=171Kb max_used=171Kb free=119828Kb
 bounds [0x000001c387ad0000, 0x000001c387d40000, 0x000001c38f000000]
CodeHeap 'profiled nmethods': size=120000Kb used=832Kb max_used=832Kb free=119167Kb
 bounds [0x000001c380000000, 0x000001c380270000, 0x000001c387530000]
CodeHeap 'non-nmethods': size=5760Kb used=1421Kb max_used=1428Kb free=4338Kb
 bounds [0x000001c387530000, 0x000001c3877a0000, 0x000001c387ad0000]
 total_blobs=1097 nmethods=584 adapters=418
 compilation: enabled
              stopped_count=0, restarted_count=0
 full_count=0

Compilation events (20 events):
Event: 0.255 Thread 0x000001c38f1d7a40  566   !   3       javax.swing.UIDefaults::getFromHashtable (239 bytes)
Event: 0.256 Thread 0x000001c38f1d7a40 nmethod 566 0x000001c3800c4f10 code [0x000001c3800c5240, 0x000001c3800c6760]
Event: 0.256 Thread 0x000001c38f1d7a40  567       3       javax.swing.UIDefaults::get (21 bytes)
Event: 0.256 Thread 0x000001c38f1d7a40 nmethod 567 0x000001c3800c6d10 code [0x000001c3800c6ee0, 0x000001c3800c70e8]
Event: 0.256 Thread 0x000001c38f1d7a40  568       3       java.lang.invoke.DirectMethodHandle::make (275 bytes)
Event: 0.257 Thread 0x000001c38f1d7a40 nmethod 568 0x000001c3800c7190 code [0x000001c3800c7540, 0x000001c3800c8910]
Event: 0.257 Thread 0x000001c38f1d7a40  570       3       javax.swing.SwingUtilities::appContextGet (8 bytes)
Event: 0.257 Thread 0x000001c38f1d7a40 nmethod 570 0x000001c3800c9090 code [0x000001c3800c9240, 0x000001c3800c93a8]
Event: 0.257 Thread 0x000001c38f1d7a40  569       3       java.lang.invoke.MemberName::isField (8 bytes)
Event: 0.257 Thread 0x000001c38f1d7a40 nmethod 569 0x000001c3800c9490 code [0x000001c3800c9640, 0x000001c3800c9810]
Event: 0.258 Thread 0x000001c38f1d7a40  571       3       java.lang.Class::cast (27 bytes)
Event: 0.258 Thread 0x000001c38f1d7a40 nmethod 571 0x000001c3800c9910 code [0x000001c3800c9ae0, 0x000001c3800c9d90]
Event: 0.258 Thread 0x000001c38f1d7a40  572       3       java.lang.invoke.LambdaForm::editor (5 bytes)
Event: 0.258 Thread 0x000001c38f1d7a40 nmethod 572 0x000001c3800c9e90 code [0x000001c3800ca060, 0x000001c3800ca3a0]
Event: 0.258 Thread 0x000001c38f1d7a40  573       3       java.lang.invoke.LambdaFormEditor::lambdaFormEditor (12 bytes)
Event: 0.259 Thread 0x000001c38f1d7a40 nmethod 573 0x000001c3800ca510 code [0x000001c3800ca6e0, 0x000001c3800ca998]
Event: 0.259 Thread 0x000001c38f1d7a40  575       3       java.lang.invoke.ClassSpecializer$SpeciesData::fieldCount (10 bytes)
Event: 0.259 Thread 0x000001c38f1d7a40 nmethod 575 0x000001c3800cab10 code [0x000001c3800cacc0, 0x000001c3800caea0]
Event: 0.259 Thread 0x000001c38f1d7a40  576       3       java.lang.invoke.LambdaFormEditor$Transform::equals (32 bytes)
Event: 0.259 Thread 0x000001c38f1d7a40 nmethod 576 0x000001c3800caf90 code [0x000001c3800cb140, 0x000001c3800cb320]

GC Heap History (0 events):
No events

Dll operation events (7 events):
Event: 0.007 Loaded shared library C:\Program Files\Java\jdk-21\bin\java.dll
Event: 0.037 Loaded shared library C:\Program Files\Java\jdk-21\bin\jsvml.dll
Event: 0.065 Loaded shared library C:\Program Files\Java\jdk-21\bin\net.dll
Event: 0.067 Loaded shared library C:\Program Files\Java\jdk-21\bin\nio.dll
Event: 0.083 Loaded shared library C:\Program Files\Java\jdk-21\bin\zip.dll
Event: 0.100 Loaded shared library C:\Program Files\Java\jdk-21\bin\jimage.dll
Event: 0.113 Loaded shared library C:\Program Files\Java\jdk-21\bin\awt.dll

Deoptimization events (8 events):
Event: 0.195 Thread 0x000001c3ee63d990 Uncommon trap: trap_request=0xffffff45 fr.pc=0x000001c387adfc6c relative=0x0000000000000a8c
Event: 0.195 Thread 0x000001c3ee63d990 Uncommon trap: reason=unstable_if action=reinterpret pc=0x000001c387adfc6c method=java.util.HashMap.putVal(ILjava/lang/Object;Ljava/lang/Object;ZZ)Ljava/lang/Object; @ 236 c2
Event: 0.195 Thread 0x000001c3ee63d990 DEOPT PACKING pc=0x000001c387adfc6c sp=0x00000036071fda10
Event: 0.195 Thread 0x000001c3ee63d990 DEOPT UNPACKING pc=0x000001c3875846a2 sp=0x00000036071fd9c8 mode 2
Event: 0.252 Thread 0x000001c3ee63d990 Uncommon trap: trap_request=0xffffff45 fr.pc=0x000001c387ada9d4 relative=0x00000000000000b4
Event: 0.252 Thread 0x000001c3ee63d990 Uncommon trap: reason=unstable_if action=reinterpret pc=0x000001c387ada9d4 method=java.util.HashMap.hash(Ljava/lang/Object;)I @ 1 c2
Event: 0.252 Thread 0x000001c3ee63d990 DEOPT PACKING pc=0x000001c387ada9d4 sp=0x00000036071fe5a0
Event: 0.252 Thread 0x000001c3ee63d990 DEOPT UNPACKING pc=0x000001c3875846a2 sp=0x00000036071fe538 mode 2

Classes loaded (20 events):
Event: 0.257 Loading class javax/swing/plaf/metal/MetalScrollButton done
Event: 0.257 Loading class javax/swing/DefaultButtonModel
Event: 0.257 Loading class javax/swing/ButtonModel
Event: 0.257 Loading class javax/swing/ButtonModel done
Event: 0.257 Loading class javax/swing/DefaultButtonModel done
Event: 0.257 Loading class javax/swing/AbstractButton$Handler
Event: 0.257 Loading class javax/swing/AbstractButton$Handler done
Event: 0.258 Loading class javax/swing/plaf/metal/MetalButtonUI
Event: 0.258 Loading class javax/swing/plaf/basic/BasicButtonUI
Event: 0.258 Loading class javax/swing/plaf/ButtonUI
Event: 0.258 Loading class javax/swing/plaf/ButtonUI done
Event: 0.258 Loading class javax/swing/plaf/basic/BasicButtonUI done
Event: 0.258 Loading class javax/swing/plaf/metal/MetalButtonUI done
Event: 0.259 Loading class javax/swing/plaf/metal/MetalBorders
Event: 0.259 Loading class javax/swing/plaf/metal/MetalBorders done
Event: 0.259 Loading class javax/swing/plaf/BorderUIResource$CompoundBorderUIResource
Event: 0.259 Loading class javax/swing/border/CompoundBorder
Event: 0.259 Loading class javax/swing/border/CompoundBorder done
Event: 0.259 Loading class javax/swing/plaf/BorderUIResource$CompoundBorderUIResource done
Event: 0.259 Loading class javax/swing/plaf/metal/MetalBorders$ButtonBorder

Classes unloaded (0 events):
No events

Classes redefined (0 events):
No events

Internal exceptions (13 events):
Event: 0.068 Thread 0x000001c3ee63d990 Exception <a 'sun/nio/fs/WindowsException'{0x0000000711bb04d0}> (0x0000000711bb04d0) 
thrown [s\open\src\hotspot\share\prims\jni.cpp, line 520]
Event: 0.069 Thread 0x000001c3ee63d990 Exception <a 'sun/nio/fs/WindowsException'{0x0000000711bb29f8}> (0x0000000711bb29f8) 
thrown [s\open\src\hotspot\share\prims\jni.cpp, line 520]
Event: 0.069 Thread 0x000001c3ee63d990 Exception <a 'sun/nio/fs/WindowsException'{0x0000000711bb3500}> (0x0000000711bb3500) 
thrown [s\open\src\hotspot\share\prims\jni.cpp, line 520]
Event: 0.105 Thread 0x000001c3ee63d990 Exception <a 'java/lang/ClassNotFoundException'{0x000000071187e2d8}: sun/awt/resources/spi/awtProvider> (0x000000071187e2d8) 
thrown [s\open\src\hotspot\share\classfile\systemDictionary.cpp, line 312]
Event: 0.123 Thread 0x000001c3ee63d990 Exception <a 'java/io/FileNotFoundException'{0x00000007118d3588}> (0x00000007118d3588) 
thrown [s\open\src\hotspot\share\prims\jni.cpp, line 520]
Event: 0.129 Thread 0x000001c3ee63d990 Exception <a 'java/io/FileNotFoundException'{0x00000007118fd768}> (0x00000007118fd768) 
thrown [s\open\src\hotspot\share\prims\jni.cpp, line 520]
Event: 0.197 Thread 0x000001c3ee63d990 Exception <a 'java/lang/NoSuchMethodError'{0x000000071160e3f0}: 'void java.lang.invoke.DirectMethodHandle$Holder.invokeSpecial(java.lang.Object, java.lang.Object, java.lang.Object)'> (0x000000071160e3f0) 
thrown [s\open\src\hotspot\share\interpreter\linkResolver.cpp, line 773]
Event: 0.204 Thread 0x000001c3ee63d990 Exception <a 'java/lang/NoSuchMethodError'{0x0000000711633d10}: 'java.lang.Object java.lang.invoke.DirectMethodHandle$Holder.newInvokeSpecial(java.lang.Object, java.lang.Object, java.lang.Object, java.lang.Object, java.lang.Object)'> (0x0000000711633d10) 
thrown [s\open\src\hotspot\share\interpreter\linkResolver.cpp, line 773]
Event: 0.209 Thread 0x000001c3ee63d990 Exception <a 'java/lang/NoSuchMethodError'{0x000000071165fae0}: 'java.lang.Object java.lang.invoke.DirectMethodHandle$Holder.invokeStatic(java.lang.Object, int, java.lang.Object)'> (0x000000071165fae0) 
thrown [s\open\src\hotspot\share\interpreter\linkResolver.cpp, line 773]
Event: 0.226 Thread 0x000001c3ee63d990 Exception <a 'java/lang/ClassNotFoundException'{0x00000007116ff2c8}: com/sun/swing/internal/plaf/metal/resources/spi/metalProvider> (0x00000007116ff2c8) 
thrown [s\open\src\hotspot\share\classfile\systemDictionary.cpp, line 312]
Event: 0.227 Thread 0x000001c3ee63d990 Exception <a 'java/lang/ClassNotFoundException'{0x00000007117031d8}: com/sun/swing/internal/plaf/basic/resources/spi/basicProvider> (0x00000007117031d8) 
thrown [s\open\src\hotspot\share\classfile\systemDictionary.cpp, line 312]
Event: 0.235 Thread 0x000001c3ee63d990 Exception <a 'java/lang/NoSuchMethodError'{0x0000000711722360}: 'int java.lang.invoke.Invokers$Holder.invokeExact_MT(java.lang.Object, java.lang.Object)'> (0x0000000711722360) 
thrown [s\open\src\hotspot\share\interpreter\linkResolver.cpp, line 773]
Event: 0.252 Thread 0x000001c3ee63d990 Implicit null exception at 0x000001c387ada940 to 0x000001c387ada9c5

ZGC Phase Switch (0 events):
No events

VM Operations (4 events):
Event: 0.070 Executing VM operation: HandshakeAllThreads (Deoptimize)
Event: 0.070 Executing VM operation: HandshakeAllThreads (Deoptimize) done
Event: 0.240 Executing VM operation: HandshakeAllThreads (Deoptimize)
Event: 0.240 Executing VM operation: HandshakeAllThreads (Deoptimize) done

Events (15 events):
Event: 0.021 Thread 0x000001c3ee63d990 Thread added: 0x000001c3ee63d990
Event: 0.034 Thread 0x000001c38f19bb60 Thread added: 0x000001c38f19bb60
Event: 0.034 Thread 0x000001c38f19ca80 Thread added: 0x000001c38f19ca80
Event: 0.035 Thread 0x000001c38f1a0710 Thread added: 0x000001c38f1a0710
Event: 0.035 Thread 0x000001c38f1a3400 Thread added: 0x000001c38f1a3400
Event: 0.035 Thread 0x000001c38f1a3e60 Thread added: 0x000001c38f1a3e60
Event: 0.035 Thread 0x000001c38f1a68d0 Thread added: 0x000001c38f1a68d0
Event: 0.035 Thread 0x000001c38f1b2b70 Thread added: 0x000001c38f1b2b70
Event: 0.035 Thread 0x000001c38f1d7a40 Thread added: 0x000001c38f1d7a40
Event: 0.054 Thread 0x000001c38f3ed3d0 Thread added: 0x000001c38f3ed3d0
Event: 0.080 Thread 0x000001c38f492dc0 Thread added: 0x000001c38f492dc0
Event: 0.087 Thread 0x000001c38f54ac50 Thread added: 0x000001c38f54ac50
Event: 0.171 Thread 0x000001c38f63e010 Thread added: 0x000001c38f63e010
Event: 0.172 Thread 0x000001c38f63e680 Thread added: 0x000001c38f63e680
Event: 0.173 Thread 0x000001c38f5384f0 Thread added: 0x000001c38f5384f0


Dynamic libraries:
0x00007ff6e5390000 - 0x00007ff6e53a0000 	C:\Program Files\Java\jdk-21\bin\java.exe
0x00007ffdbfdf0000 - 0x00007ffdbffe8000 	C:\Windows\SYSTEM32\ntdll.dll
0x00007ffdbf2e0000 - 0x00007ffdbf39d000 	C:\Windows\System32\KERNEL32.DLL
0x00007ffdbd740000 - 0x00007ffdbda36000 	C:\Windows\System32\KERNELBASE.dll
0x00007ffdbd4a0000 - 0x00007ffdbd5a0000 	C:\Windows\System32\ucrtbase.dll
0x00007ffda1d50000 - 0x00007ffda1d69000 	C:\Program Files\Java\jdk-21\bin\jli.dll
0x00007ffd69430000 - 0x00007ffd6944b000 	C:\Program Files\Java\jdk-21\bin\VCRUNTIME140.dll
0x00007ffdbfa40000 - 0x00007ffdbfaf0000 	C:\Windows\System32\ADVAPI32.dll
0x00007ffdbf960000 - 0x00007ffdbf9fe000 	C:\Windows\System32\msvcrt.dll
0x00007ffdbfc00000 - 0x00007ffdbfca0000 	C:\Windows\System32\sechost.dll
0x00007ffdbe9a0000 - 0x00007ffdbeac5000 	C:\Windows\System32\RPCRT4.dll
0x00007ffdbd710000 - 0x00007ffdbd737000 	C:\Windows\System32\bcrypt.dll
0x00007ffdbf050000 - 0x00007ffdbf1ee000 	C:\Windows\System32\USER32.dll
0x00007ffdbda40000 - 0x00007ffdbda62000 	C:\Windows\System32\win32u.dll
0x00007ffdbfd10000 - 0x00007ffdbfd3b000 	C:\Windows\System32\GDI32.dll
0x00007ffdbda70000 - 0x00007ffdbdb87000 	C:\Windows\System32\gdi32full.dll
0x00007ffdbdc20000 - 0x00007ffdbdcbd000 	C:\Windows\System32\msvcp_win.dll
0x00007ffda29f0000 - 0x00007ffda2c8a000 	C:\Windows\WinSxS\amd64_microsoft.windows.common-controls_6595b64144ccf1df_6.0.19041.3636_none_60b6a03d71f818d5\COMCTL32.dll
0x00007ffdb7c70000 - 0x00007ffdb7c7a000 	C:\Windows\SYSTEM32\VERSION.dll
0x00007ffdbfa00000 - 0x00007ffdbfa32000 	C:\Windows\System32\IMM32.DLL
0x00007ffdb3e00000 - 0x00007ffdb3e0c000 	C:\Program Files\Java\jdk-21\bin\vcruntime140_1.dll
0x00007ffd6aa80000 - 0x00007ffd6ab0e000 	C:\Program Files\Java\jdk-21\bin\msvcp140.dll
0x00007ffd64580000 - 0x00007ffd65297000 	C:\Program Files\Java\jdk-21\bin\server\jvm.dll
0x00007ffdbfd40000 - 0x00007ffdbfdab000 	C:\Windows\System32\WS2_32.dll
0x00007ffdbd010000 - 0x00007ffdbd05b000 	C:\Windows\SYSTEM32\POWRPROF.dll
0x00007ffda31b0000 - 0x00007ffda31d7000 	C:\Windows\SYSTEM32\WINMM.dll
0x00007ffdbcf00000 - 0x00007ffdbcf12000 	C:\Windows\SYSTEM32\UMPDC.dll
0x00007ffdbb370000 - 0x00007ffdbb382000 	C:\Windows\SYSTEM32\kernel.appcore.dll
0x00007ffda29c0000 - 0x00007ffda29ca000 	C:\Program Files\Java\jdk-21\bin\jimage.dll
0x00007ffdaaf40000 - 0x00007ffdab124000 	C:\Windows\SYSTEM32\DBGHELP.DLL
0x00007ffdaa870000 - 0x00007ffdaa8a4000 	C:\Windows\SYSTEM32\dbgcore.DLL
0x00007ffdbdb90000 - 0x00007ffdbdc12000 	C:\Windows\System32\bcryptPrimitives.dll
0x00007ffd69410000 - 0x00007ffd6942f000 	C:\Program Files\Java\jdk-21\bin\java.dll
0x00007ffdbdfd0000 - 0x00007ffdbe73b000 	C:\Windows\System32\SHELL32.dll
0x00007ffdbb570000 - 0x00007ffdbbd0e000 	C:\Windows\SYSTEM32\windows.storage.dll
0x00007ffdbece0000 - 0x00007ffdbf033000 	C:\Windows\System32\combase.dll
0x00007ffdbce60000 - 0x00007ffdbce8e000 	C:\Windows\SYSTEM32\Wldp.dll
0x00007ffdbe7a0000 - 0x00007ffdbe86d000 	C:\Windows\System32\OLEAUT32.dll
0x00007ffdbe870000 - 0x00007ffdbe91d000 	C:\Windows\System32\SHCORE.dll
0x00007ffdbe740000 - 0x00007ffdbe795000 	C:\Windows\System32\shlwapi.dll
0x00007ffdbd3d0000 - 0x00007ffdbd3f5000 	C:\Windows\SYSTEM32\profapi.dll
0x00007ffd6bac0000 - 0x00007ffd6bb97000 	C:\Program Files\Java\jdk-21\bin\jsvml.dll
0x00007ffda2830000 - 0x00007ffda2840000 	C:\Program Files\Java\jdk-21\bin\net.dll
0x00007ffdb59f0000 - 0x00007ffdb5afa000 	C:\Windows\SYSTEM32\WINHTTP.dll
0x00007ffdbcb60000 - 0x00007ffdbcbca000 	C:\Windows\system32\mswsock.dll
0x00007ffd832b0000 - 0x00007ffd832c6000 	C:\Program Files\Java\jdk-21\bin\nio.dll
0x00007ffd7c660000 - 0x00007ffd7c678000 	C:\Program Files\Java\jdk-21\bin\zip.dll
0x00007ffd69070000 - 0x00007ffd691ff000 	C:\Program Files\Java\jdk-21\bin\awt.dll
0x00007ffdbad00000 - 0x00007ffdbad90000 	C:\Windows\SYSTEM32\apphelp.dll
0x00007ffdbb080000 - 0x00007ffdbb0af000 	C:\Windows\system32\DWMAPI.DLL
0x00007ffdbaea0000 - 0x00007ffdbaf3e000 	C:\Windows\system32\uxtheme.dll
0x00007ffdaadf0000 - 0x00007ffdaaf15000 	C:\Windows\system32\opengl32.dll
0x00007ffdaad90000 - 0x00007ffdaadbc000 	C:\Windows\SYSTEM32\GLU32.dll
0x00007ffdbf830000 - 0x00007ffdbf945000 	C:\Windows\System32\MSCTF.dll
0x00007ffdbead0000 - 0x00007ffdbebfb000 	C:\Windows\System32\ole32.dll

dbghelp: loaded successfully - version: 4.0.5 - missing functions: none
symbol engine: initialized successfully - sym options: 0x614 - pdb path: .;C:\Program Files\Java\jdk-21\bin;C:\Windows\SYSTEM32;C:\Windows\WinSxS\amd64_microsoft.windows.common-controls_6595b64144ccf1df_6.0.19041.3636_none_60b6a03d71f818d5;C:\Program Files\Java\jdk-21\bin\server

VM Arguments:
jvm_args: -Dfile.encoding=UTF-8 --module-path=C:\Users\Sandy\Documents\NetBeansProjects\Bank Management system\build\classes 
java_command: bank.management.system.SignupTwo
java_class_path (initial): C:\Users\Sandy\Documents\smital\Project Related\jcalendar-tz-1.3.3-4.jar;C:\Users\Sandy\Documents\smital\Sorftwares\mysql-connector-j-8.3.0;C:\Users\Sandy\Documents\smital\Sorftwares\mysql-connector-j-8.3.0\mysql-connector-j-8.3.0.jar;C:\Users\Sandy\Documents\NetBeansProjects\Bank Management system\build\classes
Launcher Type: SUN_STANDARD

[Global flags]
     intx CICompilerCount                          = 3                                         {product} {ergonomic}
     uint ConcGCThreads                            = 1                                         {product} {ergonomic}
     uint G1ConcRefinementThreads                  = 4                                         {product} {ergonomic}
   size_t G1HeapRegionSize                         = 2097152                                   {product} {ergonomic}
    uintx GCDrainStackTargetSize                   = 64                                        {product} {ergonomic}
   size_t InitialHeapSize                          = 268435456                                 {product} {ergonomic}
   size_t MarkStackSize                            = 4194304                                   {product} {ergonomic}
   size_t MaxHeapSize                              = 4265607168                                {product} {ergonomic}
   size_t MaxNewSize                               = 2558525440                                {product} {ergonomic}
   size_t MinHeapDeltaBytes                        = 2097152                                   {product} {ergonomic}
   size_t MinHeapSize                              = 8388608                                   {product} {ergonomic}
    uintx NonNMethodCodeHeapSize                   = 5832780                                {pd product} {ergonomic}
    uintx NonProfiledCodeHeapSize                  = 122912730                              {pd product} {ergonomic}
    uintx ProfiledCodeHeapSize                     = 122912730                              {pd product} {ergonomic}
    uintx ReservedCodeCacheSize                    = 251658240                              {pd product} {ergonomic}
     bool SegmentedCodeCache                       = true                                      {product} {ergonomic}
   size_t SoftMaxHeapSize                          = 4265607168                             {manageable} {ergonomic}
     bool UseCompressedOops                        = true                           {product lp64_product} {ergonomic}
     bool UseG1GC                                  = true                                      {product} {ergonomic}
     bool UseLargePagesIndividualAllocation        = false                                  {pd product} {ergonomic}

Logging:
Log output configuration:
 #0: stdout all=warning uptime,level,tags foldmultilines=false
 #1: stderr all=off uptime,level,tags foldmultilines=false

Environment Variables:
PATH=C:\Program Files\Common Files\Oracle\Java\javapath;C:\Windows\system32;C:\Windows;C:\Windows\System32\Wbem;C:\Windows\System32\WindowsPowerShell\v1.0\;C:\Windows\System32\OpenSSH\;C:\MinGW\bin;C:\Program Files\Java\jdk-21\bin;C:\Users\Sandy\AppData\Local\Programs\Python\Python312\Scripts\;C:\Users\Sandy\AppData\Local\Programs\Python\Python312\;C:\Program Files\MySQL\MySQL Shell 8.0\bin\;C:\Users\Sandy\AppData\Local\Microsoft\WindowsApps;;C:\Users\Sandy\AppData\Local\Programs\Microsoft VS Code\bin
USERNAME=Raj
OS=Windows_NT
PROCESSOR_IDENTIFIER=Intel64 Family 6 Model 94 Stepping 3, GenuineIntel
TMP=C:\Users\Sandy\AppData\Local\Temp
TEMP=C:\Users\Sandy\AppData\Local\Temp




Periodic native trim disabled

---------------  S Y S T E M  ---------------

OS:
 Windows 10 , 64 bit Build 19041 (10.0.19041.3636)
OS uptime: 2 days 17:03 hours

CPU: total 4 (initial active 4) (4 cores per cpu, 1 threads per core) family 6 model 94 stepping 3 microcode 0xcc, cx8, cmov, fxsr, mmx, 3dnowpref, sse, sse2, sse3, ssse3, sse4.1, sse4.2, popcnt, lzcnt, tsc, tscinvbit, avx, avx2, aes, erms, clmul, bmi1, bmi2, rtm, adx, fma, vzeroupper, clflush, clflushopt, rdtscp, f16c
Processor Information for all 4 processors :
  Max Mhz: 3192, Current Mhz: 3192, Mhz Limit: 3192

Memory: 4k page, system-wide physical 16267M (8250M free)
TotalPageFile size 31460M (AvailPageFile size 5M)
current process WorkingSet (physical memory assigned to process): 51M, peak: 51M
current process commit charge ("private bytes"): 340M, peak: 340M

vm_info: Java HotSpot(TM) 64-Bit Server VM (21.0.2+13-LTS-58) for windows-amd64 JRE (21.0.2+13-LTS-58), built on 2024-01-05T18:32:24Z by "mach5one" with MS VC++ 17.1 (VS2022)

END.
