#
# There is insufficient memory for the Java Runtime Environment to continue.
# Native memory allocation (mmap) failed to map 65536 bytes for Failed to commit metaspace.
# Possible reasons:
#   The system is out of physical RAM or swap space
#   The process is running with CompressedOops enabled, and the Java Heap may be blocking the growth of the native heap
# Possible solutions:
#   Reduce memory load on the system
#   Increase physical memory or swap space
#   Check if swap backing store is full
#   Decrease Java heap size (-Xmx/-Xms)
#   Decrease number of Java threads
#   Decrease Java thread stack sizes (-Xss)
#   Set larger code cache with -XX:ReservedCodeCacheSize=
#   JVM is running with Zero Based Compressed Oops mode in which the Java heap is
#     placed in the first 32GB address space. The Java Heap base address is the
#     maximum limit for the native heap growth. Please use -XX:HeapBaseMinAddress
#     to set the Java Heap base and to place the Java Heap above 32GB virtual address.
# This output file may be truncated or incomplete.
#
#  Out of Memory Error (virtualSpaceNode.cpp:112), pid=18452, tid=9156
#
# JRE version: Java(TM) SE Runtime Environment (21.0.2+13) (build 21.0.2+13-LTS-58)
# Java VM: Java HotSpot(TM) 64-Bit Server VM (21.0.2+13-LTS-58, mixed mode, sharing, tiered, compressed oops, compressed class ptrs, g1 gc, windows-amd64)
# No core dump will be written. Minidumps are not enabled by default on client versions of Windows
#

---------------  S U M M A R Y ------------

Command Line: -Dfile.encoding=UTF-8 --module-path=C:\Users\Sandy\Documents\NetBeansProjects\Bank Management system\build\classes bank.management.system.SignupTwo

Host: Intel(R) Core(TM) i5-6500 CPU @ 3.20GHz, 4 cores, 15G,  Windows 10 , 64 bit Build 19041 (10.0.19041.3636)
Time: Mon Mar 25 16:28:32 2024 India Standard Time elapsed time: 0.288717 seconds (0d 0h 0m 0s)

---------------  T H R E A D  ---------------

Current thread (0x000001126406bc10):  JavaThread "main"             [_thread_in_vm, id=9156, stack(0x0000000779900000,0x0000000779a00000) (1024K)]

Stack: [0x0000000779900000,0x0000000779a00000]
Native frames: (J=compiled Java code, j=interpreted, Vv=VM code, C=native code)
V  [jvm.dll+0x6cade9]
V  [jvm.dll+0x8569c1]
V  [jvm.dll+0x858d2e]
V  [jvm.dll+0x859413]
V  [jvm.dll+0x280e56]
V  [jvm.dll+0x8526ee]
V  [jvm.dll+0x66e705]
V  [jvm.dll+0x66e76a]
V  [jvm.dll+0x670f96]
V  [jvm.dll+0x670e62]
V  [jvm.dll+0x66f0de]
V  [jvm.dll+0x679347]
V  [jvm.dll+0x217b73]
V  [jvm.dll+0x2180b5]
V  [jvm.dll+0x218ad1]
V  [jvm.dll+0x20dd9e]
V  [jvm.dll+0x5ad3dc]
V  [jvm.dll+0x21f76a]
V  [jvm.dll+0x7cec21]
V  [jvm.dll+0x7cfc85]
V  [jvm.dll+0x7d0440]
V  [jvm.dll+0x2161e6]
V  [jvm.dll+0x218a1e]
V  [jvm.dll+0x20dd9e]
V  [jvm.dll+0x5ad3dc]
V  [jvm.dll+0x21f76a]
V  [jvm.dll+0x7cec21]
V  [jvm.dll+0x7cfc85]
V  [jvm.dll+0x7d022f]
V  [jvm.dll+0x7cfed8]
V  [jvm.dll+0x26ed7b]
V  [jvm.dll+0x3d3c0e]
C  0x0000011275c8a83f

The last pc belongs to new (printed below).
Java frames: (J=compiled Java code, j=interpreted, Vv=VM code)
j  javax.swing.JScrollBar.<init>(IIIII)V+45 java.desktop@21.0.2
j  javax.swing.JScrollBar.<init>(I)V+8 java.desktop@21.0.2
j  javax.swing.JScrollPane$ScrollBar.<init>(Ljavax/swing/JScrollPane;I)V+7 java.desktop@21.0.2
j  javax.swing.JScrollPane.createVerticalScrollBar()Ljavax/swing/JScrollBar;+6 java.desktop@21.0.2
j  javax.swing.JScrollPane.<init>(Ljava/awt/Component;II)V+52 java.desktop@21.0.2
j  javax.swing.plaf.basic.BasicComboPopup.createScroller()Ljavax/swing/JScrollPane;+12 java.desktop@21.0.2
j  javax.swing.plaf.basic.BasicComboPopup.<init>(Ljavax/swing/JComboBox;)V+69 java.desktop@21.0.2
j  javax.swing.plaf.basic.BasicComboBoxUI.createPopup()Ljavax/swing/plaf/basic/ComboPopup;+8 java.desktop@21.0.2
j  javax.swing.plaf.metal.MetalComboBoxUI.createPopup()Ljavax/swing/plaf/basic/ComboPopup;+1 java.desktop@21.0.2
j  javax.swing.plaf.basic.BasicComboBoxUI.installUI(Ljavax/swing/JComponent;)V+21 java.desktop@21.0.2
j  javax.swing.JComponent.setUI(Ljavax/swing/plaf/ComponentUI;)V+52 java.desktop@21.0.2
j  javax.swing.JComboBox.setUI(Ljavax/swing/plaf/ComboBoxUI;)V+2 java.desktop@21.0.2
j  javax.swing.JComboBox.updateUI()V+20 java.desktop@21.0.2
j  javax.swing.JComboBox.init()V+15 java.desktop@21.0.2
j  javax.swing.JComboBox.<init>([Ljava/lang/Object;)V+61 java.desktop@21.0.2
j  bank.management.system.SignupTwo.<init>()V+151
j  bank.management.system.SignupTwo.main([Ljava/lang/String;)V+4
v  ~StubRoutines::call_stub 0x0000011275c7100d
new  187 new  [0x0000011275c8a6c0, 0x0000011275c8a8c8]  520 bytes
[MachCode]
  0x0000011275c8a6c0: 4883 ec08 | c5fa 1104 | 24eb 1f48 | 83ec 10c5 | fb11 0424 | eb14 4883 | ec10 4889 | 0424 48c7 
  0x0000011275c8a6e0: 4424 0800 | 0000 00eb | 0150 410f | b755 010f | cac1 ea10 | 488b 4de8 | 488b 4908 | 488b 4908 
  0x0000011275c8a700: 488b 4108 | 807c 1004 | 070f 85d3 | 0000 0066 | 8b54 d148 | 488b 4928 | 488b 4cd1 | 0851 80b9 
  0x0000011275c8a720: 2001 0000 | 050f 85b6 | 0000 008b | 5108 f6c2 | 010f 85aa | 0000 0049 | 8b87 b801 | 0000 488d 
  0x0000011275c8a740: 1c10 493b | 9fc8 0100 | 000f 8792 | 0000 0049 | 899f b801 | 0000 4883 | ea10 0f84 | 0f00 0000 
  0x0000011275c8a760: 33c9 c1ea | 0348 894c | d008 48ff | ca75 f648 | c700 0100 | 0000 5933 | f689 700c | 49ba 0000 
  0x0000011275c8a780: 0006 1201 | 0000 492b | ca89 4808 | 49ba fa45 | 1a65 fd7f | 0000 4180 | 3a00 0f84 | 3c00 0000 
  0x0000011275c8a7a0: 5048 8bc8 | 4883 ec20 | 40f6 c40f | 0f84 1900 | 0000 4883 | ec08 48b8 | 8009 cb64 | fd7f 0000 
  0x0000011275c8a7c0: ffd0 4883 | c408 e90c | 0000 0048 | b880 09cb | 64fd 7f00 | 00ff d048 | 83c4 2058 | e9cb 0000 
  0x0000011275c8a7e0: 0059 488b | 55e8 488b | 5208 488b | 5208 450f | b745 0141 | 0fc8 41c1 | e810 e805 | 0000 00e9 
  0x0000011275c8a800: a800 0000 | 488d 4424 | 084c 896d | c049 8bcf | c5f8 7749 | 89af a803 | 0000 4989 | 8798 0300 
  0x0000011275c8a820: 0048 83ec | 2040 f6c4 | 0f0f 8419 | 0000 0048 | 83ec 0848 | b8c0 3b95 | 64fd 7f00 | 00ff d048 
  0x0000011275c8a840: 83c4 08e9 | 0c00 0000 | 48b8 c03b | 9564 fd7f | 0000 ffd0 | 4883 c420 | 49c7 8798 | 0300 0000 
  0x0000011275c8a860: 0000 0049 | c787 a803 | 0000 0000 | 0000 49c7 | 87a0 0300 | 0000 0000 | 00c5 f877 | 4983 7f08 
  0x0000011275c8a880: 000f 8405 | 0000 00e9 | 7466 feff | 498b 87f0 | 0300 0049 | c787 f003 | 0000 0000 | 0000 4c8b 
  0x0000011275c8a8a0: 6dc0 4c8b | 75c8 4e8d | 74f5 00c3 | 410f b65d | 0349 83c5 | 0349 ba00 | 071d 65fd | 7f00 0041 
  0x0000011275c8a8c0: ff24 da0f | 1f44 0000 
[/MachCode]

---------------  P R O C E S S  ---------------

Threads class SMR info:
_java_thread_list=0x000001124b1c7f30, length=15, elements={
0x000001126406bc10, 0x000001127ec2ae60, 0x000001127ec2bd80, 0x000001127ec2f900,
0x000001127ec30360, 0x000001127ec30dc0, 0x000001127ec33830, 0x000001127ec3c5d0,
0x000001127ec42800, 0x000001124b1c1930, 0x000001124b288670, 0x000001124b28e930,
0x000001124b3ed360, 0x000001124b3f08a0, 0x000001124b3f3bf0
}

Java Threads: ( => current thread )
=>0x000001126406bc10 JavaThread "main"                              [_thread_in_vm, id=9156, stack(0x0000000779900000,0x0000000779a00000) (1024K)]
  0x000001127ec2ae60 JavaThread "Reference Handler"          daemon [_thread_blocked, id=20060, stack(0x000000077a100000,0x000000077a200000) (1024K)]
  0x000001127ec2bd80 JavaThread "Finalizer"                  daemon [_thread_blocked, id=3608, stack(0x000000077a200000,0x000000077a300000) (1024K)]
  0x000001127ec2f900 JavaThread "Signal Dispatcher"          daemon [_thread_blocked, id=5912, stack(0x000000077a300000,0x000000077a400000) (1024K)]
  0x000001127ec30360 JavaThread "Attach Listener"            daemon [_thread_blocked, id=6652, stack(0x000000077a400000,0x000000077a500000) (1024K)]
  0x000001127ec30dc0 JavaThread "Service Thread"             daemon [_thread_blocked, id=18672, stack(0x000000077a500000,0x000000077a600000) (1024K)]
  0x000001127ec33830 JavaThread "Monitor Deflation Thread"   daemon [_thread_blocked, id=20224, stack(0x000000077a600000,0x000000077a700000) (1024K)]
  0x000001127ec3c5d0 JavaThread "C2 CompilerThread0"         daemon [_thread_blocked, id=14072, stack(0x000000077a700000,0x000000077a800000) (1024K)]
  0x000001127ec42800 JavaThread "C1 CompilerThread0"         daemon [_thread_blocked, id=14636, stack(0x000000077a800000,0x000000077a900000) (1024K)]
  0x000001124b1c1930 JavaThread "Common-Cleaner"             daemon [_thread_blocked, id=6600, stack(0x000000077a900000,0x000000077aa00000) (1024K)]
  0x000001124b288670 JavaThread "Notification Thread"        daemon [_thread_blocked, id=1908, stack(0x000000077aa00000,0x000000077ab00000) (1024K)]
  0x000001124b28e930 JavaThread "C2 CompilerThread1"         daemon [_thread_blocked, id=8812, stack(0x000000077ab00000,0x000000077ac00000) (1024K)]
  0x000001124b3ed360 JavaThread "Java2D Disposer"            daemon [_thread_blocked, id=7428, stack(0x000000077ac00000,0x000000077ad00000) (1024K)]
  0x000001124b3f08a0 JavaThread "AWT-Shutdown"                      [_thread_blocked, id=20164, stack(0x000000077ad00000,0x000000077ae00000) (1024K)]
  0x000001124b3f3bf0 JavaThread "AWT-Windows"                daemon [_thread_in_native, id=9312, stack(0x000000077ae00000,0x000000077af00000) (1024K)]
Total: 15

Other Threads:
  0x000001127ec08bb0 VMThread "VM Thread"                           [id=10580, stack(0x000000077a000000,0x000000077a100000) (1024K)]
  0x000001127ebf0870 WatcherThread "VM Periodic Task Thread"        [id=14596, stack(0x0000000779f00000,0x000000077a000000) (1024K)]
  0x000001126632a5c0 WorkerThread "GC Thread#0"                     [id=19464, stack(0x0000000779a00000,0x0000000779b00000) (1024K)]
  0x000001126633dcd0 ConcurrentGCThread "G1 Main Marker"            [id=14724, stack(0x0000000779b00000,0x0000000779c00000) (1024K)]
  0x000001126633ee80 WorkerThread "G1 Conc#0"                       [id=3636, stack(0x0000000779c00000,0x0000000779d00000) (1024K)]
  0x000001126639e4e0 ConcurrentGCThread "G1 Refine#0"               [id=19388, stack(0x0000000779d00000,0x0000000779e00000) (1024K)]
  0x000001127eab30c0 ConcurrentGCThread "G1 Service"                [id=3892, stack(0x0000000779e00000,0x0000000779f00000) (1024K)]
Total: 7

Threads with active compile tasks:
Total: 0

VM state: not at safepoint (normal execution)

VM Mutex/Monitor currently owned by a thread:  ([mutex/lock_event])
[0x00007ffd651bace8] Metaspace_lock - owner thread: 0x000001126406bc10

Heap address: 0x00000004d6800000, size: 4068 MB, Compressed Oops mode: Zero based, Oop shift amount: 3

CDS archive(s) mapped at: [0x0000011206000000-0x0000011206c90000-0x0000011206c90000), size 13172736, SharedBaseAddress: 0x0000011206000000, ArchiveRelocationMode: 1.
Compressed class space mapped at: 0x0000011207000000-0x0000011247000000, reserved size: 1073741824
Narrow klass base: 0x0000011206000000, Narrow klass shift: 0, Narrow klass range: 0x100000000

GC Precious Log:
 CardTable entry size: 512
 Card Set container configuration: InlinePtr #cards 4 size 8 Array Of Cards #cards 16 size 48 Howl #buckets 8 coarsen threshold 3686 Howl Bitmap #cards 512 size 80 coarsen threshold 460 Card regions per heap region 1 cards per card region 4096
 CPUs: 4 total, 4 available
 Memory: 16267M
 Large Page Support: Disabled
 NUMA Support: Disabled
 Compressed Oops: Enabled (Zero based)
 Heap Region Size: 2M
 Heap Min Capacity: 8M
 Heap Initial Capacity: 256M
 Heap Max Capacity: 4068M
 Pre-touch: Disabled
 Parallel Workers: 4
 Concurrent Workers: 1
 Concurrent Refinement Workers: 4
 Periodic GC: Disabled

Heap:
 garbage-first heap   total 262144K, used 4096K [0x00000004d6800000, 0x00000005d4c00000)
  region size 2048K, 3 young (6144K), 0 survivors (0K)
 Metaspace       used 5353K, committed 5440K, reserved 1114112K
  class space    used 606K, committed 640K, reserved 1048576K

Heap Regions: E=young(eden), S=young(survivor), O=old, HS=humongous(starts), HC=humongous(continues), CS=collection set, F=free, TAMS=top-at-mark-start, PB=parsable bottom
|   0|0x00000004d6800000, 0x00000004d6800000, 0x00000004d6a00000|  0%| F|  |TAMS 0x00000004d6800000| PB 0x00000004d6800000| Untracked 
|   1|0x00000004d6a00000, 0x00000004d6a00000, 0x00000004d6c00000|  0%| F|  |TAMS 0x00000004d6a00000| PB 0x00000004d6a00000| Untracked 
|   2|0x00000004d6c00000, 0x00000004d6c00000, 0x00000004d6e00000|  0%| F|  |TAMS 0x00000004d6c00000| PB 0x00000004d6c00000| Untracked 
|   3|0x00000004d6e00000, 0x00000004d6e00000, 0x00000004d7000000|  0%| F|  |TAMS 0x00000004d6e00000| PB 0x00000004d6e00000| Untracked 
|   4|0x00000004d7000000, 0x00000004d7000000, 0x00000004d7200000|  0%| F|  |TAMS 0x00000004d7000000| PB 0x00000004d7000000| Untracked 
|   5|0x00000004d7200000, 0x00000004d7200000, 0x00000004d7400000|  0%| F|  |TAMS 0x00000004d7200000| PB 0x00000004d7200000| Untracked 
|   6|0x00000004d7400000, 0x00000004d7400000, 0x00000004d7600000|  0%| F|  |TAMS 0x00000004d7400000| PB 0x00000004d7400000| Untracked 
|   7|0x00000004d7600000, 0x00000004d7600000, 0x00000004d7800000|  0%| F|  |TAMS 0x00000004d7600000| PB 0x00000004d7600000| Untracked 
|   8|0x00000004d7800000, 0x00000004d7800000, 0x00000004d7a00000|  0%| F|  |TAMS 0x00000004d7800000| PB 0x00000004d7800000| Untracked 
|   9|0x00000004d7a00000, 0x00000004d7a00000, 0x00000004d7c00000|  0%| F|  |TAMS 0x00000004d7a00000| PB 0x00000004d7a00000| Untracked 
|  10|0x00000004d7c00000, 0x00000004d7c00000, 0x00000004d7e00000|  0%| F|  |TAMS 0x00000004d7c00000| PB 0x00000004d7c00000| Untracked 
|  11|0x00000004d7e00000, 0x00000004d7e00000, 0x00000004d8000000|  0%| F|  |TAMS 0x00000004d7e00000| PB 0x00000004d7e00000| Untracked 
|  12|0x00000004d8000000, 0x00000004d8000000, 0x00000004d8200000|  0%| F|  |TAMS 0x00000004d8000000| PB 0x00000004d8000000| Untracked 
|  13|0x00000004d8200000, 0x00000004d8200000, 0x00000004d8400000|  0%| F|  |TAMS 0x00000004d8200000| PB 0x00000004d8200000| Untracked 
|  14|0x00000004d8400000, 0x00000004d8400000, 0x00000004d8600000|  0%| F|  |TAMS 0x00000004d8400000| PB 0x00000004d8400000| Untracked 
|  15|0x00000004d8600000, 0x00000004d8600000, 0x00000004d8800000|  0%| F|  |TAMS 0x00000004d8600000| PB 0x00000004d8600000| Untracked 
|  16|0x00000004d8800000, 0x00000004d8800000, 0x00000004d8a00000|  0%| F|  |TAMS 0x00000004d8800000| PB 0x00000004d8800000| Untracked 
|  17|0x00000004d8a00000, 0x00000004d8a00000, 0x00000004d8c00000|  0%| F|  |TAMS 0x00000004d8a00000| PB 0x00000004d8a00000| Untracked 
|  18|0x00000004d8c00000, 0x00000004d8c00000, 0x00000004d8e00000|  0%| F|  |TAMS 0x00000004d8c00000| PB 0x00000004d8c00000| Untracked 
|  19|0x00000004d8e00000, 0x00000004d8e00000, 0x00000004d9000000|  0%| F|  |TAMS 0x00000004d8e00000| PB 0x00000004d8e00000| Untracked 
|  20|0x00000004d9000000, 0x00000004d9000000, 0x00000004d9200000|  0%| F|  |TAMS 0x00000004d9000000| PB 0x00000004d9000000| Untracked 
|  21|0x00000004d9200000, 0x00000004d9200000, 0x00000004d9400000|  0%| F|  |TAMS 0x00000004d9200000| PB 0x00000004d9200000| Untracked 
|  22|0x00000004d9400000, 0x00000004d9400000, 0x00000004d9600000|  0%| F|  |TAMS 0x00000004d9400000| PB 0x00000004d9400000| Untracked 
|  23|0x00000004d9600000, 0x00000004d9600000, 0x00000004d9800000|  0%| F|  |TAMS 0x00000004d9600000| PB 0x00000004d9600000| Untracked 
|  24|0x00000004d9800000, 0x00000004d9800000, 0x00000004d9a00000|  0%| F|  |TAMS 0x00000004d9800000| PB 0x00000004d9800000| Untracked 
|  25|0x00000004d9a00000, 0x00000004d9a00000, 0x00000004d9c00000|  0%| F|  |TAMS 0x00000004d9a00000| PB 0x00000004d9a00000| Untracked 
|  26|0x00000004d9c00000, 0x00000004d9c00000, 0x00000004d9e00000|  0%| F|  |TAMS 0x00000004d9c00000| PB 0x00000004d9c00000| Untracked 
|  27|0x00000004d9e00000, 0x00000004d9e00000, 0x00000004da000000|  0%| F|  |TAMS 0x00000004d9e00000| PB 0x00000004d9e00000| Untracked 
|  28|0x00000004da000000, 0x00000004da000000, 0x00000004da200000|  0%| F|  |TAMS 0x00000004da000000| PB 0x00000004da000000| Untracked 
|  29|0x00000004da200000, 0x00000004da200000, 0x00000004da400000|  0%| F|  |TAMS 0x00000004da200000| PB 0x00000004da200000| Untracked 
|  30|0x00000004da400000, 0x00000004da400000, 0x00000004da600000|  0%| F|  |TAMS 0x00000004da400000| PB 0x00000004da400000| Untracked 
|  31|0x00000004da600000, 0x00000004da600000, 0x00000004da800000|  0%| F|  |TAMS 0x00000004da600000| PB 0x00000004da600000| Untracked 
|  32|0x00000004da800000, 0x00000004da800000, 0x00000004daa00000|  0%| F|  |TAMS 0x00000004da800000| PB 0x00000004da800000| Untracked 
|  33|0x00000004daa00000, 0x00000004daa00000, 0x00000004dac00000|  0%| F|  |TAMS 0x00000004daa00000| PB 0x00000004daa00000| Untracked 
|  34|0x00000004dac00000, 0x00000004dac00000, 0x00000004dae00000|  0%| F|  |TAMS 0x00000004dac00000| PB 0x00000004dac00000| Untracked 
|  35|0x00000004dae00000, 0x00000004dae00000, 0x00000004db000000|  0%| F|  |TAMS 0x00000004dae00000| PB 0x00000004dae00000| Untracked 
|  36|0x00000004db000000, 0x00000004db000000, 0x00000004db200000|  0%| F|  |TAMS 0x00000004db000000| PB 0x00000004db000000| Untracked 
|  37|0x00000004db200000, 0x00000004db200000, 0x00000004db400000|  0%| F|  |TAMS 0x00000004db200000| PB 0x00000004db200000| Untracked 
|  38|0x00000004db400000, 0x00000004db400000, 0x00000004db600000|  0%| F|  |TAMS 0x00000004db400000| PB 0x00000004db400000| Untracked 
|  39|0x00000004db600000, 0x00000004db600000, 0x00000004db800000|  0%| F|  |TAMS 0x00000004db600000| PB 0x00000004db600000| Untracked 
|  40|0x00000004db800000, 0x00000004db800000, 0x00000004dba00000|  0%| F|  |TAMS 0x00000004db800000| PB 0x00000004db800000| Untracked 
|  41|0x00000004dba00000, 0x00000004dba00000, 0x00000004dbc00000|  0%| F|  |TAMS 0x00000004dba00000| PB 0x00000004dba00000| Untracked 
|  42|0x00000004dbc00000, 0x00000004dbc00000, 0x00000004dbe00000|  0%| F|  |TAMS 0x00000004dbc00000| PB 0x00000004dbc00000| Untracked 
|  43|0x00000004dbe00000, 0x00000004dbe00000, 0x00000004dc000000|  0%| F|  |TAMS 0x00000004dbe00000| PB 0x00000004dbe00000| Untracked 
|  44|0x00000004dc000000, 0x00000004dc000000, 0x00000004dc200000|  0%| F|  |TAMS 0x00000004dc000000| PB 0x00000004dc000000| Untracked 
|  45|0x00000004dc200000, 0x00000004dc200000, 0x00000004dc400000|  0%| F|  |TAMS 0x00000004dc200000| PB 0x00000004dc200000| Untracked 
|  46|0x00000004dc400000, 0x00000004dc400000, 0x00000004dc600000|  0%| F|  |TAMS 0x00000004dc400000| PB 0x00000004dc400000| Untracked 
|  47|0x00000004dc600000, 0x00000004dc600000, 0x00000004dc800000|  0%| F|  |TAMS 0x00000004dc600000| PB 0x00000004dc600000| Untracked 
|  48|0x00000004dc800000, 0x00000004dc800000, 0x00000004dca00000|  0%| F|  |TAMS 0x00000004dc800000| PB 0x00000004dc800000| Untracked 
|  49|0x00000004dca00000, 0x00000004dca00000, 0x00000004dcc00000|  0%| F|  |TAMS 0x00000004dca00000| PB 0x00000004dca00000| Untracked 
|  50|0x00000004dcc00000, 0x00000004dcc00000, 0x00000004dce00000|  0%| F|  |TAMS 0x00000004dcc00000| PB 0x00000004dcc00000| Untracked 
|  51|0x00000004dce00000, 0x00000004dce00000, 0x00000004dd000000|  0%| F|  |TAMS 0x00000004dce00000| PB 0x00000004dce00000| Untracked 
|  52|0x00000004dd000000, 0x00000004dd000000, 0x00000004dd200000|  0%| F|  |TAMS 0x00000004dd000000| PB 0x00000004dd000000| Untracked 
|  53|0x00000004dd200000, 0x00000004dd200000, 0x00000004dd400000|  0%| F|  |TAMS 0x00000004dd200000| PB 0x00000004dd200000| Untracked 
|  54|0x00000004dd400000, 0x00000004dd400000, 0x00000004dd600000|  0%| F|  |TAMS 0x00000004dd400000| PB 0x00000004dd400000| Untracked 
|  55|0x00000004dd600000, 0x00000004dd600000, 0x00000004dd800000|  0%| F|  |TAMS 0x00000004dd600000| PB 0x00000004dd600000| Untracked 
|  56|0x00000004dd800000, 0x00000004dd800000, 0x00000004dda00000|  0%| F|  |TAMS 0x00000004dd800000| PB 0x00000004dd800000| Untracked 
|  57|0x00000004dda00000, 0x00000004dda00000, 0x00000004ddc00000|  0%| F|  |TAMS 0x00000004dda00000| PB 0x00000004dda00000| Untracked 
|  58|0x00000004ddc00000, 0x00000004ddc00000, 0x00000004dde00000|  0%| F|  |TAMS 0x00000004ddc00000| PB 0x00000004ddc00000| Untracked 
|  59|0x00000004dde00000, 0x00000004dde00000, 0x00000004de000000|  0%| F|  |TAMS 0x00000004dde00000| PB 0x00000004dde00000| Untracked 
|  60|0x00000004de000000, 0x00000004de000000, 0x00000004de200000|  0%| F|  |TAMS 0x00000004de000000| PB 0x00000004de000000| Untracked 
|  61|0x00000004de200000, 0x00000004de200000, 0x00000004de400000|  0%| F|  |TAMS 0x00000004de200000| PB 0x00000004de200000| Untracked 
|  62|0x00000004de400000, 0x00000004de400000, 0x00000004de600000|  0%| F|  |TAMS 0x00000004de400000| PB 0x00000004de400000| Untracked 
|  63|0x00000004de600000, 0x00000004de600000, 0x00000004de800000|  0%| F|  |TAMS 0x00000004de600000| PB 0x00000004de600000| Untracked 
|  64|0x00000004de800000, 0x00000004de800000, 0x00000004dea00000|  0%| F|  |TAMS 0x00000004de800000| PB 0x00000004de800000| Untracked 
|  65|0x00000004dea00000, 0x00000004dea00000, 0x00000004dec00000|  0%| F|  |TAMS 0x00000004dea00000| PB 0x00000004dea00000| Untracked 
|  66|0x00000004dec00000, 0x00000004dec00000, 0x00000004dee00000|  0%| F|  |TAMS 0x00000004dec00000| PB 0x00000004dec00000| Untracked 
|  67|0x00000004dee00000, 0x00000004dee00000, 0x00000004df000000|  0%| F|  |TAMS 0x00000004dee00000| PB 0x00000004dee00000| Untracked 
|  68|0x00000004df000000, 0x00000004df000000, 0x00000004df200000|  0%| F|  |TAMS 0x00000004df000000| PB 0x00000004df000000| Untracked 
|  69|0x00000004df200000, 0x00000004df200000, 0x00000004df400000|  0%| F|  |TAMS 0x00000004df200000| PB 0x00000004df200000| Untracked 
|  70|0x00000004df400000, 0x00000004df400000, 0x00000004df600000|  0%| F|  |TAMS 0x00000004df400000| PB 0x00000004df400000| Untracked 
|  71|0x00000004df600000, 0x00000004df600000, 0x00000004df800000|  0%| F|  |TAMS 0x00000004df600000| PB 0x00000004df600000| Untracked 
|  72|0x00000004df800000, 0x00000004df800000, 0x00000004dfa00000|  0%| F|  |TAMS 0x00000004df800000| PB 0x00000004df800000| Untracked 
|  73|0x00000004dfa00000, 0x00000004dfa00000, 0x00000004dfc00000|  0%| F|  |TAMS 0x00000004dfa00000| PB 0x00000004dfa00000| Untracked 
|  74|0x00000004dfc00000, 0x00000004dfc00000, 0x00000004dfe00000|  0%| F|  |TAMS 0x00000004dfc00000| PB 0x00000004dfc00000| Untracked 
|  75|0x00000004dfe00000, 0x00000004dfe00000, 0x00000004e0000000|  0%| F|  |TAMS 0x00000004dfe00000| PB 0x00000004dfe00000| Untracked 
|  76|0x00000004e0000000, 0x00000004e0000000, 0x00000004e0200000|  0%| F|  |TAMS 0x00000004e0000000| PB 0x00000004e0000000| Untracked 
|  77|0x00000004e0200000, 0x00000004e0200000, 0x00000004e0400000|  0%| F|  |TAMS 0x00000004e0200000| PB 0x00000004e0200000| Untracked 
|  78|0x00000004e0400000, 0x00000004e0400000, 0x00000004e0600000|  0%| F|  |TAMS 0x00000004e0400000| PB 0x00000004e0400000| Untracked 
|  79|0x00000004e0600000, 0x00000004e0600000, 0x00000004e0800000|  0%| F|  |TAMS 0x00000004e0600000| PB 0x00000004e0600000| Untracked 
|  80|0x00000004e0800000, 0x00000004e0800000, 0x00000004e0a00000|  0%| F|  |TAMS 0x00000004e0800000| PB 0x00000004e0800000| Untracked 
|  81|0x00000004e0a00000, 0x00000004e0a00000, 0x00000004e0c00000|  0%| F|  |TAMS 0x00000004e0a00000| PB 0x00000004e0a00000| Untracked 
|  82|0x00000004e0c00000, 0x00000004e0c00000, 0x00000004e0e00000|  0%| F|  |TAMS 0x00000004e0c00000| PB 0x00000004e0c00000| Untracked 
|  83|0x00000004e0e00000, 0x00000004e0e00000, 0x00000004e1000000|  0%| F|  |TAMS 0x00000004e0e00000| PB 0x00000004e0e00000| Untracked 
|  84|0x00000004e1000000, 0x00000004e1000000, 0x00000004e1200000|  0%| F|  |TAMS 0x00000004e1000000| PB 0x00000004e1000000| Untracked 
|  85|0x00000004e1200000, 0x00000004e1200000, 0x00000004e1400000|  0%| F|  |TAMS 0x00000004e1200000| PB 0x00000004e1200000| Untracked 
|  86|0x00000004e1400000, 0x00000004e1400000, 0x00000004e1600000|  0%| F|  |TAMS 0x00000004e1400000| PB 0x00000004e1400000| Untracked 
|  87|0x00000004e1600000, 0x00000004e1600000, 0x00000004e1800000|  0%| F|  |TAMS 0x00000004e1600000| PB 0x00000004e1600000| Untracked 
|  88|0x00000004e1800000, 0x00000004e1800000, 0x00000004e1a00000|  0%| F|  |TAMS 0x00000004e1800000| PB 0x00000004e1800000| Untracked 
|  89|0x00000004e1a00000, 0x00000004e1a00000, 0x00000004e1c00000|  0%| F|  |TAMS 0x00000004e1a00000| PB 0x00000004e1a00000| Untracked 
|  90|0x00000004e1c00000, 0x00000004e1c00000, 0x00000004e1e00000|  0%| F|  |TAMS 0x00000004e1c00000| PB 0x00000004e1c00000| Untracked 
|  91|0x00000004e1e00000, 0x00000004e1e00000, 0x00000004e2000000|  0%| F|  |TAMS 0x00000004e1e00000| PB 0x00000004e1e00000| Untracked 
|  92|0x00000004e2000000, 0x00000004e2000000, 0x00000004e2200000|  0%| F|  |TAMS 0x00000004e2000000| PB 0x00000004e2000000| Untracked 
|  93|0x00000004e2200000, 0x00000004e2200000, 0x00000004e2400000|  0%| F|  |TAMS 0x00000004e2200000| PB 0x00000004e2200000| Untracked 
|  94|0x00000004e2400000, 0x00000004e2400000, 0x00000004e2600000|  0%| F|  |TAMS 0x00000004e2400000| PB 0x00000004e2400000| Untracked 
|  95|0x00000004e2600000, 0x00000004e2600000, 0x00000004e2800000|  0%| F|  |TAMS 0x00000004e2600000| PB 0x00000004e2600000| Untracked 
|  96|0x00000004e2800000, 0x00000004e2800000, 0x00000004e2a00000|  0%| F|  |TAMS 0x00000004e2800000| PB 0x00000004e2800000| Untracked 
|  97|0x00000004e2a00000, 0x00000004e2a00000, 0x00000004e2c00000|  0%| F|  |TAMS 0x00000004e2a00000| PB 0x00000004e2a00000| Untracked 
|  98|0x00000004e2c00000, 0x00000004e2c00000, 0x00000004e2e00000|  0%| F|  |TAMS 0x00000004e2c00000| PB 0x00000004e2c00000| Untracked 
|  99|0x00000004e2e00000, 0x00000004e2e00000, 0x00000004e3000000|  0%| F|  |TAMS 0x00000004e2e00000| PB 0x00000004e2e00000| Untracked 
| 100|0x00000004e3000000, 0x00000004e3000000, 0x00000004e3200000|  0%| F|  |TAMS 0x00000004e3000000| PB 0x00000004e3000000| Untracked 
| 101|0x00000004e3200000, 0x00000004e3200000, 0x00000004e3400000|  0%| F|  |TAMS 0x00000004e3200000| PB 0x00000004e3200000| Untracked 
| 102|0x00000004e3400000, 0x00000004e3400000, 0x00000004e3600000|  0%| F|  |TAMS 0x00000004e3400000| PB 0x00000004e3400000| Untracked 
| 103|0x00000004e3600000, 0x00000004e3600000, 0x00000004e3800000|  0%| F|  |TAMS 0x00000004e3600000| PB 0x00000004e3600000| Untracked 
| 104|0x00000004e3800000, 0x00000004e3800000, 0x00000004e3a00000|  0%| F|  |TAMS 0x00000004e3800000| PB 0x00000004e3800000| Untracked 
| 105|0x00000004e3a00000, 0x00000004e3a00000, 0x00000004e3c00000|  0%| F|  |TAMS 0x00000004e3a00000| PB 0x00000004e3a00000| Untracked 
| 106|0x00000004e3c00000, 0x00000004e3c00000, 0x00000004e3e00000|  0%| F|  |TAMS 0x00000004e3c00000| PB 0x00000004e3c00000| Untracked 
| 107|0x00000004e3e00000, 0x00000004e3e00000, 0x00000004e4000000|  0%| F|  |TAMS 0x00000004e3e00000| PB 0x00000004e3e00000| Untracked 
| 108|0x00000004e4000000, 0x00000004e4000000, 0x00000004e4200000|  0%| F|  |TAMS 0x00000004e4000000| PB 0x00000004e4000000| Untracked 
| 109|0x00000004e4200000, 0x00000004e4200000, 0x00000004e4400000|  0%| F|  |TAMS 0x00000004e4200000| PB 0x00000004e4200000| Untracked 
| 110|0x00000004e4400000, 0x00000004e4400000, 0x00000004e4600000|  0%| F|  |TAMS 0x00000004e4400000| PB 0x00000004e4400000| Untracked 
| 111|0x00000004e4600000, 0x00000004e4600000, 0x00000004e4800000|  0%| F|  |TAMS 0x00000004e4600000| PB 0x00000004e4600000| Untracked 
| 112|0x00000004e4800000, 0x00000004e4800000, 0x00000004e4a00000|  0%| F|  |TAMS 0x00000004e4800000| PB 0x00000004e4800000| Untracked 
| 113|0x00000004e4a00000, 0x00000004e4a00000, 0x00000004e4c00000|  0%| F|  |TAMS 0x00000004e4a00000| PB 0x00000004e4a00000| Untracked 
| 114|0x00000004e4c00000, 0x00000004e4c00000, 0x00000004e4e00000|  0%| F|  |TAMS 0x00000004e4c00000| PB 0x00000004e4c00000| Untracked 
| 115|0x00000004e4e00000, 0x00000004e4e00000, 0x00000004e5000000|  0%| F|  |TAMS 0x00000004e4e00000| PB 0x00000004e4e00000| Untracked 
| 116|0x00000004e5000000, 0x00000004e5000000, 0x00000004e5200000|  0%| F|  |TAMS 0x00000004e5000000| PB 0x00000004e5000000| Untracked 
| 117|0x00000004e5200000, 0x00000004e5200000, 0x00000004e5400000|  0%| F|  |TAMS 0x00000004e5200000| PB 0x00000004e5200000| Untracked 
| 118|0x00000004e5400000, 0x00000004e5400000, 0x00000004e5600000|  0%| F|  |TAMS 0x00000004e5400000| PB 0x00000004e5400000| Untracked 
| 119|0x00000004e5600000, 0x00000004e5600000, 0x00000004e5800000|  0%| F|  |TAMS 0x00000004e5600000| PB 0x00000004e5600000| Untracked 
| 120|0x00000004e5800000, 0x00000004e5800000, 0x00000004e5a00000|  0%| F|  |TAMS 0x00000004e5800000| PB 0x00000004e5800000| Untracked 
| 121|0x00000004e5a00000, 0x00000004e5a00000, 0x00000004e5c00000|  0%| F|  |TAMS 0x00000004e5a00000| PB 0x00000004e5a00000| Untracked 
| 122|0x00000004e5c00000, 0x00000004e5c00000, 0x00000004e5e00000|  0%| F|  |TAMS 0x00000004e5c00000| PB 0x00000004e5c00000| Untracked 
| 123|0x00000004e5e00000, 0x00000004e5e00000, 0x00000004e6000000|  0%| F|  |TAMS 0x00000004e5e00000| PB 0x00000004e5e00000| Untracked 
| 124|0x00000004e6000000, 0x00000004e6000000, 0x00000004e6200000|  0%| F|  |TAMS 0x00000004e6000000| PB 0x00000004e6000000| Untracked 
| 125|0x00000004e6200000, 0x00000004e63717f0, 0x00000004e6400000| 72%| E|  |TAMS 0x00000004e6200000| PB 0x00000004e6200000| Complete 
| 126|0x00000004e6400000, 0x00000004e6600000, 0x00000004e6600000|100%| E|CS|TAMS 0x00000004e6400000| PB 0x00000004e6400000| Complete 
| 127|0x00000004e6600000, 0x00000004e6800000, 0x00000004e6800000|100%| E|CS|TAMS 0x00000004e6600000| PB 0x00000004e6600000| Complete 

Card table byte_map: [0x000001127df40000,0x000001127e740000] _byte_map_base: 0x000001127b88c000

Marking Bits: (CMBitMap*) 0x000001126632cbf0
 Bits: [0x0000011200000000, 0x0000011203f90000)

Polling page: 0x0000011264020000

Metaspace:

Usage:
  Non-class:      4.64 MB used.
      Class:    606.09 KB used.
       Both:      5.23 MB used.

Virtual space:
  Non-class space:       64.00 MB reserved,       4.69 MB (  7%) committed,  1 nodes.
      Class space:        1.00 GB reserved,     640.00 KB ( <1%) committed,  1 nodes.
             Both:        1.06 GB reserved,       5.31 MB ( <1%) committed. 

Chunk freelists:
   Non-Class:  10.89 MB
       Class:  15.25 MB
        Both:  26.14 MB

MaxMetaspaceSize: unlimited
CompressedClassSpaceSize: 1.00 GB
Initial GC threshold: 21.00 MB
Current GC threshold: 21.00 MB
CDS: on
 - commit_granule_bytes: 65536.
 - commit_granule_words: 8192.
 - virtual_space_node_default_size: 8388608.
 - enlarge_chunks_in_place: 1.
 - use_allocation_guard: 0.


Internal statistics:

num_allocs_failed_limit: 0.
num_arena_births: 114.
num_arena_deaths: 0.
num_vsnodes_births: 2.
num_vsnodes_deaths: 0.
num_space_committed: 85.
num_space_uncommitted: 0.
num_chunks_returned_to_freelist: 0.
num_chunks_taken_from_freelist: 136.
num_chunk_merges: 0.
num_chunk_splits: 84.
num_chunks_enlarged: 35.
num_inconsistent_stats: 0.

CodeHeap 'non-profiled nmethods': size=120000Kb used=168Kb max_used=168Kb free=119831Kb
 bounds [0x0000011276210000, 0x0000011276480000, 0x000001127d740000]
CodeHeap 'profiled nmethods': size=120000Kb used=785Kb max_used=785Kb free=119214Kb
 bounds [0x000001126e740000, 0x000001126e9b0000, 0x0000011275c70000]
CodeHeap 'non-nmethods': size=5760Kb used=1415Kb max_used=1427Kb free=4344Kb
 bounds [0x0000011275c70000, 0x0000011275ee0000, 0x0000011276210000]
 total_blobs=1069 nmethods=560 adapters=414
 compilation: enabled
              stopped_count=0, restarted_count=0
 full_count=0

Compilation events (20 events):
Event: 0.254 Thread 0x000001127ec42800  550       3       java.lang.invoke.MemberName::getType (19 bytes)
Event: 0.254 Thread 0x000001127ec42800 nmethod 550 0x000001126e7fe710 code [0x000001126e7fe8e0, 0x000001126e7febd8]
Event: 0.255 Thread 0x000001127ec42800  551       3       java.lang.String::<init> (15 bytes)
Event: 0.255 Thread 0x000001127ec42800 nmethod 551 0x000001126e7fed10 code [0x000001126e7feec0, 0x000001126e7ff090]
Event: 0.255 Thread 0x000001127ec42800  552       3       java.lang.StringConcatHelper::stringOf (20 bytes)
Event: 0.256 Thread 0x000001127ec42800 nmethod 552 0x000001126e7ff190 code [0x000001126e7ff340, 0x000001126e7ff578]
Event: 0.256 Thread 0x000001127ec42800  553       3       java.lang.invoke.MethodType::methodType (21 bytes)
Event: 0.256 Thread 0x000001127ec42800 nmethod 553 0x000001126e7ff610 code [0x000001126e7ff7e0, 0x000001126e7ff9b8]
Event: 0.256 Thread 0x000001127ec42800  554       1       java.lang.Integer::intValue (5 bytes)
Event: 0.256 Thread 0x000001127ec42800 nmethod 554 0x0000011276239910 code [0x0000011276239aa0, 0x0000011276239b68]
Event: 0.256 Thread 0x000001127ec42800  555       3       java.awt.AWTKeyStroke::hashCode (36 bytes)
Event: 0.256 Thread 0x000001127ec42800 nmethod 555 0x000001126e7ffa90 code [0x000001126e7ffc20, 0x000001126e7ffda0]
Event: 0.256 Thread 0x000001127ec42800  556       3       java.util.StringTokenizer::scanToken (179 bytes)
Event: 0.257 Thread 0x000001127ec42800 nmethod 556 0x000001126e7ffe10 code [0x000001126e800120, 0x000001126e8013d8]
Event: 0.257 Thread 0x000001127ec42800  557   !   3       java.lang.invoke.MemberName::getFieldType (176 bytes)
Event: 0.258 Thread 0x000001127ec42800 nmethod 557 0x000001126e801b10 code [0x000001126e801e20, 0x000001126e803150]
Event: 0.258 Thread 0x000001127ec42800  558       3       java.lang.Integer::valueOf (32 bytes)
Event: 0.258 Thread 0x000001127ec42800 nmethod 558 0x000001126e803710 code [0x000001126e8038e0, 0x000001126e803bf8]
Event: 0.259 Thread 0x000001127ec42800  559  s    3       java.util.Hashtable::get (69 bytes)
Event: 0.259 Thread 0x000001127ec42800 nmethod 559 0x000001126e803d10 code [0x000001126e803f00, 0x000001126e804468]

GC Heap History (0 events):
No events

Dll operation events (7 events):
Event: 0.008 Loaded shared library C:\Program Files\Java\jdk-21\bin\java.dll
Event: 0.036 Loaded shared library C:\Program Files\Java\jdk-21\bin\jsvml.dll
Event: 0.065 Loaded shared library C:\Program Files\Java\jdk-21\bin\net.dll
Event: 0.066 Loaded shared library C:\Program Files\Java\jdk-21\bin\nio.dll
Event: 0.084 Loaded shared library C:\Program Files\Java\jdk-21\bin\zip.dll
Event: 0.102 Loaded shared library C:\Program Files\Java\jdk-21\bin\jimage.dll
Event: 0.115 Loaded shared library C:\Program Files\Java\jdk-21\bin\awt.dll

Deoptimization events (4 events):
Event: 0.199 Thread 0x000001126406bc10 Uncommon trap: trap_request=0xffffff45 fr.pc=0x000001127621fbd4 relative=0x0000000000000a74
Event: 0.199 Thread 0x000001126406bc10 Uncommon trap: reason=unstable_if action=reinterpret pc=0x000001127621fbd4 method=java.util.HashMap.putVal(ILjava/lang/Object;Ljava/lang/Object;ZZ)Ljava/lang/Object; @ 236 c2
Event: 0.199 Thread 0x000001126406bc10 DEOPT PACKING pc=0x000001127621fbd4 sp=0x00000007799fdf50
Event: 0.199 Thread 0x000001126406bc10 DEOPT UNPACKING pc=0x0000011275cc46a2 sp=0x00000007799fdf08 mode 2

Classes loaded (20 events):
Event: 0.258 Loading class javax/swing/ScrollPaneLayout done
Event: 0.258 Loading class javax/swing/ScrollPaneLayout$UIResource done
Event: 0.258 Loading class javax/swing/JViewport
Event: 0.258 Loading class javax/swing/JViewport done
Event: 0.259 Loading class javax/swing/ViewportLayout
Event: 0.259 Loading class javax/swing/ViewportLayout done
Event: 0.259 Loading class javax/swing/plaf/basic/BasicViewportUI
Event: 0.259 Loading class javax/swing/plaf/ViewportUI
Event: 0.259 Loading class javax/swing/plaf/ViewportUI done
Event: 0.259 Loading class javax/swing/plaf/basic/BasicViewportUI done
Event: 0.259 Loading class javax/swing/JScrollPane$ScrollBar
Event: 0.259 Loading class javax/swing/JScrollBar
Event: 0.259 Loading class java/awt/Adjustable
Event: 0.259 Loading class java/awt/Adjustable done
Event: 0.259 Loading class javax/swing/JScrollBar done
Event: 0.259 Loading class javax/swing/JScrollPane$ScrollBar done
Event: 0.260 Loading class javax/swing/JScrollBar$ModelListener
Event: 0.260 Loading class javax/swing/JScrollBar$ModelListener done
Event: 0.260 Loading class javax/swing/DefaultBoundedRangeModel
Event: 0.260 Loading class javax/swing/BoundedRangeModel

Classes unloaded (0 events):
No events

Classes redefined (0 events):
No events

Internal exceptions (12 events):
Event: 0.067 Thread 0x000001126406bc10 Exception <a 'sun/nio/fs/WindowsException'{0x00000004e67b04d0}> (0x00000004e67b04d0) 
thrown [s\open\src\hotspot\share\prims\jni.cpp, line 520]
Event: 0.070 Thread 0x000001126406bc10 Exception <a 'sun/nio/fs/WindowsException'{0x00000004e67b29f8}> (0x00000004e67b29f8) 
thrown [s\open\src\hotspot\share\prims\jni.cpp, line 520]
Event: 0.070 Thread 0x000001126406bc10 Exception <a 'sun/nio/fs/WindowsException'{0x00000004e67b3500}> (0x00000004e67b3500) 
thrown [s\open\src\hotspot\share\prims\jni.cpp, line 520]
Event: 0.107 Thread 0x000001126406bc10 Exception <a 'java/lang/ClassNotFoundException'{0x00000004e647e2c0}: sun/awt/resources/spi/awtProvider> (0x00000004e647e2c0) 
thrown [s\open\src\hotspot\share\classfile\systemDictionary.cpp, line 312]
Event: 0.127 Thread 0x000001126406bc10 Exception <a 'java/io/FileNotFoundException'{0x00000004e64d3560}> (0x00000004e64d3560) 
thrown [s\open\src\hotspot\share\prims\jni.cpp, line 520]
Event: 0.132 Thread 0x000001126406bc10 Exception <a 'java/io/FileNotFoundException'{0x00000004e64fd7b0}> (0x00000004e64fd7b0) 
thrown [s\open\src\hotspot\share\prims\jni.cpp, line 520]
Event: 0.201 Thread 0x000001126406bc10 Exception <a 'java/lang/NoSuchMethodError'{0x00000004e620e3c0}: 'void java.lang.invoke.DirectMethodHandle$Holder.invokeSpecial(java.lang.Object, java.lang.Object, java.lang.Object)'> (0x00000004e620e3c0) 
thrown [s\open\src\hotspot\share\interpreter\linkResolver.cpp, line 773]
Event: 0.208 Thread 0x000001126406bc10 Exception <a 'java/lang/NoSuchMethodError'{0x00000004e6233ce0}: 'java.lang.Object java.lang.invoke.DirectMethodHandle$Holder.newInvokeSpecial(java.lang.Object, java.lang.Object, java.lang.Object, java.lang.Object, java.lang.Object)'> (0x00000004e6233ce0) 
thrown [s\open\src\hotspot\share\interpreter\linkResolver.cpp, line 773]
Event: 0.213 Thread 0x000001126406bc10 Exception <a 'java/lang/NoSuchMethodError'{0x00000004e625fac0}: 'java.lang.Object java.lang.invoke.DirectMethodHandle$Holder.invokeStatic(java.lang.Object, int, java.lang.Object)'> (0x00000004e625fac0) 
thrown [s\open\src\hotspot\share\interpreter\linkResolver.cpp, line 773]
Event: 0.232 Thread 0x000001126406bc10 Exception <a 'java/lang/ClassNotFoundException'{0x00000004e62ff2d8}: com/sun/swing/internal/plaf/metal/resources/spi/metalProvider> (0x00000004e62ff2d8) 
thrown [s\open\src\hotspot\share\classfile\systemDictionary.cpp, line 312]
Event: 0.232 Thread 0x000001126406bc10 Exception <a 'java/lang/ClassNotFoundException'{0x00000004e63031e8}: com/sun/swing/internal/plaf/basic/resources/spi/basicProvider> (0x00000004e63031e8) 
thrown [s\open\src\hotspot\share\classfile\systemDictionary.cpp, line 312]
Event: 0.241 Thread 0x000001126406bc10 Exception <a 'java/lang/NoSuchMethodError'{0x00000004e6322370}: 'int java.lang.invoke.Invokers$Holder.invokeExact_MT(java.lang.Object, java.lang.Object)'> (0x00000004e6322370) 
thrown [s\open\src\hotspot\share\interpreter\linkResolver.cpp, line 773]

ZGC Phase Switch (0 events):
No events

VM Operations (4 events):
Event: 0.071 Executing VM operation: HandshakeAllThreads (Deoptimize)
Event: 0.071 Executing VM operation: HandshakeAllThreads (Deoptimize) done
Event: 0.246 Executing VM operation: HandshakeAllThreads (Deoptimize)
Event: 0.246 Executing VM operation: HandshakeAllThreads (Deoptimize) done

Events (15 events):
Event: 0.021 Thread 0x000001126406bc10 Thread added: 0x000001126406bc10
Event: 0.034 Thread 0x000001127ec2ae60 Thread added: 0x000001127ec2ae60
Event: 0.034 Thread 0x000001127ec2bd80 Thread added: 0x000001127ec2bd80
Event: 0.035 Thread 0x000001127ec2f900 Thread added: 0x000001127ec2f900
Event: 0.035 Thread 0x000001127ec30360 Thread added: 0x000001127ec30360
Event: 0.035 Thread 0x000001127ec30dc0 Thread added: 0x000001127ec30dc0
Event: 0.035 Thread 0x000001127ec33830 Thread added: 0x000001127ec33830
Event: 0.035 Thread 0x000001127ec3c5d0 Thread added: 0x000001127ec3c5d0
Event: 0.035 Thread 0x000001127ec42800 Thread added: 0x000001127ec42800
Event: 0.055 Thread 0x000001124b1c1930 Thread added: 0x000001124b1c1930
Event: 0.080 Thread 0x000001124b288670 Thread added: 0x000001124b288670
Event: 0.088 Thread 0x000001124b28e930 Thread added: 0x000001124b28e930
Event: 0.175 Thread 0x000001124b3ed360 Thread added: 0x000001124b3ed360
Event: 0.176 Thread 0x000001124b3f08a0 Thread added: 0x000001124b3f08a0
Event: 0.177 Thread 0x000001124b3f3bf0 Thread added: 0x000001124b3f3bf0


Dynamic libraries:
0x00007ff6e5390000 - 0x00007ff6e53a0000 	C:\Program Files\Java\jdk-21\bin\java.exe
0x00007ffdbfdf0000 - 0x00007ffdbffe8000 	C:\Windows\SYSTEM32\ntdll.dll
0x00007ffdbf2e0000 - 0x00007ffdbf39d000 	C:\Windows\System32\KERNEL32.DLL
0x00007ffdbd740000 - 0x00007ffdbda36000 	C:\Windows\System32\KERNELBASE.dll
0x00007ffdbd4a0000 - 0x00007ffdbd5a0000 	C:\Windows\System32\ucrtbase.dll
0x00007ffd69430000 - 0x00007ffd6944b000 	C:\Program Files\Java\jdk-21\bin\VCRUNTIME140.dll
0x00007ffda1d50000 - 0x00007ffda1d69000 	C:\Program Files\Java\jdk-21\bin\jli.dll
0x00007ffdbfa40000 - 0x00007ffdbfaf0000 	C:\Windows\System32\ADVAPI32.dll
0x00007ffdbf960000 - 0x00007ffdbf9fe000 	C:\Windows\System32\msvcrt.dll
0x00007ffdbfc00000 - 0x00007ffdbfca0000 	C:\Windows\System32\sechost.dll
0x00007ffdbe9a0000 - 0x00007ffdbeac5000 	C:\Windows\System32\RPCRT4.dll
0x00007ffdbd710000 - 0x00007ffdbd737000 	C:\Windows\System32\bcrypt.dll
0x00007ffdbf050000 - 0x00007ffdbf1ee000 	C:\Windows\System32\USER32.dll
0x00007ffdbda40000 - 0x00007ffdbda62000 	C:\Windows\System32\win32u.dll
0x00007ffda29f0000 - 0x00007ffda2c8a000 	C:\Windows\WinSxS\amd64_microsoft.windows.common-controls_6595b64144ccf1df_6.0.19041.3636_none_60b6a03d71f818d5\COMCTL32.dll
0x00007ffdbfd10000 - 0x00007ffdbfd3b000 	C:\Windows\System32\GDI32.dll
0x00007ffdbda70000 - 0x00007ffdbdb87000 	C:\Windows\System32\gdi32full.dll
0x00007ffdbdc20000 - 0x00007ffdbdcbd000 	C:\Windows\System32\msvcp_win.dll
0x00007ffdb7c70000 - 0x00007ffdb7c7a000 	C:\Windows\SYSTEM32\VERSION.dll
0x00007ffdbfa00000 - 0x00007ffdbfa32000 	C:\Windows\System32\IMM32.DLL
0x00007ffdb3e00000 - 0x00007ffdb3e0c000 	C:\Program Files\Java\jdk-21\bin\vcruntime140_1.dll
0x00007ffd6aa80000 - 0x00007ffd6ab0e000 	C:\Program Files\Java\jdk-21\bin\msvcp140.dll
0x00007ffd64580000 - 0x00007ffd65297000 	C:\Program Files\Java\jdk-21\bin\server\jvm.dll
0x00007ffdbfd40000 - 0x00007ffdbfdab000 	C:\Windows\System32\WS2_32.dll
0x00007ffdbd010000 - 0x00007ffdbd05b000 	C:\Windows\SYSTEM32\POWRPROF.dll
0x00007ffda31b0000 - 0x00007ffda31d7000 	C:\Windows\SYSTEM32\WINMM.dll
0x00007ffdbcf00000 - 0x00007ffdbcf12000 	C:\Windows\SYSTEM32\UMPDC.dll
0x00007ffdbb370000 - 0x00007ffdbb382000 	C:\Windows\SYSTEM32\kernel.appcore.dll
0x00007ffda29c0000 - 0x00007ffda29ca000 	C:\Program Files\Java\jdk-21\bin\jimage.dll
0x00007ffdaaf40000 - 0x00007ffdab124000 	C:\Windows\SYSTEM32\DBGHELP.DLL
0x00007ffdaa870000 - 0x00007ffdaa8a4000 	C:\Windows\SYSTEM32\dbgcore.DLL
0x00007ffdbdb90000 - 0x00007ffdbdc12000 	C:\Windows\System32\bcryptPrimitives.dll
0x00007ffd69410000 - 0x00007ffd6942f000 	C:\Program Files\Java\jdk-21\bin\java.dll
0x00007ffdbdfd0000 - 0x00007ffdbe73b000 	C:\Windows\System32\SHELL32.dll
0x00007ffdbb570000 - 0x00007ffdbbd0e000 	C:\Windows\SYSTEM32\windows.storage.dll
0x00007ffdbece0000 - 0x00007ffdbf033000 	C:\Windows\System32\combase.dll
0x00007ffdbce60000 - 0x00007ffdbce8e000 	C:\Windows\SYSTEM32\Wldp.dll
0x00007ffdbe7a0000 - 0x00007ffdbe86d000 	C:\Windows\System32\OLEAUT32.dll
0x00007ffdbe870000 - 0x00007ffdbe91d000 	C:\Windows\System32\SHCORE.dll
0x00007ffdbe740000 - 0x00007ffdbe795000 	C:\Windows\System32\shlwapi.dll
0x00007ffdbd3d0000 - 0x00007ffdbd3f5000 	C:\Windows\SYSTEM32\profapi.dll
0x00007ffd6bac0000 - 0x00007ffd6bb97000 	C:\Program Files\Java\jdk-21\bin\jsvml.dll
0x00007ffda2830000 - 0x00007ffda2840000 	C:\Program Files\Java\jdk-21\bin\net.dll
0x00007ffdb59f0000 - 0x00007ffdb5afa000 	C:\Windows\SYSTEM32\WINHTTP.dll
0x00007ffdbcb60000 - 0x00007ffdbcbca000 	C:\Windows\system32\mswsock.dll
0x00007ffd832b0000 - 0x00007ffd832c6000 	C:\Program Files\Java\jdk-21\bin\nio.dll
0x00007ffd7c660000 - 0x00007ffd7c678000 	C:\Program Files\Java\jdk-21\bin\zip.dll
0x00007ffd69070000 - 0x00007ffd691ff000 	C:\Program Files\Java\jdk-21\bin\awt.dll
0x00007ffdbad00000 - 0x00007ffdbad90000 	C:\Windows\SYSTEM32\apphelp.dll
0x00007ffdbb080000 - 0x00007ffdbb0af000 	C:\Windows\system32\DWMAPI.DLL
0x00007ffdbaea0000 - 0x00007ffdbaf3e000 	C:\Windows\system32\uxtheme.dll
0x00007ffdaadf0000 - 0x00007ffdaaf15000 	C:\Windows\system32\opengl32.dll
0x00007ffdaad90000 - 0x00007ffdaadbc000 	C:\Windows\SYSTEM32\GLU32.dll
0x00007ffdbf830000 - 0x00007ffdbf945000 	C:\Windows\System32\MSCTF.dll
0x00007ffdbead0000 - 0x00007ffdbebfb000 	C:\Windows\System32\ole32.dll

dbghelp: loaded successfully - version: 4.0.5 - missing functions: none
symbol engine: initialized successfully - sym options: 0x614 - pdb path: .;C:\Program Files\Java\jdk-21\bin;C:\Windows\SYSTEM32;C:\Windows\WinSxS\amd64_microsoft.windows.common-controls_6595b64144ccf1df_6.0.19041.3636_none_60b6a03d71f818d5;C:\Program Files\Java\jdk-21\bin\server

VM Arguments:
jvm_args: -Dfile.encoding=UTF-8 --module-path=C:\Users\Sandy\Documents\NetBeansProjects\Bank Management system\build\classes 
java_command: bank.management.system.SignupTwo
java_class_path (initial): C:\Users\Sandy\Documents\smital\Project Related\jcalendar-tz-1.3.3-4.jar;C:\Users\Sandy\Documents\smital\Sorftwares\mysql-connector-j-8.3.0;C:\Users\Sandy\Documents\smital\Sorftwares\mysql-connector-j-8.3.0\mysql-connector-j-8.3.0.jar;C:\Users\Sandy\Documents\NetBeansProjects\Bank Management system\build\classes
Launcher Type: SUN_STANDARD

[Global flags]
     intx CICompilerCount                          = 3                                         {product} {ergonomic}
     uint ConcGCThreads                            = 1                                         {product} {ergonomic}
     uint G1ConcRefinementThreads                  = 4                                         {product} {ergonomic}
   size_t G1HeapRegionSize                         = 2097152                                   {product} {ergonomic}
    uintx GCDrainStackTargetSize                   = 64                                        {product} {ergonomic}
   size_t InitialHeapSize                          = 268435456                                 {product} {ergonomic}
   size_t MarkStackSize                            = 4194304                                   {product} {ergonomic}
   size_t MaxHeapSize                              = 4265607168                                {product} {ergonomic}
   size_t MaxNewSize                               = 2558525440                                {product} {ergonomic}
   size_t MinHeapDeltaBytes                        = 2097152                                   {product} {ergonomic}
   size_t MinHeapSize                              = 8388608                                   {product} {ergonomic}
    uintx NonNMethodCodeHeapSize                   = 5832780                                {pd product} {ergonomic}
    uintx NonProfiledCodeHeapSize                  = 122912730                              {pd product} {ergonomic}
    uintx ProfiledCodeHeapSize                     = 122912730                              {pd product} {ergonomic}
    uintx ReservedCodeCacheSize                    = 251658240                              {pd product} {ergonomic}
     bool SegmentedCodeCache                       = true                                      {product} {ergonomic}
   size_t SoftMaxHeapSize                          = 4265607168                             {manageable} {ergonomic}
     bool UseCompressedOops                        = true                           {product lp64_product} {ergonomic}
     bool UseG1GC                                  = true                                      {product} {ergonomic}
     bool UseLargePagesIndividualAllocation        = false                                  {pd product} {ergonomic}

Logging:
Log output configuration:
 #0: stdout all=warning uptime,level,tags foldmultilines=false
 #1: stderr all=off uptime,level,tags foldmultilines=false

Environment Variables:
PATH=C:\Program Files\Common Files\Oracle\Java\javapath;C:\Windows\system32;C:\Windows;C:\Windows\System32\Wbem;C:\Windows\System32\WindowsPowerShell\v1.0\;C:\Windows\System32\OpenSSH\;C:\MinGW\bin;C:\Program Files\Java\jdk-21\bin;C:\Users\Sandy\AppData\Local\Programs\Python\Python312\Scripts\;C:\Users\Sandy\AppData\Local\Programs\Python\Python312\;C:\Program Files\MySQL\MySQL Shell 8.0\bin\;C:\Users\Sandy\AppData\Local\Microsoft\WindowsApps;;C:\Users\Sandy\AppData\Local\Programs\Microsoft VS Code\bin
USERNAME=Raj
OS=Windows_NT
PROCESSOR_IDENTIFIER=Intel64 Family 6 Model 94 Stepping 3, GenuineIntel
TMP=C:\Users\Sandy\AppData\Local\Temp
TEMP=C:\Users\Sandy\AppData\Local\Temp




Periodic native trim disabled

---------------  S Y S T E M  ---------------

OS:
 Windows 10 , 64 bit Build 19041 (10.0.19041.3636)
OS uptime: 2 days 17:05 hours

CPU: total 4 (initial active 4) (4 cores per cpu, 1 threads per core) family 6 model 94 stepping 3 microcode 0xcc, cx8, cmov, fxsr, mmx, 3dnowpref, sse, sse2, sse3, ssse3, sse4.1, sse4.2, popcnt, lzcnt, tsc, tscinvbit, avx, avx2, aes, erms, clmul, bmi1, bmi2, rtm, adx, fma, vzeroupper, clflush, clflushopt, rdtscp, f16c
Processor Information for all 4 processors :
  Max Mhz: 3192, Current Mhz: 3192, Mhz Limit: 3192

Memory: 4k page, system-wide physical 16267M (8249M free)
TotalPageFile size 31460M (AvailPageFile size 5M)
current process WorkingSet (physical memory assigned to process): 50M, peak: 50M
current process commit charge ("private bytes"): 339M, peak: 339M

vm_info: Java HotSpot(TM) 64-Bit Server VM (21.0.2+13-LTS-58) for windows-amd64 JRE (21.0.2+13-LTS-58), built on 2024-01-05T18:32:24Z by "mach5one" with MS VC++ 17.1 (VS2022)

END.
